ARM GAS  C:\Users\RECEPC~1\AppData\Local\Temp\ccBkORGa.s 			page 1


   1              		.syntax unified
   2              		.cpu cortex-m3
   3              		.fpu softvfp
   4              		.eabi_attribute 20, 1
   5              		.eabi_attribute 21, 1
   6              		.eabi_attribute 23, 3
   7              		.eabi_attribute 24, 1
   8              		.eabi_attribute 25, 1
   9              		.eabi_attribute 26, 1
  10              		.eabi_attribute 30, 1
  11              		.eabi_attribute 34, 1
  12              		.eabi_attribute 18, 4
  13              		.thumb
  14              		.file	"Bootloadable_1.c"
  15              		.text
  16              	.Ltext0:
  17              		.cfi_sections	.debug_frame
  18              		.section	.text.Bootloadable_1_Load,"ax",%progbits
  19              		.align	2
  20              		.global	Bootloadable_1_Load
  21              		.thumb
  22              		.thumb_func
  23              		.type	Bootloadable_1_Load, %function
  24              	Bootloadable_1_Load:
  25              	.LFB0:
  26              		.file 1 ".\\Generated_Source\\PSoC5\\Bootloadable_1.c"
   1:.\Generated_Source\PSoC5/Bootloadable_1.c **** /*******************************************************************************
   2:.\Generated_Source\PSoC5/Bootloadable_1.c **** * File Name: Bootloadable_1.c
   3:.\Generated_Source\PSoC5/Bootloadable_1.c **** * Version 1.30
   4:.\Generated_Source\PSoC5/Bootloadable_1.c **** *
   5:.\Generated_Source\PSoC5/Bootloadable_1.c **** *  Description:
   6:.\Generated_Source\PSoC5/Bootloadable_1.c **** *   Provides an API for the Bootloadable application. The API includes a
   7:.\Generated_Source\PSoC5/Bootloadable_1.c **** *   single function for starting the bootloader.
   8:.\Generated_Source\PSoC5/Bootloadable_1.c **** *
   9:.\Generated_Source\PSoC5/Bootloadable_1.c **** ********************************************************************************
  10:.\Generated_Source\PSoC5/Bootloadable_1.c **** * Copyright 2008-2014, Cypress Semiconductor Corporation.  All rights reserved.
  11:.\Generated_Source\PSoC5/Bootloadable_1.c **** * You may use this file only in accordance with the license, terms, conditions,
  12:.\Generated_Source\PSoC5/Bootloadable_1.c **** * disclaimers, and limitations in the end user license agreement accompanying
  13:.\Generated_Source\PSoC5/Bootloadable_1.c **** * the software package with which this file was provided.
  14:.\Generated_Source\PSoC5/Bootloadable_1.c **** *******************************************************************************/
  15:.\Generated_Source\PSoC5/Bootloadable_1.c **** 
  16:.\Generated_Source\PSoC5/Bootloadable_1.c **** #include "Bootloadable_1.h"
  17:.\Generated_Source\PSoC5/Bootloadable_1.c **** 
  18:.\Generated_Source\PSoC5/Bootloadable_1.c **** 
  19:.\Generated_Source\PSoC5/Bootloadable_1.c **** /*******************************************************************************
  20:.\Generated_Source\PSoC5/Bootloadable_1.c **** * Function Name: Bootloadable_1_Load
  21:.\Generated_Source\PSoC5/Bootloadable_1.c **** ********************************************************************************
  22:.\Generated_Source\PSoC5/Bootloadable_1.c **** * Summary:
  23:.\Generated_Source\PSoC5/Bootloadable_1.c **** *  Begins the bootloading algorithm downloading a new ACD image from the host.
  24:.\Generated_Source\PSoC5/Bootloadable_1.c **** *
  25:.\Generated_Source\PSoC5/Bootloadable_1.c **** * Parameters:
  26:.\Generated_Source\PSoC5/Bootloadable_1.c **** *  None
  27:.\Generated_Source\PSoC5/Bootloadable_1.c **** *
  28:.\Generated_Source\PSoC5/Bootloadable_1.c **** * Returns:
  29:.\Generated_Source\PSoC5/Bootloadable_1.c **** *  This method will never return. It will load a new application and reset
  30:.\Generated_Source\PSoC5/Bootloadable_1.c **** *  the device.
  31:.\Generated_Source\PSoC5/Bootloadable_1.c **** *
ARM GAS  C:\Users\RECEPC~1\AppData\Local\Temp\ccBkORGa.s 			page 2


  32:.\Generated_Source\PSoC5/Bootloadable_1.c **** *******************************************************************************/
  33:.\Generated_Source\PSoC5/Bootloadable_1.c **** void Bootloadable_1_Load(void) 
  34:.\Generated_Source\PSoC5/Bootloadable_1.c **** {
  27              		.loc 1 34 0
  28              		.cfi_startproc
  29              		@ args = 0, pretend = 0, frame = 0
  30              		@ frame_needed = 0, uses_anonymous_args = 0
  31 0000 08B5     		push	{r3, lr}
  32              		.cfi_def_cfa_offset 8
  33              		.cfi_offset 3, -8
  34              		.cfi_offset 14, -4
  35:.\Generated_Source\PSoC5/Bootloadable_1.c ****     /* Schedule Bootloader to start after reset */
  36:.\Generated_Source\PSoC5/Bootloadable_1.c ****     Bootloadable_1_SET_RUN_TYPE(Bootloadable_1_START_BTLDR);
  35              		.loc 1 36 0
  36 0002 4022     		movs	r2, #64
  37 0004 024B     		ldr	r3, .L2
  38 0006 1A70     		strb	r2, [r3]
  37:.\Generated_Source\PSoC5/Bootloadable_1.c **** 
  38:.\Generated_Source\PSoC5/Bootloadable_1.c ****     CySoftwareReset();
  39              		.loc 1 38 0
  40 0008 FFF7FEFF 		bl	CySoftwareReset
  41              	.LVL0:
  42 000c 08BD     		pop	{r3, pc}
  43              	.L3:
  44 000e 00BF     		.align	2
  45              	.L2:
  46 0010 FA460040 		.word	1073759994
  47              		.cfi_endproc
  48              	.LFE0:
  49              		.size	Bootloadable_1_Load, .-Bootloadable_1_Load
  50              		.section	.text.Bootloadable_1_SetFlashByte,"ax",%progbits
  51              		.align	2
  52              		.global	Bootloadable_1_SetFlashByte
  53              		.thumb
  54              		.thumb_func
  55              		.type	Bootloadable_1_SetFlashByte, %function
  56              	Bootloadable_1_SetFlashByte:
  57              	.LFB1:
  39:.\Generated_Source\PSoC5/Bootloadable_1.c **** }
  40:.\Generated_Source\PSoC5/Bootloadable_1.c **** 
  41:.\Generated_Source\PSoC5/Bootloadable_1.c **** 
  42:.\Generated_Source\PSoC5/Bootloadable_1.c **** /*******************************************************************************
  43:.\Generated_Source\PSoC5/Bootloadable_1.c **** * The following code is OBSOLETE and must not be used.
  44:.\Generated_Source\PSoC5/Bootloadable_1.c **** *******************************************************************************/
  45:.\Generated_Source\PSoC5/Bootloadable_1.c **** void Bootloadable_1_SetFlashByte(uint32 address, uint8 runType) 
  46:.\Generated_Source\PSoC5/Bootloadable_1.c **** {
  58              		.loc 1 46 0
  59              		.cfi_startproc
  60              		@ args = 0, pretend = 0, frame = 256
  61              		@ frame_needed = 0, uses_anonymous_args = 0
  62              	.LVL1:
  63 0000 70B5     		push	{r4, r5, r6, lr}
  64              		.cfi_def_cfa_offset 16
  65              		.cfi_offset 4, -16
  66              		.cfi_offset 5, -12
  67              		.cfi_offset 6, -8
  68              		.cfi_offset 14, -4
ARM GAS  C:\Users\RECEPC~1\AppData\Local\Temp\ccBkORGa.s 			page 3


  69 0002 C0B0     		sub	sp, sp, #256
  70              		.cfi_def_cfa_offset 272
  71 0004 0E46     		mov	r6, r1
  72              	.LVL2:
  47:.\Generated_Source\PSoC5/Bootloadable_1.c ****     uint32 flsAddr = address - CYDEV_FLASH_BASE;
  48:.\Generated_Source\PSoC5/Bootloadable_1.c ****     uint8  rowData[CYDEV_FLS_ROW_SIZE];
  49:.\Generated_Source\PSoC5/Bootloadable_1.c **** 
  50:.\Generated_Source\PSoC5/Bootloadable_1.c ****     #if !(CY_PSOC4)
  51:.\Generated_Source\PSoC5/Bootloadable_1.c ****         uint8 arrayId = ( uint8 )(flsAddr / CYDEV_FLS_SECTOR_SIZE);
  73              		.loc 1 51 0
  74 0006 C0F30745 		ubfx	r5, r0, #16, #8
  75              	.LVL3:
  52:.\Generated_Source\PSoC5/Bootloadable_1.c ****     #endif  /* !(CY_PSOC4) */
  53:.\Generated_Source\PSoC5/Bootloadable_1.c **** 
  54:.\Generated_Source\PSoC5/Bootloadable_1.c ****     #if (CY_PSOC4)
  55:.\Generated_Source\PSoC5/Bootloadable_1.c ****         uint16 rowNum = ( uint16 )(flsAddr / CYDEV_FLS_ROW_SIZE);
  56:.\Generated_Source\PSoC5/Bootloadable_1.c ****     #else
  57:.\Generated_Source\PSoC5/Bootloadable_1.c ****         uint16 rowNum = ( uint16 )((flsAddr % CYDEV_FLS_SECTOR_SIZE) / CYDEV_FLS_ROW_SIZE);
  76              		.loc 1 57 0
  77 000a C0F30721 		ubfx	r1, r0, #8, #8
  78              	.LVL4:
  58:.\Generated_Source\PSoC5/Bootloadable_1.c ****     #endif  /* (CY_PSOC4) */
  59:.\Generated_Source\PSoC5/Bootloadable_1.c **** 
  60:.\Generated_Source\PSoC5/Bootloadable_1.c ****     uint32 baseAddr = address - (address % CYDEV_FLS_ROW_SIZE);
  79              		.loc 1 60 0
  80 000e 20F0FF04 		bic	r4, r0, #255
  81              	.LVL5:
  61:.\Generated_Source\PSoC5/Bootloadable_1.c ****     uint16 idx;
  62:.\Generated_Source\PSoC5/Bootloadable_1.c **** 
  63:.\Generated_Source\PSoC5/Bootloadable_1.c **** 
  64:.\Generated_Source\PSoC5/Bootloadable_1.c ****     for (idx = 0u; idx < CYDEV_FLS_ROW_SIZE; idx++)
  82              		.loc 1 64 0
  83 0012 0023     		movs	r3, #0
  84 0014 04E0     		b	.L5
  85              	.LVL6:
  86              	.L6:
  65:.\Generated_Source\PSoC5/Bootloadable_1.c ****     {
  66:.\Generated_Source\PSoC5/Bootloadable_1.c ****         rowData[idx] = Bootloadable_1_GET_CODE_DATA(baseAddr + idx);
  87              		.loc 1 66 0 discriminator 2
  88 0016 1A5D     		ldrb	r2, [r3, r4]	@ zero_extendqisi2
  89 0018 0DF80320 		strb	r2, [sp, r3]
  64:.\Generated_Source\PSoC5/Bootloadable_1.c ****     for (idx = 0u; idx < CYDEV_FLS_ROW_SIZE; idx++)
  90              		.loc 1 64 0 discriminator 2
  91 001c 0133     		adds	r3, r3, #1
  92              	.LVL7:
  93 001e 9BB2     		uxth	r3, r3
  94              	.LVL8:
  95              	.L5:
  64:.\Generated_Source\PSoC5/Bootloadable_1.c ****     for (idx = 0u; idx < CYDEV_FLS_ROW_SIZE; idx++)
  96              		.loc 1 64 0 is_stmt 0 discriminator 1
  97 0020 FF2B     		cmp	r3, #255
  98 0022 F8D9     		bls	.L6
  67:.\Generated_Source\PSoC5/Bootloadable_1.c ****     }
  68:.\Generated_Source\PSoC5/Bootloadable_1.c ****     rowData[address % CYDEV_FLS_ROW_SIZE] = runType;
  99              		.loc 1 68 0 is_stmt 1
 100 0024 C0B2     		uxtb	r0, r0
 101              	.LVL9:
ARM GAS  C:\Users\RECEPC~1\AppData\Local\Temp\ccBkORGa.s 			page 4


 102 0026 0DF80060 		strb	r6, [sp, r0]
  69:.\Generated_Source\PSoC5/Bootloadable_1.c **** 
  70:.\Generated_Source\PSoC5/Bootloadable_1.c ****     #if(CY_PSOC4)
  71:.\Generated_Source\PSoC5/Bootloadable_1.c ****         (void) CySysFlashWriteRow((uint32) rowNum, rowData);
  72:.\Generated_Source\PSoC5/Bootloadable_1.c ****     #else
  73:.\Generated_Source\PSoC5/Bootloadable_1.c ****         (void) CyWriteRowData(arrayId, rowNum, rowData);
 103              		.loc 1 73 0
 104 002a 2846     		mov	r0, r5
 105 002c 6A46     		mov	r2, sp
 106 002e FFF7FEFF 		bl	CyWriteRowData
 107              	.LVL10:
  74:.\Generated_Source\PSoC5/Bootloadable_1.c ****     #endif  /* (CY_PSOC4) */
  75:.\Generated_Source\PSoC5/Bootloadable_1.c **** 
  76:.\Generated_Source\PSoC5/Bootloadable_1.c ****     #if(CY_PSOC5)
  77:.\Generated_Source\PSoC5/Bootloadable_1.c ****         /***************************************************************************
  78:.\Generated_Source\PSoC5/Bootloadable_1.c ****         * When writing Flash, data in the instruction cache can become stale.
  79:.\Generated_Source\PSoC5/Bootloadable_1.c ****         * Therefore, the cache data does not correlate to the data just written to
  80:.\Generated_Source\PSoC5/Bootloadable_1.c ****         * Flash. A call to CyFlushCache() is required to invalidate the data in the
  81:.\Generated_Source\PSoC5/Bootloadable_1.c ****         * cache and force fresh information to be loaded from Flash.
  82:.\Generated_Source\PSoC5/Bootloadable_1.c ****         ***************************************************************************/
  83:.\Generated_Source\PSoC5/Bootloadable_1.c ****         CyFlushCache();
 108              		.loc 1 83 0
 109 0032 FFF7FEFF 		bl	CyFlushCache
 110              	.LVL11:
  84:.\Generated_Source\PSoC5/Bootloadable_1.c ****     #endif /* (CY_PSOC5) */
  85:.\Generated_Source\PSoC5/Bootloadable_1.c **** }
 111              		.loc 1 85 0
 112 0036 40B0     		add	sp, sp, #256
 113              		@ sp needed
 114 0038 70BD     		pop	{r4, r5, r6, pc}
 115              		.cfi_endproc
 116              	.LFE1:
 117              		.size	Bootloadable_1_SetFlashByte, .-Bootloadable_1_SetFlashByte
 118 003a 00BF     		.text
 119              	.Letext0:
 120              		.file 2 ".\\Generated_Source\\PSoC5\\cytypes.h"
 121              		.file 3 ".\\Generated_Source\\PSoC5\\CyLib.h"
 122              		.file 4 ".\\Generated_Source\\PSoC5\\CyFlash.h"
 123              		.section	.debug_info,"",%progbits
 124              	.Ldebug_info0:
 125 0000 D6010000 		.4byte	0x1d6
 126 0004 0400     		.2byte	0x4
 127 0006 00000000 		.4byte	.Ldebug_abbrev0
 128 000a 04       		.byte	0x4
 129 000b 01       		.uleb128 0x1
 130 000c 92000000 		.4byte	.LASF29
 131 0010 01       		.byte	0x1
 132 0011 B8010000 		.4byte	.LASF30
 133 0015 29000000 		.4byte	.LASF31
 134 0019 00000000 		.4byte	.Ldebug_ranges0+0
 135 001d 00000000 		.4byte	0
 136 0021 00000000 		.4byte	.Ldebug_line0
 137 0025 02       		.uleb128 0x2
 138 0026 01       		.byte	0x1
 139 0027 06       		.byte	0x6
 140 0028 FB010000 		.4byte	.LASF0
 141 002c 02       		.uleb128 0x2
ARM GAS  C:\Users\RECEPC~1\AppData\Local\Temp\ccBkORGa.s 			page 5


 142 002d 01       		.byte	0x1
 143 002e 08       		.byte	0x8
 144 002f 65000000 		.4byte	.LASF1
 145 0033 02       		.uleb128 0x2
 146 0034 02       		.byte	0x2
 147 0035 05       		.byte	0x5
 148 0036 AE010000 		.4byte	.LASF2
 149 003a 02       		.uleb128 0x2
 150 003b 02       		.byte	0x2
 151 003c 07       		.byte	0x7
 152 003d 10000000 		.4byte	.LASF3
 153 0041 02       		.uleb128 0x2
 154 0042 04       		.byte	0x4
 155 0043 05       		.byte	0x5
 156 0044 F2010000 		.4byte	.LASF4
 157 0048 02       		.uleb128 0x2
 158 0049 04       		.byte	0x4
 159 004a 07       		.byte	0x7
 160 004b 80000000 		.4byte	.LASF5
 161 004f 02       		.uleb128 0x2
 162 0050 08       		.byte	0x8
 163 0051 05       		.byte	0x5
 164 0052 9B010000 		.4byte	.LASF6
 165 0056 02       		.uleb128 0x2
 166 0057 08       		.byte	0x8
 167 0058 07       		.byte	0x7
 168 0059 6A010000 		.4byte	.LASF7
 169 005d 03       		.uleb128 0x3
 170 005e 04       		.byte	0x4
 171 005f 05       		.byte	0x5
 172 0060 696E7400 		.ascii	"int\000"
 173 0064 02       		.uleb128 0x2
 174 0065 04       		.byte	0x4
 175 0066 07       		.byte	0x7
 176 0067 39010000 		.4byte	.LASF8
 177 006b 04       		.uleb128 0x4
 178 006c 0E010000 		.4byte	.LASF9
 179 0070 02       		.byte	0x2
 180 0071 B4       		.byte	0xb4
 181 0072 2C000000 		.4byte	0x2c
 182 0076 04       		.uleb128 0x4
 183 0077 2B010000 		.4byte	.LASF10
 184 007b 02       		.byte	0x2
 185 007c B5       		.byte	0xb5
 186 007d 3A000000 		.4byte	0x3a
 187 0081 04       		.uleb128 0x4
 188 0082 32010000 		.4byte	.LASF11
 189 0086 02       		.byte	0x2
 190 0087 B6       		.byte	0xb6
 191 0088 48000000 		.4byte	0x48
 192 008c 02       		.uleb128 0x2
 193 008d 04       		.byte	0x4
 194 008e 04       		.byte	0x4
 195 008f 23000000 		.4byte	.LASF12
 196 0093 02       		.uleb128 0x2
 197 0094 08       		.byte	0x8
 198 0095 04       		.byte	0x4
ARM GAS  C:\Users\RECEPC~1\AppData\Local\Temp\ccBkORGa.s 			page 6


 199 0096 1C010000 		.4byte	.LASF13
 200 009a 02       		.uleb128 0x2
 201 009b 01       		.byte	0x1
 202 009c 08       		.byte	0x8
 203 009d A9010000 		.4byte	.LASF14
 204 00a1 05       		.uleb128 0x5
 205 00a2 00000000 		.4byte	.LASF15
 206 00a6 02       		.byte	0x2
 207 00a7 5601     		.2byte	0x156
 208 00a9 48000000 		.4byte	0x48
 209 00ad 05       		.uleb128 0x5
 210 00ae 7B000000 		.4byte	.LASF16
 211 00b2 02       		.byte	0x2
 212 00b3 5E01     		.2byte	0x15e
 213 00b5 B9000000 		.4byte	0xb9
 214 00b9 06       		.uleb128 0x6
 215 00ba 6B000000 		.4byte	0x6b
 216 00be 02       		.uleb128 0x2
 217 00bf 04       		.byte	0x4
 218 00c0 07       		.byte	0x7
 219 00c1 92010000 		.4byte	.LASF17
 220 00c5 07       		.uleb128 0x7
 221 00c6 23020000 		.4byte	.LASF18
 222 00ca 01       		.byte	0x1
 223 00cb 21       		.byte	0x21
 224 00cc 00000000 		.4byte	.LFB0
 225 00d0 14000000 		.4byte	.LFE0-.LFB0
 226 00d4 01       		.uleb128 0x1
 227 00d5 9C       		.byte	0x9c
 228 00d6 E4000000 		.4byte	0xe4
 229 00da 08       		.uleb128 0x8
 230 00db 0C000000 		.4byte	.LVL0
 231 00df A1010000 		.4byte	0x1a1
 232 00e3 00       		.byte	0
 233 00e4 07       		.uleb128 0x7
 234 00e5 46010000 		.4byte	.LASF19
 235 00e9 01       		.byte	0x1
 236 00ea 2D       		.byte	0x2d
 237 00eb 00000000 		.4byte	.LFB1
 238 00ef 3A000000 		.4byte	.LFE1-.LFB1
 239 00f3 01       		.uleb128 0x1
 240 00f4 9C       		.byte	0x9c
 241 00f5 91010000 		.4byte	0x191
 242 00f9 09       		.uleb128 0x9
 243 00fa 62010000 		.4byte	.LASF20
 244 00fe 01       		.byte	0x1
 245 00ff 2D       		.byte	0x2d
 246 0100 81000000 		.4byte	0x81
 247 0104 00000000 		.4byte	.LLST0
 248 0108 09       		.uleb128 0x9
 249 0109 81010000 		.4byte	.LASF21
 250 010d 01       		.byte	0x1
 251 010e 2D       		.byte	0x2d
 252 010f 6B000000 		.4byte	0x6b
 253 0113 21000000 		.4byte	.LLST1
 254 0117 0A       		.uleb128 0xa
 255 0118 23010000 		.4byte	.LASF22
ARM GAS  C:\Users\RECEPC~1\AppData\Local\Temp\ccBkORGa.s 			page 7


 256 011c 01       		.byte	0x1
 257 011d 2F       		.byte	0x2f
 258 011e 81000000 		.4byte	0x81
 259 0122 42000000 		.4byte	.LLST2
 260 0126 0B       		.uleb128 0xb
 261 0127 73000000 		.4byte	.LASF23
 262 012b 01       		.byte	0x1
 263 012c 30       		.byte	0x30
 264 012d 91010000 		.4byte	0x191
 265 0131 03       		.uleb128 0x3
 266 0132 91       		.byte	0x91
 267 0133 F07D     		.sleb128 -272
 268 0135 0B       		.uleb128 0xb
 269 0136 14010000 		.4byte	.LASF24
 270 013a 01       		.byte	0x1
 271 013b 33       		.byte	0x33
 272 013c 6B000000 		.4byte	0x6b
 273 0140 01       		.uleb128 0x1
 274 0141 55       		.byte	0x55
 275 0142 0A       		.uleb128 0xa
 276 0143 09000000 		.4byte	.LASF25
 277 0147 01       		.byte	0x1
 278 0148 39       		.byte	0x39
 279 0149 76000000 		.4byte	0x76
 280 014d 63000000 		.4byte	.LLST3
 281 0151 0B       		.uleb128 0xb
 282 0152 89010000 		.4byte	.LASF26
 283 0156 01       		.byte	0x1
 284 0157 3C       		.byte	0x3c
 285 0158 81000000 		.4byte	0x81
 286 015c 01       		.uleb128 0x1
 287 015d 54       		.byte	0x54
 288 015e 0C       		.uleb128 0xc
 289 015f 69647800 		.ascii	"idx\000"
 290 0163 01       		.byte	0x1
 291 0164 3D       		.byte	0x3d
 292 0165 76000000 		.4byte	0x76
 293 0169 8A000000 		.4byte	.LLST4
 294 016d 0D       		.uleb128 0xd
 295 016e 32000000 		.4byte	.LVL10
 296 0172 A8010000 		.4byte	0x1a8
 297 0176 87010000 		.4byte	0x187
 298 017a 0E       		.uleb128 0xe
 299 017b 01       		.uleb128 0x1
 300 017c 52       		.byte	0x52
 301 017d 02       		.uleb128 0x2
 302 017e 7D       		.byte	0x7d
 303 017f 00       		.sleb128 0
 304 0180 0E       		.uleb128 0xe
 305 0181 01       		.uleb128 0x1
 306 0182 50       		.byte	0x50
 307 0183 02       		.uleb128 0x2
 308 0184 75       		.byte	0x75
 309 0185 00       		.sleb128 0
 310 0186 00       		.byte	0
 311 0187 08       		.uleb128 0x8
 312 0188 36000000 		.4byte	.LVL11
ARM GAS  C:\Users\RECEPC~1\AppData\Local\Temp\ccBkORGa.s 			page 8


 313 018c D2010000 		.4byte	0x1d2
 314 0190 00       		.byte	0
 315 0191 0F       		.uleb128 0xf
 316 0192 6B000000 		.4byte	0x6b
 317 0196 A1010000 		.4byte	0x1a1
 318 019a 10       		.uleb128 0x10
 319 019b BE000000 		.4byte	0xbe
 320 019f FF       		.byte	0xff
 321 01a0 00       		.byte	0
 322 01a1 11       		.uleb128 0x11
 323 01a2 E2010000 		.4byte	.LASF27
 324 01a6 03       		.byte	0x3
 325 01a7 7C       		.byte	0x7c
 326 01a8 12       		.uleb128 0x12
 327 01a9 14020000 		.4byte	.LASF32
 328 01ad 04       		.byte	0x4
 329 01ae 4A       		.byte	0x4a
 330 01af A1000000 		.4byte	0xa1
 331 01b3 C7010000 		.4byte	0x1c7
 332 01b7 13       		.uleb128 0x13
 333 01b8 6B000000 		.4byte	0x6b
 334 01bc 13       		.uleb128 0x13
 335 01bd 76000000 		.4byte	0x76
 336 01c1 13       		.uleb128 0x13
 337 01c2 C7010000 		.4byte	0x1c7
 338 01c6 00       		.byte	0
 339 01c7 14       		.uleb128 0x14
 340 01c8 04       		.byte	0x4
 341 01c9 CD010000 		.4byte	0x1cd
 342 01cd 15       		.uleb128 0x15
 343 01ce 6B000000 		.4byte	0x6b
 344 01d2 11       		.uleb128 0x11
 345 01d3 07020000 		.4byte	.LASF28
 346 01d7 03       		.byte	0x3
 347 01d8 96       		.byte	0x96
 348 01d9 00       		.byte	0
 349              		.section	.debug_abbrev,"",%progbits
 350              	.Ldebug_abbrev0:
 351 0000 01       		.uleb128 0x1
 352 0001 11       		.uleb128 0x11
 353 0002 01       		.byte	0x1
 354 0003 25       		.uleb128 0x25
 355 0004 0E       		.uleb128 0xe
 356 0005 13       		.uleb128 0x13
 357 0006 0B       		.uleb128 0xb
 358 0007 03       		.uleb128 0x3
 359 0008 0E       		.uleb128 0xe
 360 0009 1B       		.uleb128 0x1b
 361 000a 0E       		.uleb128 0xe
 362 000b 55       		.uleb128 0x55
 363 000c 17       		.uleb128 0x17
 364 000d 11       		.uleb128 0x11
 365 000e 01       		.uleb128 0x1
 366 000f 10       		.uleb128 0x10
 367 0010 17       		.uleb128 0x17
 368 0011 00       		.byte	0
 369 0012 00       		.byte	0
ARM GAS  C:\Users\RECEPC~1\AppData\Local\Temp\ccBkORGa.s 			page 9


 370 0013 02       		.uleb128 0x2
 371 0014 24       		.uleb128 0x24
 372 0015 00       		.byte	0
 373 0016 0B       		.uleb128 0xb
 374 0017 0B       		.uleb128 0xb
 375 0018 3E       		.uleb128 0x3e
 376 0019 0B       		.uleb128 0xb
 377 001a 03       		.uleb128 0x3
 378 001b 0E       		.uleb128 0xe
 379 001c 00       		.byte	0
 380 001d 00       		.byte	0
 381 001e 03       		.uleb128 0x3
 382 001f 24       		.uleb128 0x24
 383 0020 00       		.byte	0
 384 0021 0B       		.uleb128 0xb
 385 0022 0B       		.uleb128 0xb
 386 0023 3E       		.uleb128 0x3e
 387 0024 0B       		.uleb128 0xb
 388 0025 03       		.uleb128 0x3
 389 0026 08       		.uleb128 0x8
 390 0027 00       		.byte	0
 391 0028 00       		.byte	0
 392 0029 04       		.uleb128 0x4
 393 002a 16       		.uleb128 0x16
 394 002b 00       		.byte	0
 395 002c 03       		.uleb128 0x3
 396 002d 0E       		.uleb128 0xe
 397 002e 3A       		.uleb128 0x3a
 398 002f 0B       		.uleb128 0xb
 399 0030 3B       		.uleb128 0x3b
 400 0031 0B       		.uleb128 0xb
 401 0032 49       		.uleb128 0x49
 402 0033 13       		.uleb128 0x13
 403 0034 00       		.byte	0
 404 0035 00       		.byte	0
 405 0036 05       		.uleb128 0x5
 406 0037 16       		.uleb128 0x16
 407 0038 00       		.byte	0
 408 0039 03       		.uleb128 0x3
 409 003a 0E       		.uleb128 0xe
 410 003b 3A       		.uleb128 0x3a
 411 003c 0B       		.uleb128 0xb
 412 003d 3B       		.uleb128 0x3b
 413 003e 05       		.uleb128 0x5
 414 003f 49       		.uleb128 0x49
 415 0040 13       		.uleb128 0x13
 416 0041 00       		.byte	0
 417 0042 00       		.byte	0
 418 0043 06       		.uleb128 0x6
 419 0044 35       		.uleb128 0x35
 420 0045 00       		.byte	0
 421 0046 49       		.uleb128 0x49
 422 0047 13       		.uleb128 0x13
 423 0048 00       		.byte	0
 424 0049 00       		.byte	0
 425 004a 07       		.uleb128 0x7
 426 004b 2E       		.uleb128 0x2e
ARM GAS  C:\Users\RECEPC~1\AppData\Local\Temp\ccBkORGa.s 			page 10


 427 004c 01       		.byte	0x1
 428 004d 3F       		.uleb128 0x3f
 429 004e 19       		.uleb128 0x19
 430 004f 03       		.uleb128 0x3
 431 0050 0E       		.uleb128 0xe
 432 0051 3A       		.uleb128 0x3a
 433 0052 0B       		.uleb128 0xb
 434 0053 3B       		.uleb128 0x3b
 435 0054 0B       		.uleb128 0xb
 436 0055 27       		.uleb128 0x27
 437 0056 19       		.uleb128 0x19
 438 0057 11       		.uleb128 0x11
 439 0058 01       		.uleb128 0x1
 440 0059 12       		.uleb128 0x12
 441 005a 06       		.uleb128 0x6
 442 005b 40       		.uleb128 0x40
 443 005c 18       		.uleb128 0x18
 444 005d 9742     		.uleb128 0x2117
 445 005f 19       		.uleb128 0x19
 446 0060 01       		.uleb128 0x1
 447 0061 13       		.uleb128 0x13
 448 0062 00       		.byte	0
 449 0063 00       		.byte	0
 450 0064 08       		.uleb128 0x8
 451 0065 898201   		.uleb128 0x4109
 452 0068 00       		.byte	0
 453 0069 11       		.uleb128 0x11
 454 006a 01       		.uleb128 0x1
 455 006b 31       		.uleb128 0x31
 456 006c 13       		.uleb128 0x13
 457 006d 00       		.byte	0
 458 006e 00       		.byte	0
 459 006f 09       		.uleb128 0x9
 460 0070 05       		.uleb128 0x5
 461 0071 00       		.byte	0
 462 0072 03       		.uleb128 0x3
 463 0073 0E       		.uleb128 0xe
 464 0074 3A       		.uleb128 0x3a
 465 0075 0B       		.uleb128 0xb
 466 0076 3B       		.uleb128 0x3b
 467 0077 0B       		.uleb128 0xb
 468 0078 49       		.uleb128 0x49
 469 0079 13       		.uleb128 0x13
 470 007a 02       		.uleb128 0x2
 471 007b 17       		.uleb128 0x17
 472 007c 00       		.byte	0
 473 007d 00       		.byte	0
 474 007e 0A       		.uleb128 0xa
 475 007f 34       		.uleb128 0x34
 476 0080 00       		.byte	0
 477 0081 03       		.uleb128 0x3
 478 0082 0E       		.uleb128 0xe
 479 0083 3A       		.uleb128 0x3a
 480 0084 0B       		.uleb128 0xb
 481 0085 3B       		.uleb128 0x3b
 482 0086 0B       		.uleb128 0xb
 483 0087 49       		.uleb128 0x49
ARM GAS  C:\Users\RECEPC~1\AppData\Local\Temp\ccBkORGa.s 			page 11


 484 0088 13       		.uleb128 0x13
 485 0089 02       		.uleb128 0x2
 486 008a 17       		.uleb128 0x17
 487 008b 00       		.byte	0
 488 008c 00       		.byte	0
 489 008d 0B       		.uleb128 0xb
 490 008e 34       		.uleb128 0x34
 491 008f 00       		.byte	0
 492 0090 03       		.uleb128 0x3
 493 0091 0E       		.uleb128 0xe
 494 0092 3A       		.uleb128 0x3a
 495 0093 0B       		.uleb128 0xb
 496 0094 3B       		.uleb128 0x3b
 497 0095 0B       		.uleb128 0xb
 498 0096 49       		.uleb128 0x49
 499 0097 13       		.uleb128 0x13
 500 0098 02       		.uleb128 0x2
 501 0099 18       		.uleb128 0x18
 502 009a 00       		.byte	0
 503 009b 00       		.byte	0
 504 009c 0C       		.uleb128 0xc
 505 009d 34       		.uleb128 0x34
 506 009e 00       		.byte	0
 507 009f 03       		.uleb128 0x3
 508 00a0 08       		.uleb128 0x8
 509 00a1 3A       		.uleb128 0x3a
 510 00a2 0B       		.uleb128 0xb
 511 00a3 3B       		.uleb128 0x3b
 512 00a4 0B       		.uleb128 0xb
 513 00a5 49       		.uleb128 0x49
 514 00a6 13       		.uleb128 0x13
 515 00a7 02       		.uleb128 0x2
 516 00a8 17       		.uleb128 0x17
 517 00a9 00       		.byte	0
 518 00aa 00       		.byte	0
 519 00ab 0D       		.uleb128 0xd
 520 00ac 898201   		.uleb128 0x4109
 521 00af 01       		.byte	0x1
 522 00b0 11       		.uleb128 0x11
 523 00b1 01       		.uleb128 0x1
 524 00b2 31       		.uleb128 0x31
 525 00b3 13       		.uleb128 0x13
 526 00b4 01       		.uleb128 0x1
 527 00b5 13       		.uleb128 0x13
 528 00b6 00       		.byte	0
 529 00b7 00       		.byte	0
 530 00b8 0E       		.uleb128 0xe
 531 00b9 8A8201   		.uleb128 0x410a
 532 00bc 00       		.byte	0
 533 00bd 02       		.uleb128 0x2
 534 00be 18       		.uleb128 0x18
 535 00bf 9142     		.uleb128 0x2111
 536 00c1 18       		.uleb128 0x18
 537 00c2 00       		.byte	0
 538 00c3 00       		.byte	0
 539 00c4 0F       		.uleb128 0xf
 540 00c5 01       		.uleb128 0x1
ARM GAS  C:\Users\RECEPC~1\AppData\Local\Temp\ccBkORGa.s 			page 12


 541 00c6 01       		.byte	0x1
 542 00c7 49       		.uleb128 0x49
 543 00c8 13       		.uleb128 0x13
 544 00c9 01       		.uleb128 0x1
 545 00ca 13       		.uleb128 0x13
 546 00cb 00       		.byte	0
 547 00cc 00       		.byte	0
 548 00cd 10       		.uleb128 0x10
 549 00ce 21       		.uleb128 0x21
 550 00cf 00       		.byte	0
 551 00d0 49       		.uleb128 0x49
 552 00d1 13       		.uleb128 0x13
 553 00d2 2F       		.uleb128 0x2f
 554 00d3 0B       		.uleb128 0xb
 555 00d4 00       		.byte	0
 556 00d5 00       		.byte	0
 557 00d6 11       		.uleb128 0x11
 558 00d7 2E       		.uleb128 0x2e
 559 00d8 00       		.byte	0
 560 00d9 3F       		.uleb128 0x3f
 561 00da 19       		.uleb128 0x19
 562 00db 03       		.uleb128 0x3
 563 00dc 0E       		.uleb128 0xe
 564 00dd 3A       		.uleb128 0x3a
 565 00de 0B       		.uleb128 0xb
 566 00df 3B       		.uleb128 0x3b
 567 00e0 0B       		.uleb128 0xb
 568 00e1 27       		.uleb128 0x27
 569 00e2 19       		.uleb128 0x19
 570 00e3 3C       		.uleb128 0x3c
 571 00e4 19       		.uleb128 0x19
 572 00e5 00       		.byte	0
 573 00e6 00       		.byte	0
 574 00e7 12       		.uleb128 0x12
 575 00e8 2E       		.uleb128 0x2e
 576 00e9 01       		.byte	0x1
 577 00ea 3F       		.uleb128 0x3f
 578 00eb 19       		.uleb128 0x19
 579 00ec 03       		.uleb128 0x3
 580 00ed 0E       		.uleb128 0xe
 581 00ee 3A       		.uleb128 0x3a
 582 00ef 0B       		.uleb128 0xb
 583 00f0 3B       		.uleb128 0x3b
 584 00f1 0B       		.uleb128 0xb
 585 00f2 27       		.uleb128 0x27
 586 00f3 19       		.uleb128 0x19
 587 00f4 49       		.uleb128 0x49
 588 00f5 13       		.uleb128 0x13
 589 00f6 3C       		.uleb128 0x3c
 590 00f7 19       		.uleb128 0x19
 591 00f8 01       		.uleb128 0x1
 592 00f9 13       		.uleb128 0x13
 593 00fa 00       		.byte	0
 594 00fb 00       		.byte	0
 595 00fc 13       		.uleb128 0x13
 596 00fd 05       		.uleb128 0x5
 597 00fe 00       		.byte	0
ARM GAS  C:\Users\RECEPC~1\AppData\Local\Temp\ccBkORGa.s 			page 13


 598 00ff 49       		.uleb128 0x49
 599 0100 13       		.uleb128 0x13
 600 0101 00       		.byte	0
 601 0102 00       		.byte	0
 602 0103 14       		.uleb128 0x14
 603 0104 0F       		.uleb128 0xf
 604 0105 00       		.byte	0
 605 0106 0B       		.uleb128 0xb
 606 0107 0B       		.uleb128 0xb
 607 0108 49       		.uleb128 0x49
 608 0109 13       		.uleb128 0x13
 609 010a 00       		.byte	0
 610 010b 00       		.byte	0
 611 010c 15       		.uleb128 0x15
 612 010d 26       		.uleb128 0x26
 613 010e 00       		.byte	0
 614 010f 49       		.uleb128 0x49
 615 0110 13       		.uleb128 0x13
 616 0111 00       		.byte	0
 617 0112 00       		.byte	0
 618 0113 00       		.byte	0
 619              		.section	.debug_loc,"",%progbits
 620              	.Ldebug_loc0:
 621              	.LLST0:
 622 0000 00000000 		.4byte	.LVL1
 623 0004 26000000 		.4byte	.LVL9
 624 0008 0100     		.2byte	0x1
 625 000a 50       		.byte	0x50
 626 000b 26000000 		.4byte	.LVL9
 627 000f 3A000000 		.4byte	.LFE1
 628 0013 0400     		.2byte	0x4
 629 0015 F3       		.byte	0xf3
 630 0016 01       		.uleb128 0x1
 631 0017 50       		.byte	0x50
 632 0018 9F       		.byte	0x9f
 633 0019 00000000 		.4byte	0
 634 001d 00000000 		.4byte	0
 635              	.LLST1:
 636 0021 00000000 		.4byte	.LVL1
 637 0025 0E000000 		.4byte	.LVL4
 638 0029 0100     		.2byte	0x1
 639 002b 51       		.byte	0x51
 640 002c 0E000000 		.4byte	.LVL4
 641 0030 3A000000 		.4byte	.LFE1
 642 0034 0400     		.2byte	0x4
 643 0036 F3       		.byte	0xf3
 644 0037 01       		.uleb128 0x1
 645 0038 51       		.byte	0x51
 646 0039 9F       		.byte	0x9f
 647 003a 00000000 		.4byte	0
 648 003e 00000000 		.4byte	0
 649              	.LLST2:
 650 0042 06000000 		.4byte	.LVL2
 651 0046 26000000 		.4byte	.LVL9
 652 004a 0100     		.2byte	0x1
 653 004c 50       		.byte	0x50
 654 004d 26000000 		.4byte	.LVL9
ARM GAS  C:\Users\RECEPC~1\AppData\Local\Temp\ccBkORGa.s 			page 14


 655 0051 3A000000 		.4byte	.LFE1
 656 0055 0400     		.2byte	0x4
 657 0057 F3       		.byte	0xf3
 658 0058 01       		.uleb128 0x1
 659 0059 50       		.byte	0x50
 660 005a 9F       		.byte	0x9f
 661 005b 00000000 		.4byte	0
 662 005f 00000000 		.4byte	0
 663              	.LLST3:
 664 0063 0E000000 		.4byte	.LVL4
 665 0067 31000000 		.4byte	.LVL10-1
 666 006b 0100     		.2byte	0x1
 667 006d 51       		.byte	0x51
 668 006e 31000000 		.4byte	.LVL10-1
 669 0072 3A000000 		.4byte	.LFE1
 670 0076 0A00     		.2byte	0xa
 671 0078 F3       		.byte	0xf3
 672 0079 01       		.uleb128 0x1
 673 007a 50       		.byte	0x50
 674 007b 09       		.byte	0x9
 675 007c F4       		.byte	0xf4
 676 007d 24       		.byte	0x24
 677 007e 09       		.byte	0x9
 678 007f FC       		.byte	0xfc
 679 0080 25       		.byte	0x25
 680 0081 9F       		.byte	0x9f
 681 0082 00000000 		.4byte	0
 682 0086 00000000 		.4byte	0
 683              	.LLST4:
 684 008a 12000000 		.4byte	.LVL5
 685 008e 16000000 		.4byte	.LVL6
 686 0092 0200     		.2byte	0x2
 687 0094 30       		.byte	0x30
 688 0095 9F       		.byte	0x9f
 689 0096 16000000 		.4byte	.LVL6
 690 009a 1E000000 		.4byte	.LVL7
 691 009e 0100     		.2byte	0x1
 692 00a0 53       		.byte	0x53
 693 00a1 1E000000 		.4byte	.LVL7
 694 00a5 20000000 		.4byte	.LVL8
 695 00a9 0300     		.2byte	0x3
 696 00ab 73       		.byte	0x73
 697 00ac 7F       		.sleb128 -1
 698 00ad 9F       		.byte	0x9f
 699 00ae 20000000 		.4byte	.LVL8
 700 00b2 31000000 		.4byte	.LVL10-1
 701 00b6 0100     		.2byte	0x1
 702 00b8 53       		.byte	0x53
 703 00b9 00000000 		.4byte	0
 704 00bd 00000000 		.4byte	0
 705              		.section	.debug_aranges,"",%progbits
 706 0000 24000000 		.4byte	0x24
 707 0004 0200     		.2byte	0x2
 708 0006 00000000 		.4byte	.Ldebug_info0
 709 000a 04       		.byte	0x4
 710 000b 00       		.byte	0
 711 000c 0000     		.2byte	0
ARM GAS  C:\Users\RECEPC~1\AppData\Local\Temp\ccBkORGa.s 			page 15


 712 000e 0000     		.2byte	0
 713 0010 00000000 		.4byte	.LFB0
 714 0014 14000000 		.4byte	.LFE0-.LFB0
 715 0018 00000000 		.4byte	.LFB1
 716 001c 3A000000 		.4byte	.LFE1-.LFB1
 717 0020 00000000 		.4byte	0
 718 0024 00000000 		.4byte	0
 719              		.section	.debug_ranges,"",%progbits
 720              	.Ldebug_ranges0:
 721 0000 00000000 		.4byte	.LFB0
 722 0004 14000000 		.4byte	.LFE0
 723 0008 00000000 		.4byte	.LFB1
 724 000c 3A000000 		.4byte	.LFE1
 725 0010 00000000 		.4byte	0
 726 0014 00000000 		.4byte	0
 727              		.section	.debug_line,"",%progbits
 728              	.Ldebug_line0:
 729 0000 A6000000 		.section	.debug_str,"MS",%progbits,1
 729      02006500 
 729      00000201 
 729      FB0E0D00 
 729      01010101 
 730              	.LASF15:
 731 0000 63797374 		.ascii	"cystatus\000"
 731      61747573 
 731      00
 732              	.LASF25:
 733 0009 726F774E 		.ascii	"rowNum\000"
 733      756D00
 734              	.LASF3:
 735 0010 73686F72 		.ascii	"short unsigned int\000"
 735      7420756E 
 735      7369676E 
 735      65642069 
 735      6E7400
 736              	.LASF12:
 737 0023 666C6F61 		.ascii	"float\000"
 737      7400
 738              	.LASF31:
 739 0029 433A5C55 		.ascii	"C:\\Users\\Recepcion\\Documents\\NMUX\\Unificada\\U"
 739      73657273 
 739      5C526563 
 739      65706369 
 739      6F6E5C44 
 740 0056 6E696669 		.ascii	"nificada.cydsn\000"
 740      63616461 
 740      2E637964 
 740      736E00
 741              	.LASF1:
 742 0065 756E7369 		.ascii	"unsigned char\000"
 742      676E6564 
 742      20636861 
 742      7200
 743              	.LASF23:
 744 0073 726F7744 		.ascii	"rowData\000"
 744      61746100 
 745              	.LASF16:
ARM GAS  C:\Users\RECEPC~1\AppData\Local\Temp\ccBkORGa.s 			page 16


 746 007b 72656738 		.ascii	"reg8\000"
 746      00
 747              	.LASF5:
 748 0080 6C6F6E67 		.ascii	"long unsigned int\000"
 748      20756E73 
 748      69676E65 
 748      6420696E 
 748      7400
 749              	.LASF29:
 750 0092 474E5520 		.ascii	"GNU C 4.8.4 20140526 (release) [ARM/embedded-4_8-br"
 750      4320342E 
 750      382E3420 
 750      32303134 
 750      30353236 
 751 00c5 616E6368 		.ascii	"anch revision 211358] -mcpu=cortex-m3 -mthumb -g -O"
 751      20726576 
 751      6973696F 
 751      6E203231 
 751      31333538 
 752 00f8 67202D66 		.ascii	"g -ffunction-sections\000"
 752      66756E63 
 752      74696F6E 
 752      2D736563 
 752      74696F6E 
 753              	.LASF9:
 754 010e 75696E74 		.ascii	"uint8\000"
 754      3800
 755              	.LASF24:
 756 0114 61727261 		.ascii	"arrayId\000"
 756      79496400 
 757              	.LASF13:
 758 011c 646F7562 		.ascii	"double\000"
 758      6C6500
 759              	.LASF22:
 760 0123 666C7341 		.ascii	"flsAddr\000"
 760      64647200 
 761              	.LASF10:
 762 012b 75696E74 		.ascii	"uint16\000"
 762      313600
 763              	.LASF11:
 764 0132 75696E74 		.ascii	"uint32\000"
 764      333200
 765              	.LASF8:
 766 0139 756E7369 		.ascii	"unsigned int\000"
 766      676E6564 
 766      20696E74 
 766      00
 767              	.LASF19:
 768 0146 426F6F74 		.ascii	"Bootloadable_1_SetFlashByte\000"
 768      6C6F6164 
 768      61626C65 
 768      5F315F53 
 768      6574466C 
 769              	.LASF20:
 770 0162 61646472 		.ascii	"address\000"
 770      65737300 
 771              	.LASF7:
ARM GAS  C:\Users\RECEPC~1\AppData\Local\Temp\ccBkORGa.s 			page 17


 772 016a 6C6F6E67 		.ascii	"long long unsigned int\000"
 772      206C6F6E 
 772      6720756E 
 772      7369676E 
 772      65642069 
 773              	.LASF21:
 774 0181 72756E54 		.ascii	"runType\000"
 774      79706500 
 775              	.LASF26:
 776 0189 62617365 		.ascii	"baseAddr\000"
 776      41646472 
 776      00
 777              	.LASF17:
 778 0192 73697A65 		.ascii	"sizetype\000"
 778      74797065 
 778      00
 779              	.LASF6:
 780 019b 6C6F6E67 		.ascii	"long long int\000"
 780      206C6F6E 
 780      6720696E 
 780      7400
 781              	.LASF14:
 782 01a9 63686172 		.ascii	"char\000"
 782      00
 783              	.LASF2:
 784 01ae 73686F72 		.ascii	"short int\000"
 784      7420696E 
 784      7400
 785              	.LASF30:
 786 01b8 2E5C4765 		.ascii	".\\Generated_Source\\PSoC5\\Bootloadable_1.c\000"
 786      6E657261 
 786      7465645F 
 786      536F7572 
 786      63655C50 
 787              	.LASF27:
 788 01e2 4379536F 		.ascii	"CySoftwareReset\000"
 788      66747761 
 788      72655265 
 788      73657400 
 789              	.LASF4:
 790 01f2 6C6F6E67 		.ascii	"long int\000"
 790      20696E74 
 790      00
 791              	.LASF0:
 792 01fb 7369676E 		.ascii	"signed char\000"
 792      65642063 
 792      68617200 
 793              	.LASF28:
 794 0207 4379466C 		.ascii	"CyFlushCache\000"
 794      75736843 
 794      61636865 
 794      00
 795              	.LASF32:
 796 0214 43795772 		.ascii	"CyWriteRowData\000"
 796      69746552 
 796      6F774461 
 796      746100
ARM GAS  C:\Users\RECEPC~1\AppData\Local\Temp\ccBkORGa.s 			page 18


 797              	.LASF18:
 798 0223 426F6F74 		.ascii	"Bootloadable_1_Load\000"
 798      6C6F6164 
 798      61626C65 
 798      5F315F4C 
 798      6F616400 
 799              		.ident	"GCC: (GNU Tools for ARM Embedded Processors) 4.8.4 20140526 (release) [ARM/embedded-4_8-br
