ARM GAS  C:\Users\RECEPC~1\AppData\Local\Temp\ccm1rjxO.s 			page 1


   1              		.syntax unified
   2              		.cpu cortex-m3
   3              		.fpu softvfp
   4              		.eabi_attribute 20, 1
   5              		.eabi_attribute 21, 1
   6              		.eabi_attribute 23, 3
   7              		.eabi_attribute 24, 1
   8              		.eabi_attribute 25, 1
   9              		.eabi_attribute 26, 1
  10              		.eabi_attribute 30, 1
  11              		.eabi_attribute 34, 1
  12              		.eabi_attribute 18, 4
  13              		.thumb
  14              		.file	"Timer_Animacion2.c"
  15              		.text
  16              	.Ltext0:
  17              		.cfi_sections	.debug_frame
  18              		.section	.text.Timer_Animacion2_Enable,"ax",%progbits
  19              		.align	2
  20              		.global	Timer_Animacion2_Enable
  21              		.thumb
  22              		.thumb_func
  23              		.type	Timer_Animacion2_Enable, %function
  24              	Timer_Animacion2_Enable:
  25              	.LFB1:
  26              		.file 1 ".\\Generated_Source\\PSoC5\\Timer_Animacion2.c"
   1:.\Generated_Source\PSoC5/Timer_Animacion2.c **** /*******************************************************************************
   2:.\Generated_Source\PSoC5/Timer_Animacion2.c **** * File Name: Timer_Animacion2.c
   3:.\Generated_Source\PSoC5/Timer_Animacion2.c **** * Version 2.70
   4:.\Generated_Source\PSoC5/Timer_Animacion2.c **** *
   5:.\Generated_Source\PSoC5/Timer_Animacion2.c **** * Description:
   6:.\Generated_Source\PSoC5/Timer_Animacion2.c **** *  The Timer component consists of a 8, 16, 24 or 32-bit timer with
   7:.\Generated_Source\PSoC5/Timer_Animacion2.c **** *  a selectable period between 2 and 2^Width - 1.  The timer may free run
   8:.\Generated_Source\PSoC5/Timer_Animacion2.c **** *  or be used as a capture timer as well.  The capture can be initiated
   9:.\Generated_Source\PSoC5/Timer_Animacion2.c **** *  by a positive or negative edge signal as well as via software.
  10:.\Generated_Source\PSoC5/Timer_Animacion2.c **** *  A trigger input can be programmed to enable the timer on rising edge
  11:.\Generated_Source\PSoC5/Timer_Animacion2.c **** *  falling edge, either edge or continous run.
  12:.\Generated_Source\PSoC5/Timer_Animacion2.c **** *  Interrupts may be generated due to a terminal count condition
  13:.\Generated_Source\PSoC5/Timer_Animacion2.c **** *  or a capture event.
  14:.\Generated_Source\PSoC5/Timer_Animacion2.c **** *
  15:.\Generated_Source\PSoC5/Timer_Animacion2.c **** * Note:
  16:.\Generated_Source\PSoC5/Timer_Animacion2.c **** *
  17:.\Generated_Source\PSoC5/Timer_Animacion2.c **** ********************************************************************************
  18:.\Generated_Source\PSoC5/Timer_Animacion2.c **** * Copyright 2008-2014, Cypress Semiconductor Corporation.  All rights reserved.
  19:.\Generated_Source\PSoC5/Timer_Animacion2.c **** * You may use this file only in accordance with the license, terms, conditions,
  20:.\Generated_Source\PSoC5/Timer_Animacion2.c **** * disclaimers, and limitations in the end user license agreement accompanying
  21:.\Generated_Source\PSoC5/Timer_Animacion2.c **** * the software package with which this file was provided.
  22:.\Generated_Source\PSoC5/Timer_Animacion2.c **** ********************************************************************************/
  23:.\Generated_Source\PSoC5/Timer_Animacion2.c **** 
  24:.\Generated_Source\PSoC5/Timer_Animacion2.c **** #include "Timer_Animacion2.h"
  25:.\Generated_Source\PSoC5/Timer_Animacion2.c **** 
  26:.\Generated_Source\PSoC5/Timer_Animacion2.c **** uint8 Timer_Animacion2_initVar = 0u;
  27:.\Generated_Source\PSoC5/Timer_Animacion2.c **** 
  28:.\Generated_Source\PSoC5/Timer_Animacion2.c **** 
  29:.\Generated_Source\PSoC5/Timer_Animacion2.c **** /*******************************************************************************
  30:.\Generated_Source\PSoC5/Timer_Animacion2.c **** * Function Name: Timer_Animacion2_Init
  31:.\Generated_Source\PSoC5/Timer_Animacion2.c **** ********************************************************************************
ARM GAS  C:\Users\RECEPC~1\AppData\Local\Temp\ccm1rjxO.s 			page 2


  32:.\Generated_Source\PSoC5/Timer_Animacion2.c **** *
  33:.\Generated_Source\PSoC5/Timer_Animacion2.c **** * Summary:
  34:.\Generated_Source\PSoC5/Timer_Animacion2.c **** *  Initialize to the schematic state
  35:.\Generated_Source\PSoC5/Timer_Animacion2.c **** *
  36:.\Generated_Source\PSoC5/Timer_Animacion2.c **** * Parameters:
  37:.\Generated_Source\PSoC5/Timer_Animacion2.c **** *  void
  38:.\Generated_Source\PSoC5/Timer_Animacion2.c **** *
  39:.\Generated_Source\PSoC5/Timer_Animacion2.c **** * Return:
  40:.\Generated_Source\PSoC5/Timer_Animacion2.c **** *  void
  41:.\Generated_Source\PSoC5/Timer_Animacion2.c **** *
  42:.\Generated_Source\PSoC5/Timer_Animacion2.c **** *******************************************************************************/
  43:.\Generated_Source\PSoC5/Timer_Animacion2.c **** void Timer_Animacion2_Init(void) 
  44:.\Generated_Source\PSoC5/Timer_Animacion2.c **** {
  45:.\Generated_Source\PSoC5/Timer_Animacion2.c ****     #if(!Timer_Animacion2_UsingFixedFunction)
  46:.\Generated_Source\PSoC5/Timer_Animacion2.c ****             /* Interrupt State Backup for Critical Region*/
  47:.\Generated_Source\PSoC5/Timer_Animacion2.c ****             uint8 Timer_Animacion2_interruptState;
  48:.\Generated_Source\PSoC5/Timer_Animacion2.c ****     #endif /* Interrupt state back up for Fixed Function only */
  49:.\Generated_Source\PSoC5/Timer_Animacion2.c **** 
  50:.\Generated_Source\PSoC5/Timer_Animacion2.c ****     #if (Timer_Animacion2_UsingFixedFunction)
  51:.\Generated_Source\PSoC5/Timer_Animacion2.c ****         /* Clear all bits but the enable bit (if it's already set) for Timer operation */
  52:.\Generated_Source\PSoC5/Timer_Animacion2.c ****         Timer_Animacion2_CONTROL &= Timer_Animacion2_CTRL_ENABLE;
  53:.\Generated_Source\PSoC5/Timer_Animacion2.c **** 
  54:.\Generated_Source\PSoC5/Timer_Animacion2.c ****         /* Clear the mode bits for continuous run mode */
  55:.\Generated_Source\PSoC5/Timer_Animacion2.c ****         #if (CY_PSOC5A)
  56:.\Generated_Source\PSoC5/Timer_Animacion2.c ****             Timer_Animacion2_CONTROL2 &= ((uint8)(~Timer_Animacion2_CTRL_MODE_MASK));
  57:.\Generated_Source\PSoC5/Timer_Animacion2.c ****         #endif /* Clear bits in CONTROL2 only in PSOC5A */
  58:.\Generated_Source\PSoC5/Timer_Animacion2.c **** 
  59:.\Generated_Source\PSoC5/Timer_Animacion2.c ****         #if (CY_PSOC3 || CY_PSOC5LP)
  60:.\Generated_Source\PSoC5/Timer_Animacion2.c ****             Timer_Animacion2_CONTROL3 &= ((uint8)(~Timer_Animacion2_CTRL_MODE_MASK));
  61:.\Generated_Source\PSoC5/Timer_Animacion2.c ****         #endif /* CONTROL3 register exists only in PSoC3 OR PSoC5LP */
  62:.\Generated_Source\PSoC5/Timer_Animacion2.c **** 
  63:.\Generated_Source\PSoC5/Timer_Animacion2.c ****         /* Check if One Shot mode is enabled i.e. RunMode !=0*/
  64:.\Generated_Source\PSoC5/Timer_Animacion2.c ****         #if (Timer_Animacion2_RunModeUsed != 0x0u)
  65:.\Generated_Source\PSoC5/Timer_Animacion2.c ****             /* Set 3rd bit of Control register to enable one shot mode */
  66:.\Generated_Source\PSoC5/Timer_Animacion2.c ****             Timer_Animacion2_CONTROL |= 0x04u;
  67:.\Generated_Source\PSoC5/Timer_Animacion2.c ****         #endif /* One Shot enabled only when RunModeUsed is not Continuous*/
  68:.\Generated_Source\PSoC5/Timer_Animacion2.c **** 
  69:.\Generated_Source\PSoC5/Timer_Animacion2.c ****         #if (Timer_Animacion2_RunModeUsed == 2)
  70:.\Generated_Source\PSoC5/Timer_Animacion2.c ****             #if (CY_PSOC5A)
  71:.\Generated_Source\PSoC5/Timer_Animacion2.c ****                 /* Set last 2 bits of control2 register if one shot(halt on
  72:.\Generated_Source\PSoC5/Timer_Animacion2.c ****                 interrupt) is enabled*/
  73:.\Generated_Source\PSoC5/Timer_Animacion2.c ****                 Timer_Animacion2_CONTROL2 |= 0x03u;
  74:.\Generated_Source\PSoC5/Timer_Animacion2.c ****             #endif /* Set One-Shot Halt on Interrupt bit in CONTROL2 for PSoC5A */
  75:.\Generated_Source\PSoC5/Timer_Animacion2.c **** 
  76:.\Generated_Source\PSoC5/Timer_Animacion2.c ****             #if (CY_PSOC3 || CY_PSOC5LP)
  77:.\Generated_Source\PSoC5/Timer_Animacion2.c ****                 /* Set last 2 bits of control3 register if one shot(halt on
  78:.\Generated_Source\PSoC5/Timer_Animacion2.c ****                 interrupt) is enabled*/
  79:.\Generated_Source\PSoC5/Timer_Animacion2.c ****                 Timer_Animacion2_CONTROL3 |= 0x03u;
  80:.\Generated_Source\PSoC5/Timer_Animacion2.c ****             #endif /* Set One-Shot Halt on Interrupt bit in CONTROL3 for PSoC3 or PSoC5LP */
  81:.\Generated_Source\PSoC5/Timer_Animacion2.c **** 
  82:.\Generated_Source\PSoC5/Timer_Animacion2.c ****         #endif /* Remove section if One Shot Halt on Interrupt is not enabled */
  83:.\Generated_Source\PSoC5/Timer_Animacion2.c **** 
  84:.\Generated_Source\PSoC5/Timer_Animacion2.c ****         #if (Timer_Animacion2_UsingHWEnable != 0)
  85:.\Generated_Source\PSoC5/Timer_Animacion2.c ****             #if (CY_PSOC5A)
  86:.\Generated_Source\PSoC5/Timer_Animacion2.c ****                 /* Set the default Run Mode of the Timer to Continuous */
  87:.\Generated_Source\PSoC5/Timer_Animacion2.c ****                 Timer_Animacion2_CONTROL2 |= Timer_Animacion2_CTRL_MODE_PULSEWIDTH;
  88:.\Generated_Source\PSoC5/Timer_Animacion2.c ****             #endif /* Set Continuous Run Mode in CONTROL2 for PSoC5A */
ARM GAS  C:\Users\RECEPC~1\AppData\Local\Temp\ccm1rjxO.s 			page 3


  89:.\Generated_Source\PSoC5/Timer_Animacion2.c **** 
  90:.\Generated_Source\PSoC5/Timer_Animacion2.c ****             #if (CY_PSOC3 || CY_PSOC5LP)
  91:.\Generated_Source\PSoC5/Timer_Animacion2.c ****                 /* Clear and Set ROD and COD bits of CFG2 register */
  92:.\Generated_Source\PSoC5/Timer_Animacion2.c ****                 Timer_Animacion2_CONTROL3 &= ((uint8)(~Timer_Animacion2_CTRL_RCOD_MASK));
  93:.\Generated_Source\PSoC5/Timer_Animacion2.c ****                 Timer_Animacion2_CONTROL3 |= Timer_Animacion2_CTRL_RCOD;
  94:.\Generated_Source\PSoC5/Timer_Animacion2.c **** 
  95:.\Generated_Source\PSoC5/Timer_Animacion2.c ****                 /* Clear and Enable the HW enable bit in CFG2 register */
  96:.\Generated_Source\PSoC5/Timer_Animacion2.c ****                 Timer_Animacion2_CONTROL3 &= ((uint8)(~Timer_Animacion2_CTRL_ENBL_MASK));
  97:.\Generated_Source\PSoC5/Timer_Animacion2.c ****                 Timer_Animacion2_CONTROL3 |= Timer_Animacion2_CTRL_ENBL;
  98:.\Generated_Source\PSoC5/Timer_Animacion2.c **** 
  99:.\Generated_Source\PSoC5/Timer_Animacion2.c ****                 /* Set the default Run Mode of the Timer to Continuous */
 100:.\Generated_Source\PSoC5/Timer_Animacion2.c ****                 Timer_Animacion2_CONTROL3 |= Timer_Animacion2_CTRL_MODE_CONTINUOUS;
 101:.\Generated_Source\PSoC5/Timer_Animacion2.c ****             #endif /* Set Continuous Run Mode in CONTROL3 for PSoC3ES3 or PSoC5A */
 102:.\Generated_Source\PSoC5/Timer_Animacion2.c **** 
 103:.\Generated_Source\PSoC5/Timer_Animacion2.c ****         #endif /* Configure Run Mode with hardware enable */
 104:.\Generated_Source\PSoC5/Timer_Animacion2.c **** 
 105:.\Generated_Source\PSoC5/Timer_Animacion2.c ****         /* Clear and Set SYNCTC and SYNCCMP bits of RT1 register */
 106:.\Generated_Source\PSoC5/Timer_Animacion2.c ****         Timer_Animacion2_RT1 &= ((uint8)(~Timer_Animacion2_RT1_MASK));
 107:.\Generated_Source\PSoC5/Timer_Animacion2.c ****         Timer_Animacion2_RT1 |= Timer_Animacion2_SYNC;
 108:.\Generated_Source\PSoC5/Timer_Animacion2.c **** 
 109:.\Generated_Source\PSoC5/Timer_Animacion2.c ****         /*Enable DSI Sync all all inputs of the Timer*/
 110:.\Generated_Source\PSoC5/Timer_Animacion2.c ****         Timer_Animacion2_RT1 &= ((uint8)(~Timer_Animacion2_SYNCDSI_MASK));
 111:.\Generated_Source\PSoC5/Timer_Animacion2.c ****         Timer_Animacion2_RT1 |= Timer_Animacion2_SYNCDSI_EN;
 112:.\Generated_Source\PSoC5/Timer_Animacion2.c **** 
 113:.\Generated_Source\PSoC5/Timer_Animacion2.c ****         /* Set the IRQ to use the status register interrupts */
 114:.\Generated_Source\PSoC5/Timer_Animacion2.c ****         Timer_Animacion2_CONTROL2 |= Timer_Animacion2_CTRL2_IRQ_SEL;
 115:.\Generated_Source\PSoC5/Timer_Animacion2.c ****     #endif /* Configuring registers of fixed function implementation */
 116:.\Generated_Source\PSoC5/Timer_Animacion2.c **** 
 117:.\Generated_Source\PSoC5/Timer_Animacion2.c ****     /* Set Initial values from Configuration */
 118:.\Generated_Source\PSoC5/Timer_Animacion2.c ****     Timer_Animacion2_WritePeriod(Timer_Animacion2_INIT_PERIOD);
 119:.\Generated_Source\PSoC5/Timer_Animacion2.c ****     Timer_Animacion2_WriteCounter(Timer_Animacion2_INIT_PERIOD);
 120:.\Generated_Source\PSoC5/Timer_Animacion2.c **** 
 121:.\Generated_Source\PSoC5/Timer_Animacion2.c ****     #if (Timer_Animacion2_UsingHWCaptureCounter)/* Capture counter is enabled */
 122:.\Generated_Source\PSoC5/Timer_Animacion2.c ****         Timer_Animacion2_CAPTURE_COUNT_CTRL |= Timer_Animacion2_CNTR_ENABLE;
 123:.\Generated_Source\PSoC5/Timer_Animacion2.c ****         Timer_Animacion2_SetCaptureCount(Timer_Animacion2_INIT_CAPTURE_COUNT);
 124:.\Generated_Source\PSoC5/Timer_Animacion2.c ****     #endif /* Configure capture counter value */
 125:.\Generated_Source\PSoC5/Timer_Animacion2.c **** 
 126:.\Generated_Source\PSoC5/Timer_Animacion2.c ****     #if (!Timer_Animacion2_UsingFixedFunction)
 127:.\Generated_Source\PSoC5/Timer_Animacion2.c ****         #if (Timer_Animacion2_SoftwareCaptureMode)
 128:.\Generated_Source\PSoC5/Timer_Animacion2.c ****             Timer_Animacion2_SetCaptureMode(Timer_Animacion2_INIT_CAPTURE_MODE);
 129:.\Generated_Source\PSoC5/Timer_Animacion2.c ****         #endif /* Set Capture Mode for UDB implementation if capture mode is software controlled */
 130:.\Generated_Source\PSoC5/Timer_Animacion2.c **** 
 131:.\Generated_Source\PSoC5/Timer_Animacion2.c ****         #if (Timer_Animacion2_SoftwareTriggerMode)
 132:.\Generated_Source\PSoC5/Timer_Animacion2.c ****             #if (!Timer_Animacion2_UDB_CONTROL_REG_REMOVED)
 133:.\Generated_Source\PSoC5/Timer_Animacion2.c ****                 if (0u == (Timer_Animacion2_CONTROL & Timer_Animacion2__B_TIMER__TM_SOFTWARE))
 134:.\Generated_Source\PSoC5/Timer_Animacion2.c ****                 {
 135:.\Generated_Source\PSoC5/Timer_Animacion2.c ****                     Timer_Animacion2_SetTriggerMode(Timer_Animacion2_INIT_TRIGGER_MODE);
 136:.\Generated_Source\PSoC5/Timer_Animacion2.c ****                 }
 137:.\Generated_Source\PSoC5/Timer_Animacion2.c ****             #endif /* (!Timer_Animacion2_UDB_CONTROL_REG_REMOVED) */
 138:.\Generated_Source\PSoC5/Timer_Animacion2.c ****         #endif /* Set trigger mode for UDB Implementation if trigger mode is software controlled */
 139:.\Generated_Source\PSoC5/Timer_Animacion2.c **** 
 140:.\Generated_Source\PSoC5/Timer_Animacion2.c ****         /* CyEnterCriticalRegion and CyExitCriticalRegion are used to mark following region critica
 141:.\Generated_Source\PSoC5/Timer_Animacion2.c ****         /* Enter Critical Region*/
 142:.\Generated_Source\PSoC5/Timer_Animacion2.c ****         Timer_Animacion2_interruptState = CyEnterCriticalSection();
 143:.\Generated_Source\PSoC5/Timer_Animacion2.c **** 
 144:.\Generated_Source\PSoC5/Timer_Animacion2.c ****         /* Use the interrupt output of the status register for IRQ output */
 145:.\Generated_Source\PSoC5/Timer_Animacion2.c ****         Timer_Animacion2_STATUS_AUX_CTRL |= Timer_Animacion2_STATUS_ACTL_INT_EN_MASK;
ARM GAS  C:\Users\RECEPC~1\AppData\Local\Temp\ccm1rjxO.s 			page 4


 146:.\Generated_Source\PSoC5/Timer_Animacion2.c **** 
 147:.\Generated_Source\PSoC5/Timer_Animacion2.c ****         /* Exit Critical Region*/
 148:.\Generated_Source\PSoC5/Timer_Animacion2.c ****         CyExitCriticalSection(Timer_Animacion2_interruptState);
 149:.\Generated_Source\PSoC5/Timer_Animacion2.c **** 
 150:.\Generated_Source\PSoC5/Timer_Animacion2.c ****         #if (Timer_Animacion2_EnableTriggerMode)
 151:.\Generated_Source\PSoC5/Timer_Animacion2.c ****             Timer_Animacion2_EnableTrigger();
 152:.\Generated_Source\PSoC5/Timer_Animacion2.c ****         #endif /* Set Trigger enable bit for UDB implementation in the control register*/
 153:.\Generated_Source\PSoC5/Timer_Animacion2.c **** 		
 154:.\Generated_Source\PSoC5/Timer_Animacion2.c **** 		
 155:.\Generated_Source\PSoC5/Timer_Animacion2.c ****         #if (Timer_Animacion2_InterruptOnCaptureCount && !Timer_Animacion2_UDB_CONTROL_REG_REMOVED)
 156:.\Generated_Source\PSoC5/Timer_Animacion2.c ****             Timer_Animacion2_SetInterruptCount(Timer_Animacion2_INIT_INT_CAPTURE_COUNT);
 157:.\Generated_Source\PSoC5/Timer_Animacion2.c ****         #endif /* Set interrupt count in UDB implementation if interrupt count feature is checked.*
 158:.\Generated_Source\PSoC5/Timer_Animacion2.c **** 
 159:.\Generated_Source\PSoC5/Timer_Animacion2.c ****         Timer_Animacion2_ClearFIFO();
 160:.\Generated_Source\PSoC5/Timer_Animacion2.c ****     #endif /* Configure additional features of UDB implementation */
 161:.\Generated_Source\PSoC5/Timer_Animacion2.c **** 
 162:.\Generated_Source\PSoC5/Timer_Animacion2.c ****     Timer_Animacion2_SetInterruptMode(Timer_Animacion2_INIT_INTERRUPT_MODE);
 163:.\Generated_Source\PSoC5/Timer_Animacion2.c **** }
 164:.\Generated_Source\PSoC5/Timer_Animacion2.c **** 
 165:.\Generated_Source\PSoC5/Timer_Animacion2.c **** 
 166:.\Generated_Source\PSoC5/Timer_Animacion2.c **** /*******************************************************************************
 167:.\Generated_Source\PSoC5/Timer_Animacion2.c **** * Function Name: Timer_Animacion2_Enable
 168:.\Generated_Source\PSoC5/Timer_Animacion2.c **** ********************************************************************************
 169:.\Generated_Source\PSoC5/Timer_Animacion2.c **** *
 170:.\Generated_Source\PSoC5/Timer_Animacion2.c **** * Summary:
 171:.\Generated_Source\PSoC5/Timer_Animacion2.c **** *  Enable the Timer
 172:.\Generated_Source\PSoC5/Timer_Animacion2.c **** *
 173:.\Generated_Source\PSoC5/Timer_Animacion2.c **** * Parameters:
 174:.\Generated_Source\PSoC5/Timer_Animacion2.c **** *  void
 175:.\Generated_Source\PSoC5/Timer_Animacion2.c **** *
 176:.\Generated_Source\PSoC5/Timer_Animacion2.c **** * Return:
 177:.\Generated_Source\PSoC5/Timer_Animacion2.c **** *  void
 178:.\Generated_Source\PSoC5/Timer_Animacion2.c **** *
 179:.\Generated_Source\PSoC5/Timer_Animacion2.c **** *******************************************************************************/
 180:.\Generated_Source\PSoC5/Timer_Animacion2.c **** void Timer_Animacion2_Enable(void) 
 181:.\Generated_Source\PSoC5/Timer_Animacion2.c **** {
  27              		.loc 1 181 0
  28              		.cfi_startproc
  29              		@ args = 0, pretend = 0, frame = 0
  30              		@ frame_needed = 0, uses_anonymous_args = 0
  31              		@ link register save eliminated.
 182:.\Generated_Source\PSoC5/Timer_Animacion2.c ****     /* Globally Enable the Fixed Function Block chosen */
 183:.\Generated_Source\PSoC5/Timer_Animacion2.c ****     #if (Timer_Animacion2_UsingFixedFunction)
 184:.\Generated_Source\PSoC5/Timer_Animacion2.c ****         Timer_Animacion2_GLOBAL_ENABLE |= Timer_Animacion2_BLOCK_EN_MASK;
  32              		.loc 1 184 0
  33 0000 084B     		ldr	r3, .L2
  34 0002 1A78     		ldrb	r2, [r3]	@ zero_extendqisi2
  35 0004 42F00102 		orr	r2, r2, #1
  36 0008 1A70     		strb	r2, [r3]
 185:.\Generated_Source\PSoC5/Timer_Animacion2.c ****         Timer_Animacion2_GLOBAL_STBY_ENABLE |= Timer_Animacion2_BLOCK_STBY_EN_MASK;
  37              		.loc 1 185 0
  38 000a 1033     		adds	r3, r3, #16
  39 000c 1A78     		ldrb	r2, [r3]	@ zero_extendqisi2
  40 000e 42F00102 		orr	r2, r2, #1
  41 0012 1A70     		strb	r2, [r3]
 186:.\Generated_Source\PSoC5/Timer_Animacion2.c ****     #endif /* Set Enable bit for enabling Fixed function timer*/
 187:.\Generated_Source\PSoC5/Timer_Animacion2.c **** 
ARM GAS  C:\Users\RECEPC~1\AppData\Local\Temp\ccm1rjxO.s 			page 5


 188:.\Generated_Source\PSoC5/Timer_Animacion2.c ****     /* Remove assignment if control register is removed */
 189:.\Generated_Source\PSoC5/Timer_Animacion2.c ****     #if (!Timer_Animacion2_UDB_CONTROL_REG_REMOVED || Timer_Animacion2_UsingFixedFunction)
 190:.\Generated_Source\PSoC5/Timer_Animacion2.c ****         Timer_Animacion2_CONTROL |= Timer_Animacion2_CTRL_ENABLE;
  42              		.loc 1 190 0
  43 0014 03F64D33 		addw	r3, r3, #2893
  44 0018 1A78     		ldrb	r2, [r3]	@ zero_extendqisi2
  45 001a 42F00102 		orr	r2, r2, #1
  46 001e 1A70     		strb	r2, [r3]
  47 0020 7047     		bx	lr
  48              	.L3:
  49 0022 00BF     		.align	2
  50              	.L2:
  51 0024 A3430040 		.word	1073759139
  52              		.cfi_endproc
  53              	.LFE1:
  54              		.size	Timer_Animacion2_Enable, .-Timer_Animacion2_Enable
  55              		.section	.text.Timer_Animacion2_Stop,"ax",%progbits
  56              		.align	2
  57              		.global	Timer_Animacion2_Stop
  58              		.thumb
  59              		.thumb_func
  60              		.type	Timer_Animacion2_Stop, %function
  61              	Timer_Animacion2_Stop:
  62              	.LFB3:
 191:.\Generated_Source\PSoC5/Timer_Animacion2.c ****     #endif /* Remove assignment if control register is removed */
 192:.\Generated_Source\PSoC5/Timer_Animacion2.c **** }
 193:.\Generated_Source\PSoC5/Timer_Animacion2.c **** 
 194:.\Generated_Source\PSoC5/Timer_Animacion2.c **** 
 195:.\Generated_Source\PSoC5/Timer_Animacion2.c **** /*******************************************************************************
 196:.\Generated_Source\PSoC5/Timer_Animacion2.c **** * Function Name: Timer_Animacion2_Start
 197:.\Generated_Source\PSoC5/Timer_Animacion2.c **** ********************************************************************************
 198:.\Generated_Source\PSoC5/Timer_Animacion2.c **** *
 199:.\Generated_Source\PSoC5/Timer_Animacion2.c **** * Summary:
 200:.\Generated_Source\PSoC5/Timer_Animacion2.c **** *  The start function initializes the timer with the default values, the
 201:.\Generated_Source\PSoC5/Timer_Animacion2.c **** *  enables the timerto begin counting.  It does not enable interrupts,
 202:.\Generated_Source\PSoC5/Timer_Animacion2.c **** *  the EnableInt command should be called if interrupt generation is required.
 203:.\Generated_Source\PSoC5/Timer_Animacion2.c **** *
 204:.\Generated_Source\PSoC5/Timer_Animacion2.c **** * Parameters:
 205:.\Generated_Source\PSoC5/Timer_Animacion2.c **** *  void
 206:.\Generated_Source\PSoC5/Timer_Animacion2.c **** *
 207:.\Generated_Source\PSoC5/Timer_Animacion2.c **** * Return:
 208:.\Generated_Source\PSoC5/Timer_Animacion2.c **** *  void
 209:.\Generated_Source\PSoC5/Timer_Animacion2.c **** *
 210:.\Generated_Source\PSoC5/Timer_Animacion2.c **** * Global variables:
 211:.\Generated_Source\PSoC5/Timer_Animacion2.c **** *  Timer_Animacion2_initVar: Is modified when this function is called for the
 212:.\Generated_Source\PSoC5/Timer_Animacion2.c **** *   first time. Is used to ensure that initialization happens only once.
 213:.\Generated_Source\PSoC5/Timer_Animacion2.c **** *
 214:.\Generated_Source\PSoC5/Timer_Animacion2.c **** *******************************************************************************/
 215:.\Generated_Source\PSoC5/Timer_Animacion2.c **** void Timer_Animacion2_Start(void) 
 216:.\Generated_Source\PSoC5/Timer_Animacion2.c **** {
 217:.\Generated_Source\PSoC5/Timer_Animacion2.c ****     if(Timer_Animacion2_initVar == 0u)
 218:.\Generated_Source\PSoC5/Timer_Animacion2.c ****     {
 219:.\Generated_Source\PSoC5/Timer_Animacion2.c ****         Timer_Animacion2_Init();
 220:.\Generated_Source\PSoC5/Timer_Animacion2.c **** 
 221:.\Generated_Source\PSoC5/Timer_Animacion2.c ****         Timer_Animacion2_initVar = 1u;   /* Clear this bit for Initialization */
 222:.\Generated_Source\PSoC5/Timer_Animacion2.c ****     }
 223:.\Generated_Source\PSoC5/Timer_Animacion2.c **** 
ARM GAS  C:\Users\RECEPC~1\AppData\Local\Temp\ccm1rjxO.s 			page 6


 224:.\Generated_Source\PSoC5/Timer_Animacion2.c ****     /* Enable the Timer */
 225:.\Generated_Source\PSoC5/Timer_Animacion2.c ****     Timer_Animacion2_Enable();
 226:.\Generated_Source\PSoC5/Timer_Animacion2.c **** }
 227:.\Generated_Source\PSoC5/Timer_Animacion2.c **** 
 228:.\Generated_Source\PSoC5/Timer_Animacion2.c **** 
 229:.\Generated_Source\PSoC5/Timer_Animacion2.c **** /*******************************************************************************
 230:.\Generated_Source\PSoC5/Timer_Animacion2.c **** * Function Name: Timer_Animacion2_Stop
 231:.\Generated_Source\PSoC5/Timer_Animacion2.c **** ********************************************************************************
 232:.\Generated_Source\PSoC5/Timer_Animacion2.c **** *
 233:.\Generated_Source\PSoC5/Timer_Animacion2.c **** * Summary:
 234:.\Generated_Source\PSoC5/Timer_Animacion2.c **** *  The stop function halts the timer, but does not change any modes or disable
 235:.\Generated_Source\PSoC5/Timer_Animacion2.c **** *  interrupts.
 236:.\Generated_Source\PSoC5/Timer_Animacion2.c **** *
 237:.\Generated_Source\PSoC5/Timer_Animacion2.c **** * Parameters:
 238:.\Generated_Source\PSoC5/Timer_Animacion2.c **** *  void
 239:.\Generated_Source\PSoC5/Timer_Animacion2.c **** *
 240:.\Generated_Source\PSoC5/Timer_Animacion2.c **** * Return:
 241:.\Generated_Source\PSoC5/Timer_Animacion2.c **** *  void
 242:.\Generated_Source\PSoC5/Timer_Animacion2.c **** *
 243:.\Generated_Source\PSoC5/Timer_Animacion2.c **** * Side Effects: If the Enable mode is set to Hardware only then this function
 244:.\Generated_Source\PSoC5/Timer_Animacion2.c **** *               has no effect on the operation of the timer.
 245:.\Generated_Source\PSoC5/Timer_Animacion2.c **** *
 246:.\Generated_Source\PSoC5/Timer_Animacion2.c **** *******************************************************************************/
 247:.\Generated_Source\PSoC5/Timer_Animacion2.c **** void Timer_Animacion2_Stop(void) 
 248:.\Generated_Source\PSoC5/Timer_Animacion2.c **** {
  63              		.loc 1 248 0
  64              		.cfi_startproc
  65              		@ args = 0, pretend = 0, frame = 0
  66              		@ frame_needed = 0, uses_anonymous_args = 0
  67              		@ link register save eliminated.
 249:.\Generated_Source\PSoC5/Timer_Animacion2.c ****     /* Disable Timer */
 250:.\Generated_Source\PSoC5/Timer_Animacion2.c ****     #if(!Timer_Animacion2_UDB_CONTROL_REG_REMOVED || Timer_Animacion2_UsingFixedFunction)
 251:.\Generated_Source\PSoC5/Timer_Animacion2.c ****         Timer_Animacion2_CONTROL &= ((uint8)(~Timer_Animacion2_CTRL_ENABLE));
  68              		.loc 1 251 0
  69 0000 084B     		ldr	r3, .L5
  70 0002 1A78     		ldrb	r2, [r3]	@ zero_extendqisi2
  71 0004 02F0FE02 		and	r2, r2, #254
  72 0008 1A70     		strb	r2, [r3]
 252:.\Generated_Source\PSoC5/Timer_Animacion2.c ****     #endif /* Remove assignment if control register is removed */
 253:.\Generated_Source\PSoC5/Timer_Animacion2.c **** 
 254:.\Generated_Source\PSoC5/Timer_Animacion2.c ****     /* Globally disable the Fixed Function Block chosen */
 255:.\Generated_Source\PSoC5/Timer_Animacion2.c ****     #if (Timer_Animacion2_UsingFixedFunction)
 256:.\Generated_Source\PSoC5/Timer_Animacion2.c ****         Timer_Animacion2_GLOBAL_ENABLE &= ((uint8)(~Timer_Animacion2_BLOCK_EN_MASK));
  73              		.loc 1 256 0
  74 000a A3F65D33 		subw	r3, r3, #2909
  75 000e 1A78     		ldrb	r2, [r3]	@ zero_extendqisi2
  76 0010 02F0FE02 		and	r2, r2, #254
  77 0014 1A70     		strb	r2, [r3]
 257:.\Generated_Source\PSoC5/Timer_Animacion2.c ****         Timer_Animacion2_GLOBAL_STBY_ENABLE &= ((uint8)(~Timer_Animacion2_BLOCK_STBY_EN_MASK));
  78              		.loc 1 257 0
  79 0016 1033     		adds	r3, r3, #16
  80 0018 1A78     		ldrb	r2, [r3]	@ zero_extendqisi2
  81 001a 02F0FE02 		and	r2, r2, #254
  82 001e 1A70     		strb	r2, [r3]
  83 0020 7047     		bx	lr
  84              	.L6:
  85 0022 00BF     		.align	2
ARM GAS  C:\Users\RECEPC~1\AppData\Local\Temp\ccm1rjxO.s 			page 7


  86              	.L5:
  87 0024 004F0040 		.word	1073762048
  88              		.cfi_endproc
  89              	.LFE3:
  90              		.size	Timer_Animacion2_Stop, .-Timer_Animacion2_Stop
  91              		.section	.text.Timer_Animacion2_SetInterruptMode,"ax",%progbits
  92              		.align	2
  93              		.global	Timer_Animacion2_SetInterruptMode
  94              		.thumb
  95              		.thumb_func
  96              		.type	Timer_Animacion2_SetInterruptMode, %function
  97              	Timer_Animacion2_SetInterruptMode:
  98              	.LFB4:
 258:.\Generated_Source\PSoC5/Timer_Animacion2.c ****     #endif /* Disable global enable for the Timer Fixed function block to stop the Timer*/
 259:.\Generated_Source\PSoC5/Timer_Animacion2.c **** }
 260:.\Generated_Source\PSoC5/Timer_Animacion2.c **** 
 261:.\Generated_Source\PSoC5/Timer_Animacion2.c **** 
 262:.\Generated_Source\PSoC5/Timer_Animacion2.c **** /*******************************************************************************
 263:.\Generated_Source\PSoC5/Timer_Animacion2.c **** * Function Name: Timer_Animacion2_SetInterruptMode
 264:.\Generated_Source\PSoC5/Timer_Animacion2.c **** ********************************************************************************
 265:.\Generated_Source\PSoC5/Timer_Animacion2.c **** *
 266:.\Generated_Source\PSoC5/Timer_Animacion2.c **** * Summary:
 267:.\Generated_Source\PSoC5/Timer_Animacion2.c **** *  This function selects which of the interrupt inputs may cause an interrupt.
 268:.\Generated_Source\PSoC5/Timer_Animacion2.c **** *  The twosources are caputure and terminal.  One, both or neither may
 269:.\Generated_Source\PSoC5/Timer_Animacion2.c **** *  be selected.
 270:.\Generated_Source\PSoC5/Timer_Animacion2.c **** *
 271:.\Generated_Source\PSoC5/Timer_Animacion2.c **** * Parameters:
 272:.\Generated_Source\PSoC5/Timer_Animacion2.c **** *  interruptMode:   This parameter is used to enable interrups on either/or
 273:.\Generated_Source\PSoC5/Timer_Animacion2.c **** *                   terminal count or capture.
 274:.\Generated_Source\PSoC5/Timer_Animacion2.c **** *
 275:.\Generated_Source\PSoC5/Timer_Animacion2.c **** * Return:
 276:.\Generated_Source\PSoC5/Timer_Animacion2.c **** *  void
 277:.\Generated_Source\PSoC5/Timer_Animacion2.c **** *
 278:.\Generated_Source\PSoC5/Timer_Animacion2.c **** *******************************************************************************/
 279:.\Generated_Source\PSoC5/Timer_Animacion2.c **** void Timer_Animacion2_SetInterruptMode(uint8 interruptMode) 
 280:.\Generated_Source\PSoC5/Timer_Animacion2.c **** {
  99              		.loc 1 280 0
 100              		.cfi_startproc
 101              		@ args = 0, pretend = 0, frame = 0
 102              		@ frame_needed = 0, uses_anonymous_args = 0
 103              		@ link register save eliminated.
 104              	.LVL0:
 281:.\Generated_Source\PSoC5/Timer_Animacion2.c ****     Timer_Animacion2_STATUS_MASK = interruptMode;
 105              		.loc 1 281 0
 106 0000 014B     		ldr	r3, .L8
 107 0002 1870     		strb	r0, [r3]
 108 0004 7047     		bx	lr
 109              	.L9:
 110 0006 00BF     		.align	2
 111              	.L8:
 112 0008 034F0040 		.word	1073762051
 113              		.cfi_endproc
 114              	.LFE4:
 115              		.size	Timer_Animacion2_SetInterruptMode, .-Timer_Animacion2_SetInterruptMode
 116              		.section	.text.Timer_Animacion2_SoftwareCapture,"ax",%progbits
 117              		.align	2
 118              		.global	Timer_Animacion2_SoftwareCapture
ARM GAS  C:\Users\RECEPC~1\AppData\Local\Temp\ccm1rjxO.s 			page 8


 119              		.thumb
 120              		.thumb_func
 121              		.type	Timer_Animacion2_SoftwareCapture, %function
 122              	Timer_Animacion2_SoftwareCapture:
 123              	.LFB5:
 282:.\Generated_Source\PSoC5/Timer_Animacion2.c **** }
 283:.\Generated_Source\PSoC5/Timer_Animacion2.c **** 
 284:.\Generated_Source\PSoC5/Timer_Animacion2.c **** 
 285:.\Generated_Source\PSoC5/Timer_Animacion2.c **** /*******************************************************************************
 286:.\Generated_Source\PSoC5/Timer_Animacion2.c **** * Function Name: Timer_Animacion2_SoftwareCapture
 287:.\Generated_Source\PSoC5/Timer_Animacion2.c **** ********************************************************************************
 288:.\Generated_Source\PSoC5/Timer_Animacion2.c **** *
 289:.\Generated_Source\PSoC5/Timer_Animacion2.c **** * Summary:
 290:.\Generated_Source\PSoC5/Timer_Animacion2.c **** *  This function forces a capture independent of the capture signal.
 291:.\Generated_Source\PSoC5/Timer_Animacion2.c **** *
 292:.\Generated_Source\PSoC5/Timer_Animacion2.c **** * Parameters:
 293:.\Generated_Source\PSoC5/Timer_Animacion2.c **** *  void
 294:.\Generated_Source\PSoC5/Timer_Animacion2.c **** *
 295:.\Generated_Source\PSoC5/Timer_Animacion2.c **** * Return:
 296:.\Generated_Source\PSoC5/Timer_Animacion2.c **** *  void
 297:.\Generated_Source\PSoC5/Timer_Animacion2.c **** *
 298:.\Generated_Source\PSoC5/Timer_Animacion2.c **** * Side Effects:
 299:.\Generated_Source\PSoC5/Timer_Animacion2.c **** *  An existing hardware capture could be overwritten.
 300:.\Generated_Source\PSoC5/Timer_Animacion2.c **** *
 301:.\Generated_Source\PSoC5/Timer_Animacion2.c **** *******************************************************************************/
 302:.\Generated_Source\PSoC5/Timer_Animacion2.c **** void Timer_Animacion2_SoftwareCapture(void) 
 303:.\Generated_Source\PSoC5/Timer_Animacion2.c **** {
 124              		.loc 1 303 0
 125              		.cfi_startproc
 126              		@ args = 0, pretend = 0, frame = 0
 127              		@ frame_needed = 0, uses_anonymous_args = 0
 128              		@ link register save eliminated.
 304:.\Generated_Source\PSoC5/Timer_Animacion2.c ****     /* Generate a software capture by reading the counter register */
 305:.\Generated_Source\PSoC5/Timer_Animacion2.c ****     #if(Timer_Animacion2_UsingFixedFunction)
 306:.\Generated_Source\PSoC5/Timer_Animacion2.c ****         (void)CY_GET_REG16(Timer_Animacion2_COUNTER_LSB_PTR);
 129              		.loc 1 306 0
 130 0000 014B     		ldr	r3, .L11
 131 0002 1B88     		ldrh	r3, [r3]
 132 0004 7047     		bx	lr
 133              	.L12:
 134 0006 00BF     		.align	2
 135              	.L11:
 136 0008 064F0040 		.word	1073762054
 137              		.cfi_endproc
 138              	.LFE5:
 139              		.size	Timer_Animacion2_SoftwareCapture, .-Timer_Animacion2_SoftwareCapture
 140              		.section	.text.Timer_Animacion2_ReadStatusRegister,"ax",%progbits
 141              		.align	2
 142              		.global	Timer_Animacion2_ReadStatusRegister
 143              		.thumb
 144              		.thumb_func
 145              		.type	Timer_Animacion2_ReadStatusRegister, %function
 146              	Timer_Animacion2_ReadStatusRegister:
 147              	.LFB6:
 307:.\Generated_Source\PSoC5/Timer_Animacion2.c ****     #else
 308:.\Generated_Source\PSoC5/Timer_Animacion2.c ****         (void)CY_GET_REG8(Timer_Animacion2_COUNTER_LSB_PTR_8BIT);
 309:.\Generated_Source\PSoC5/Timer_Animacion2.c ****     #endif/* (Timer_Animacion2_UsingFixedFunction) */
ARM GAS  C:\Users\RECEPC~1\AppData\Local\Temp\ccm1rjxO.s 			page 9


 310:.\Generated_Source\PSoC5/Timer_Animacion2.c ****     /* Capture Data is now in the FIFO */
 311:.\Generated_Source\PSoC5/Timer_Animacion2.c **** }
 312:.\Generated_Source\PSoC5/Timer_Animacion2.c **** 
 313:.\Generated_Source\PSoC5/Timer_Animacion2.c **** 
 314:.\Generated_Source\PSoC5/Timer_Animacion2.c **** /*******************************************************************************
 315:.\Generated_Source\PSoC5/Timer_Animacion2.c **** * Function Name: Timer_Animacion2_ReadStatusRegister
 316:.\Generated_Source\PSoC5/Timer_Animacion2.c **** ********************************************************************************
 317:.\Generated_Source\PSoC5/Timer_Animacion2.c **** *
 318:.\Generated_Source\PSoC5/Timer_Animacion2.c **** * Summary:
 319:.\Generated_Source\PSoC5/Timer_Animacion2.c **** *  Reads the status register and returns it's state. This function should use
 320:.\Generated_Source\PSoC5/Timer_Animacion2.c **** *  defined types for the bit-field information as the bits in this register may
 321:.\Generated_Source\PSoC5/Timer_Animacion2.c **** *  be permuteable.
 322:.\Generated_Source\PSoC5/Timer_Animacion2.c **** *
 323:.\Generated_Source\PSoC5/Timer_Animacion2.c **** * Parameters:
 324:.\Generated_Source\PSoC5/Timer_Animacion2.c **** *  void
 325:.\Generated_Source\PSoC5/Timer_Animacion2.c **** *
 326:.\Generated_Source\PSoC5/Timer_Animacion2.c **** * Return:
 327:.\Generated_Source\PSoC5/Timer_Animacion2.c **** *  The contents of the status register
 328:.\Generated_Source\PSoC5/Timer_Animacion2.c **** *
 329:.\Generated_Source\PSoC5/Timer_Animacion2.c **** * Side Effects:
 330:.\Generated_Source\PSoC5/Timer_Animacion2.c **** *  Status register bits may be clear on read.
 331:.\Generated_Source\PSoC5/Timer_Animacion2.c **** *
 332:.\Generated_Source\PSoC5/Timer_Animacion2.c **** *******************************************************************************/
 333:.\Generated_Source\PSoC5/Timer_Animacion2.c **** uint8   Timer_Animacion2_ReadStatusRegister(void) 
 334:.\Generated_Source\PSoC5/Timer_Animacion2.c **** {
 148              		.loc 1 334 0
 149              		.cfi_startproc
 150              		@ args = 0, pretend = 0, frame = 0
 151              		@ frame_needed = 0, uses_anonymous_args = 0
 152              		@ link register save eliminated.
 335:.\Generated_Source\PSoC5/Timer_Animacion2.c ****     return (Timer_Animacion2_STATUS);
 153              		.loc 1 335 0
 154 0000 014B     		ldr	r3, .L14
 155 0002 1878     		ldrb	r0, [r3]	@ zero_extendqisi2
 336:.\Generated_Source\PSoC5/Timer_Animacion2.c **** }
 156              		.loc 1 336 0
 157 0004 7047     		bx	lr
 158              	.L15:
 159 0006 00BF     		.align	2
 160              	.L14:
 161 0008 034F0040 		.word	1073762051
 162              		.cfi_endproc
 163              	.LFE6:
 164              		.size	Timer_Animacion2_ReadStatusRegister, .-Timer_Animacion2_ReadStatusRegister
 165              		.section	.text.Timer_Animacion2_ReadControlRegister,"ax",%progbits
 166              		.align	2
 167              		.global	Timer_Animacion2_ReadControlRegister
 168              		.thumb
 169              		.thumb_func
 170              		.type	Timer_Animacion2_ReadControlRegister, %function
 171              	Timer_Animacion2_ReadControlRegister:
 172              	.LFB7:
 337:.\Generated_Source\PSoC5/Timer_Animacion2.c **** 
 338:.\Generated_Source\PSoC5/Timer_Animacion2.c **** 
 339:.\Generated_Source\PSoC5/Timer_Animacion2.c **** #if (!Timer_Animacion2_UDB_CONTROL_REG_REMOVED) /* Remove API if control register is unused */
 340:.\Generated_Source\PSoC5/Timer_Animacion2.c **** 
 341:.\Generated_Source\PSoC5/Timer_Animacion2.c **** 
ARM GAS  C:\Users\RECEPC~1\AppData\Local\Temp\ccm1rjxO.s 			page 10


 342:.\Generated_Source\PSoC5/Timer_Animacion2.c **** /*******************************************************************************
 343:.\Generated_Source\PSoC5/Timer_Animacion2.c **** * Function Name: Timer_Animacion2_ReadControlRegister
 344:.\Generated_Source\PSoC5/Timer_Animacion2.c **** ********************************************************************************
 345:.\Generated_Source\PSoC5/Timer_Animacion2.c **** *
 346:.\Generated_Source\PSoC5/Timer_Animacion2.c **** * Summary:
 347:.\Generated_Source\PSoC5/Timer_Animacion2.c **** *  Reads the control register and returns it's value.
 348:.\Generated_Source\PSoC5/Timer_Animacion2.c **** *
 349:.\Generated_Source\PSoC5/Timer_Animacion2.c **** * Parameters:
 350:.\Generated_Source\PSoC5/Timer_Animacion2.c **** *  void
 351:.\Generated_Source\PSoC5/Timer_Animacion2.c **** *
 352:.\Generated_Source\PSoC5/Timer_Animacion2.c **** * Return:
 353:.\Generated_Source\PSoC5/Timer_Animacion2.c **** *  The contents of the control register
 354:.\Generated_Source\PSoC5/Timer_Animacion2.c **** *
 355:.\Generated_Source\PSoC5/Timer_Animacion2.c **** *******************************************************************************/
 356:.\Generated_Source\PSoC5/Timer_Animacion2.c **** uint8 Timer_Animacion2_ReadControlRegister(void) 
 357:.\Generated_Source\PSoC5/Timer_Animacion2.c **** {
 173              		.loc 1 357 0
 174              		.cfi_startproc
 175              		@ args = 0, pretend = 0, frame = 0
 176              		@ frame_needed = 0, uses_anonymous_args = 0
 177              		@ link register save eliminated.
 358:.\Generated_Source\PSoC5/Timer_Animacion2.c ****     #if (!Timer_Animacion2_UDB_CONTROL_REG_REMOVED) 
 359:.\Generated_Source\PSoC5/Timer_Animacion2.c ****         return ((uint8)Timer_Animacion2_CONTROL);
 178              		.loc 1 359 0
 179 0000 014B     		ldr	r3, .L17
 180 0002 1878     		ldrb	r0, [r3]	@ zero_extendqisi2
 360:.\Generated_Source\PSoC5/Timer_Animacion2.c ****     #else
 361:.\Generated_Source\PSoC5/Timer_Animacion2.c ****         return (0);
 362:.\Generated_Source\PSoC5/Timer_Animacion2.c ****     #endif /* (!Timer_Animacion2_UDB_CONTROL_REG_REMOVED) */
 363:.\Generated_Source\PSoC5/Timer_Animacion2.c **** }
 181              		.loc 1 363 0
 182 0004 7047     		bx	lr
 183              	.L18:
 184 0006 00BF     		.align	2
 185              	.L17:
 186 0008 004F0040 		.word	1073762048
 187              		.cfi_endproc
 188              	.LFE7:
 189              		.size	Timer_Animacion2_ReadControlRegister, .-Timer_Animacion2_ReadControlRegister
 190              		.section	.text.Timer_Animacion2_WriteControlRegister,"ax",%progbits
 191              		.align	2
 192              		.global	Timer_Animacion2_WriteControlRegister
 193              		.thumb
 194              		.thumb_func
 195              		.type	Timer_Animacion2_WriteControlRegister, %function
 196              	Timer_Animacion2_WriteControlRegister:
 197              	.LFB8:
 364:.\Generated_Source\PSoC5/Timer_Animacion2.c **** 
 365:.\Generated_Source\PSoC5/Timer_Animacion2.c **** 
 366:.\Generated_Source\PSoC5/Timer_Animacion2.c **** /*******************************************************************************
 367:.\Generated_Source\PSoC5/Timer_Animacion2.c **** * Function Name: Timer_Animacion2_WriteControlRegister
 368:.\Generated_Source\PSoC5/Timer_Animacion2.c **** ********************************************************************************
 369:.\Generated_Source\PSoC5/Timer_Animacion2.c **** *
 370:.\Generated_Source\PSoC5/Timer_Animacion2.c **** * Summary:
 371:.\Generated_Source\PSoC5/Timer_Animacion2.c **** *  Sets the bit-field of the control register.
 372:.\Generated_Source\PSoC5/Timer_Animacion2.c **** *
 373:.\Generated_Source\PSoC5/Timer_Animacion2.c **** * Parameters:
ARM GAS  C:\Users\RECEPC~1\AppData\Local\Temp\ccm1rjxO.s 			page 11


 374:.\Generated_Source\PSoC5/Timer_Animacion2.c **** *  control: The contents of the control register
 375:.\Generated_Source\PSoC5/Timer_Animacion2.c **** *
 376:.\Generated_Source\PSoC5/Timer_Animacion2.c **** * Return:
 377:.\Generated_Source\PSoC5/Timer_Animacion2.c **** *
 378:.\Generated_Source\PSoC5/Timer_Animacion2.c **** *******************************************************************************/
 379:.\Generated_Source\PSoC5/Timer_Animacion2.c **** void Timer_Animacion2_WriteControlRegister(uint8 control) 
 380:.\Generated_Source\PSoC5/Timer_Animacion2.c **** {
 198              		.loc 1 380 0
 199              		.cfi_startproc
 200              		@ args = 0, pretend = 0, frame = 0
 201              		@ frame_needed = 0, uses_anonymous_args = 0
 202              		@ link register save eliminated.
 203              	.LVL1:
 381:.\Generated_Source\PSoC5/Timer_Animacion2.c ****     #if (!Timer_Animacion2_UDB_CONTROL_REG_REMOVED) 
 382:.\Generated_Source\PSoC5/Timer_Animacion2.c ****         Timer_Animacion2_CONTROL = control;
 204              		.loc 1 382 0
 205 0000 014B     		ldr	r3, .L20
 206 0002 1870     		strb	r0, [r3]
 207 0004 7047     		bx	lr
 208              	.L21:
 209 0006 00BF     		.align	2
 210              	.L20:
 211 0008 004F0040 		.word	1073762048
 212              		.cfi_endproc
 213              	.LFE8:
 214              		.size	Timer_Animacion2_WriteControlRegister, .-Timer_Animacion2_WriteControlRegister
 215              		.section	.text.Timer_Animacion2_ReadPeriod,"ax",%progbits
 216              		.align	2
 217              		.global	Timer_Animacion2_ReadPeriod
 218              		.thumb
 219              		.thumb_func
 220              		.type	Timer_Animacion2_ReadPeriod, %function
 221              	Timer_Animacion2_ReadPeriod:
 222              	.LFB9:
 383:.\Generated_Source\PSoC5/Timer_Animacion2.c ****     #else
 384:.\Generated_Source\PSoC5/Timer_Animacion2.c ****         control = 0u;
 385:.\Generated_Source\PSoC5/Timer_Animacion2.c ****     #endif /* (!Timer_Animacion2_UDB_CONTROL_REG_REMOVED) */
 386:.\Generated_Source\PSoC5/Timer_Animacion2.c **** }
 387:.\Generated_Source\PSoC5/Timer_Animacion2.c **** 
 388:.\Generated_Source\PSoC5/Timer_Animacion2.c **** #endif /* Remove API if control register is unused */
 389:.\Generated_Source\PSoC5/Timer_Animacion2.c **** 
 390:.\Generated_Source\PSoC5/Timer_Animacion2.c **** 
 391:.\Generated_Source\PSoC5/Timer_Animacion2.c **** /*******************************************************************************
 392:.\Generated_Source\PSoC5/Timer_Animacion2.c **** * Function Name: Timer_Animacion2_ReadPeriod
 393:.\Generated_Source\PSoC5/Timer_Animacion2.c **** ********************************************************************************
 394:.\Generated_Source\PSoC5/Timer_Animacion2.c **** *
 395:.\Generated_Source\PSoC5/Timer_Animacion2.c **** * Summary:
 396:.\Generated_Source\PSoC5/Timer_Animacion2.c **** *  This function returns the current value of the Period.
 397:.\Generated_Source\PSoC5/Timer_Animacion2.c **** *
 398:.\Generated_Source\PSoC5/Timer_Animacion2.c **** * Parameters:
 399:.\Generated_Source\PSoC5/Timer_Animacion2.c **** *  void
 400:.\Generated_Source\PSoC5/Timer_Animacion2.c **** *
 401:.\Generated_Source\PSoC5/Timer_Animacion2.c **** * Return:
 402:.\Generated_Source\PSoC5/Timer_Animacion2.c **** *  The present value of the counter.
 403:.\Generated_Source\PSoC5/Timer_Animacion2.c **** *
 404:.\Generated_Source\PSoC5/Timer_Animacion2.c **** *******************************************************************************/
 405:.\Generated_Source\PSoC5/Timer_Animacion2.c **** uint16 Timer_Animacion2_ReadPeriod(void) 
ARM GAS  C:\Users\RECEPC~1\AppData\Local\Temp\ccm1rjxO.s 			page 12


 406:.\Generated_Source\PSoC5/Timer_Animacion2.c **** {
 223              		.loc 1 406 0
 224              		.cfi_startproc
 225              		@ args = 0, pretend = 0, frame = 0
 226              		@ frame_needed = 0, uses_anonymous_args = 0
 227              		@ link register save eliminated.
 407:.\Generated_Source\PSoC5/Timer_Animacion2.c ****    #if(Timer_Animacion2_UsingFixedFunction)
 408:.\Generated_Source\PSoC5/Timer_Animacion2.c ****        return ((uint16)CY_GET_REG16(Timer_Animacion2_PERIOD_LSB_PTR));
 228              		.loc 1 408 0
 229 0000 014B     		ldr	r3, .L23
 230 0002 1888     		ldrh	r0, [r3]
 409:.\Generated_Source\PSoC5/Timer_Animacion2.c ****    #else
 410:.\Generated_Source\PSoC5/Timer_Animacion2.c ****        return (CY_GET_REG16(Timer_Animacion2_PERIOD_LSB_PTR));
 411:.\Generated_Source\PSoC5/Timer_Animacion2.c ****    #endif /* (Timer_Animacion2_UsingFixedFunction) */
 412:.\Generated_Source\PSoC5/Timer_Animacion2.c **** }
 231              		.loc 1 412 0
 232 0004 80B2     		uxth	r0, r0
 233 0006 7047     		bx	lr
 234              	.L24:
 235              		.align	2
 236              	.L23:
 237 0008 044F0040 		.word	1073762052
 238              		.cfi_endproc
 239              	.LFE9:
 240              		.size	Timer_Animacion2_ReadPeriod, .-Timer_Animacion2_ReadPeriod
 241              		.section	.text.Timer_Animacion2_WritePeriod,"ax",%progbits
 242              		.align	2
 243              		.global	Timer_Animacion2_WritePeriod
 244              		.thumb
 245              		.thumb_func
 246              		.type	Timer_Animacion2_WritePeriod, %function
 247              	Timer_Animacion2_WritePeriod:
 248              	.LFB10:
 413:.\Generated_Source\PSoC5/Timer_Animacion2.c **** 
 414:.\Generated_Source\PSoC5/Timer_Animacion2.c **** 
 415:.\Generated_Source\PSoC5/Timer_Animacion2.c **** /*******************************************************************************
 416:.\Generated_Source\PSoC5/Timer_Animacion2.c **** * Function Name: Timer_Animacion2_WritePeriod
 417:.\Generated_Source\PSoC5/Timer_Animacion2.c **** ********************************************************************************
 418:.\Generated_Source\PSoC5/Timer_Animacion2.c **** *
 419:.\Generated_Source\PSoC5/Timer_Animacion2.c **** * Summary:
 420:.\Generated_Source\PSoC5/Timer_Animacion2.c **** *  This function is used to change the period of the counter.  The new period
 421:.\Generated_Source\PSoC5/Timer_Animacion2.c **** *  will be loaded the next time terminal count is detected.
 422:.\Generated_Source\PSoC5/Timer_Animacion2.c **** *
 423:.\Generated_Source\PSoC5/Timer_Animacion2.c **** * Parameters:
 424:.\Generated_Source\PSoC5/Timer_Animacion2.c **** *  period: This value may be between 1 and (2^Resolution)-1.  A value of 0 will
 425:.\Generated_Source\PSoC5/Timer_Animacion2.c **** *          result in the counter remaining at zero.
 426:.\Generated_Source\PSoC5/Timer_Animacion2.c **** *
 427:.\Generated_Source\PSoC5/Timer_Animacion2.c **** * Return:
 428:.\Generated_Source\PSoC5/Timer_Animacion2.c **** *  void
 429:.\Generated_Source\PSoC5/Timer_Animacion2.c **** *
 430:.\Generated_Source\PSoC5/Timer_Animacion2.c **** *******************************************************************************/
 431:.\Generated_Source\PSoC5/Timer_Animacion2.c **** void Timer_Animacion2_WritePeriod(uint16 period) 
 432:.\Generated_Source\PSoC5/Timer_Animacion2.c **** {
 249              		.loc 1 432 0
 250              		.cfi_startproc
 251              		@ args = 0, pretend = 0, frame = 0
 252              		@ frame_needed = 0, uses_anonymous_args = 0
ARM GAS  C:\Users\RECEPC~1\AppData\Local\Temp\ccm1rjxO.s 			page 13


 253              		@ link register save eliminated.
 254              	.LVL2:
 433:.\Generated_Source\PSoC5/Timer_Animacion2.c ****     #if(Timer_Animacion2_UsingFixedFunction)
 434:.\Generated_Source\PSoC5/Timer_Animacion2.c ****         uint16 period_temp = (uint16)period;
 435:.\Generated_Source\PSoC5/Timer_Animacion2.c ****         CY_SET_REG16(Timer_Animacion2_PERIOD_LSB_PTR, period_temp);
 255              		.loc 1 435 0
 256 0000 014B     		ldr	r3, .L26
 257 0002 1880     		strh	r0, [r3]	@ movhi
 258 0004 7047     		bx	lr
 259              	.L27:
 260 0006 00BF     		.align	2
 261              	.L26:
 262 0008 044F0040 		.word	1073762052
 263              		.cfi_endproc
 264              	.LFE10:
 265              		.size	Timer_Animacion2_WritePeriod, .-Timer_Animacion2_WritePeriod
 266              		.section	.text.Timer_Animacion2_ReadCapture,"ax",%progbits
 267              		.align	2
 268              		.global	Timer_Animacion2_ReadCapture
 269              		.thumb
 270              		.thumb_func
 271              		.type	Timer_Animacion2_ReadCapture, %function
 272              	Timer_Animacion2_ReadCapture:
 273              	.LFB11:
 436:.\Generated_Source\PSoC5/Timer_Animacion2.c ****     #else
 437:.\Generated_Source\PSoC5/Timer_Animacion2.c ****         CY_SET_REG16(Timer_Animacion2_PERIOD_LSB_PTR, period);
 438:.\Generated_Source\PSoC5/Timer_Animacion2.c ****     #endif /*Write Period value with appropriate resolution suffix depending on UDB or fixed functi
 439:.\Generated_Source\PSoC5/Timer_Animacion2.c **** }
 440:.\Generated_Source\PSoC5/Timer_Animacion2.c **** 
 441:.\Generated_Source\PSoC5/Timer_Animacion2.c **** 
 442:.\Generated_Source\PSoC5/Timer_Animacion2.c **** /*******************************************************************************
 443:.\Generated_Source\PSoC5/Timer_Animacion2.c **** * Function Name: Timer_Animacion2_ReadCapture
 444:.\Generated_Source\PSoC5/Timer_Animacion2.c **** ********************************************************************************
 445:.\Generated_Source\PSoC5/Timer_Animacion2.c **** *
 446:.\Generated_Source\PSoC5/Timer_Animacion2.c **** * Summary:
 447:.\Generated_Source\PSoC5/Timer_Animacion2.c **** *  This function returns the last value captured.
 448:.\Generated_Source\PSoC5/Timer_Animacion2.c **** *
 449:.\Generated_Source\PSoC5/Timer_Animacion2.c **** * Parameters:
 450:.\Generated_Source\PSoC5/Timer_Animacion2.c **** *  void
 451:.\Generated_Source\PSoC5/Timer_Animacion2.c **** *
 452:.\Generated_Source\PSoC5/Timer_Animacion2.c **** * Return:
 453:.\Generated_Source\PSoC5/Timer_Animacion2.c **** *  Present Capture value.
 454:.\Generated_Source\PSoC5/Timer_Animacion2.c **** *
 455:.\Generated_Source\PSoC5/Timer_Animacion2.c **** *******************************************************************************/
 456:.\Generated_Source\PSoC5/Timer_Animacion2.c **** uint16 Timer_Animacion2_ReadCapture(void) 
 457:.\Generated_Source\PSoC5/Timer_Animacion2.c **** {
 274              		.loc 1 457 0
 275              		.cfi_startproc
 276              		@ args = 0, pretend = 0, frame = 0
 277              		@ frame_needed = 0, uses_anonymous_args = 0
 278              		@ link register save eliminated.
 458:.\Generated_Source\PSoC5/Timer_Animacion2.c ****    #if(Timer_Animacion2_UsingFixedFunction)
 459:.\Generated_Source\PSoC5/Timer_Animacion2.c ****        return ((uint16)CY_GET_REG16(Timer_Animacion2_CAPTURE_LSB_PTR));
 279              		.loc 1 459 0
 280 0000 014B     		ldr	r3, .L29
 281 0002 1888     		ldrh	r0, [r3]
 460:.\Generated_Source\PSoC5/Timer_Animacion2.c ****    #else
ARM GAS  C:\Users\RECEPC~1\AppData\Local\Temp\ccm1rjxO.s 			page 14


 461:.\Generated_Source\PSoC5/Timer_Animacion2.c ****        return (CY_GET_REG16(Timer_Animacion2_CAPTURE_LSB_PTR));
 462:.\Generated_Source\PSoC5/Timer_Animacion2.c ****    #endif /* (Timer_Animacion2_UsingFixedFunction) */
 463:.\Generated_Source\PSoC5/Timer_Animacion2.c **** }
 282              		.loc 1 463 0
 283 0004 80B2     		uxth	r0, r0
 284 0006 7047     		bx	lr
 285              	.L30:
 286              		.align	2
 287              	.L29:
 288 0008 084F0040 		.word	1073762056
 289              		.cfi_endproc
 290              	.LFE11:
 291              		.size	Timer_Animacion2_ReadCapture, .-Timer_Animacion2_ReadCapture
 292              		.section	.text.Timer_Animacion2_WriteCounter,"ax",%progbits
 293              		.align	2
 294              		.global	Timer_Animacion2_WriteCounter
 295              		.thumb
 296              		.thumb_func
 297              		.type	Timer_Animacion2_WriteCounter, %function
 298              	Timer_Animacion2_WriteCounter:
 299              	.LFB12:
 464:.\Generated_Source\PSoC5/Timer_Animacion2.c **** 
 465:.\Generated_Source\PSoC5/Timer_Animacion2.c **** 
 466:.\Generated_Source\PSoC5/Timer_Animacion2.c **** /*******************************************************************************
 467:.\Generated_Source\PSoC5/Timer_Animacion2.c **** * Function Name: Timer_Animacion2_WriteCounter
 468:.\Generated_Source\PSoC5/Timer_Animacion2.c **** ********************************************************************************
 469:.\Generated_Source\PSoC5/Timer_Animacion2.c **** *
 470:.\Generated_Source\PSoC5/Timer_Animacion2.c **** * Summary:
 471:.\Generated_Source\PSoC5/Timer_Animacion2.c **** *  This funtion is used to set the counter to a specific value
 472:.\Generated_Source\PSoC5/Timer_Animacion2.c **** *
 473:.\Generated_Source\PSoC5/Timer_Animacion2.c **** * Parameters:
 474:.\Generated_Source\PSoC5/Timer_Animacion2.c **** *  counter:  New counter value.
 475:.\Generated_Source\PSoC5/Timer_Animacion2.c **** *
 476:.\Generated_Source\PSoC5/Timer_Animacion2.c **** * Return:
 477:.\Generated_Source\PSoC5/Timer_Animacion2.c **** *  void
 478:.\Generated_Source\PSoC5/Timer_Animacion2.c **** *
 479:.\Generated_Source\PSoC5/Timer_Animacion2.c **** *******************************************************************************/
 480:.\Generated_Source\PSoC5/Timer_Animacion2.c **** void Timer_Animacion2_WriteCounter(uint16 counter) 
 481:.\Generated_Source\PSoC5/Timer_Animacion2.c **** {
 300              		.loc 1 481 0
 301              		.cfi_startproc
 302              		@ args = 0, pretend = 0, frame = 0
 303              		@ frame_needed = 0, uses_anonymous_args = 0
 304              		@ link register save eliminated.
 305              	.LVL3:
 482:.\Generated_Source\PSoC5/Timer_Animacion2.c ****    #if(Timer_Animacion2_UsingFixedFunction)
 483:.\Generated_Source\PSoC5/Timer_Animacion2.c ****         /* This functionality is removed until a FixedFunction HW update to
 484:.\Generated_Source\PSoC5/Timer_Animacion2.c ****          * allow this register to be written
 485:.\Generated_Source\PSoC5/Timer_Animacion2.c ****          */
 486:.\Generated_Source\PSoC5/Timer_Animacion2.c ****         CY_SET_REG16(Timer_Animacion2_COUNTER_LSB_PTR, (uint16)counter);
 306              		.loc 1 486 0
 307 0000 014B     		ldr	r3, .L32
 308 0002 1880     		strh	r0, [r3]	@ movhi
 309 0004 7047     		bx	lr
 310              	.L33:
 311 0006 00BF     		.align	2
 312              	.L32:
ARM GAS  C:\Users\RECEPC~1\AppData\Local\Temp\ccm1rjxO.s 			page 15


 313 0008 064F0040 		.word	1073762054
 314              		.cfi_endproc
 315              	.LFE12:
 316              		.size	Timer_Animacion2_WriteCounter, .-Timer_Animacion2_WriteCounter
 317              		.section	.text.Timer_Animacion2_Init,"ax",%progbits
 318              		.align	2
 319              		.global	Timer_Animacion2_Init
 320              		.thumb
 321              		.thumb_func
 322              		.type	Timer_Animacion2_Init, %function
 323              	Timer_Animacion2_Init:
 324              	.LFB0:
  44:.\Generated_Source\PSoC5/Timer_Animacion2.c **** {
 325              		.loc 1 44 0
 326              		.cfi_startproc
 327              		@ args = 0, pretend = 0, frame = 0
 328              		@ frame_needed = 0, uses_anonymous_args = 0
 329 0000 08B5     		push	{r3, lr}
 330              		.cfi_def_cfa_offset 8
 331              		.cfi_offset 3, -8
 332              		.cfi_offset 14, -4
  52:.\Generated_Source\PSoC5/Timer_Animacion2.c ****         Timer_Animacion2_CONTROL &= Timer_Animacion2_CTRL_ENABLE;
 333              		.loc 1 52 0
 334 0002 164B     		ldr	r3, .L35
 335 0004 1A78     		ldrb	r2, [r3]	@ zero_extendqisi2
 336 0006 02F00102 		and	r2, r2, #1
 337 000a 1A70     		strb	r2, [r3]
  60:.\Generated_Source\PSoC5/Timer_Animacion2.c ****             Timer_Animacion2_CONTROL3 &= ((uint8)(~Timer_Animacion2_CTRL_MODE_MASK));
 338              		.loc 1 60 0
 339 000c 0233     		adds	r3, r3, #2
 340 000e 1A78     		ldrb	r2, [r3]	@ zero_extendqisi2
 341 0010 02F0FC02 		and	r2, r2, #252
 342 0014 1A70     		strb	r2, [r3]
 106:.\Generated_Source\PSoC5/Timer_Animacion2.c ****         Timer_Animacion2_RT1 &= ((uint8)(~Timer_Animacion2_RT1_MASK));
 343              		.loc 1 106 0
 344 0016 0933     		adds	r3, r3, #9
 345 0018 1A78     		ldrb	r2, [r3]	@ zero_extendqisi2
 346 001a 02F0CF02 		and	r2, r2, #207
 347 001e 1A70     		strb	r2, [r3]
 107:.\Generated_Source\PSoC5/Timer_Animacion2.c ****         Timer_Animacion2_RT1 |= Timer_Animacion2_SYNC;
 348              		.loc 1 107 0
 349 0020 1A78     		ldrb	r2, [r3]	@ zero_extendqisi2
 350 0022 42F03002 		orr	r2, r2, #48
 351 0026 1A70     		strb	r2, [r3]
 110:.\Generated_Source\PSoC5/Timer_Animacion2.c ****         Timer_Animacion2_RT1 &= ((uint8)(~Timer_Animacion2_SYNCDSI_MASK));
 352              		.loc 1 110 0
 353 0028 1A78     		ldrb	r2, [r3]	@ zero_extendqisi2
 354 002a 02F0F002 		and	r2, r2, #240
 355 002e 1A70     		strb	r2, [r3]
 111:.\Generated_Source\PSoC5/Timer_Animacion2.c ****         Timer_Animacion2_RT1 |= Timer_Animacion2_SYNCDSI_EN;
 356              		.loc 1 111 0
 357 0030 1A78     		ldrb	r2, [r3]	@ zero_extendqisi2
 358 0032 42F00F02 		orr	r2, r2, #15
 359 0036 1A70     		strb	r2, [r3]
 114:.\Generated_Source\PSoC5/Timer_Animacion2.c ****         Timer_Animacion2_CONTROL2 |= Timer_Animacion2_CTRL2_IRQ_SEL;
 360              		.loc 1 114 0
 361 0038 0A3B     		subs	r3, r3, #10
ARM GAS  C:\Users\RECEPC~1\AppData\Local\Temp\ccm1rjxO.s 			page 16


 362 003a 1A78     		ldrb	r2, [r3]	@ zero_extendqisi2
 363 003c 42F00102 		orr	r2, r2, #1
 364 0040 1A70     		strb	r2, [r3]
 118:.\Generated_Source\PSoC5/Timer_Animacion2.c ****     Timer_Animacion2_WritePeriod(Timer_Animacion2_INIT_PERIOD);
 365              		.loc 1 118 0
 366 0042 40F21F30 		movw	r0, #799
 367 0046 FFF7FEFF 		bl	Timer_Animacion2_WritePeriod
 368              	.LVL4:
 119:.\Generated_Source\PSoC5/Timer_Animacion2.c ****     Timer_Animacion2_WriteCounter(Timer_Animacion2_INIT_PERIOD);
 369              		.loc 1 119 0
 370 004a 40F21F30 		movw	r0, #799
 371 004e FFF7FEFF 		bl	Timer_Animacion2_WriteCounter
 372              	.LVL5:
 162:.\Generated_Source\PSoC5/Timer_Animacion2.c ****     Timer_Animacion2_SetInterruptMode(Timer_Animacion2_INIT_INTERRUPT_MODE);
 373              		.loc 1 162 0
 374 0052 0820     		movs	r0, #8
 375 0054 FFF7FEFF 		bl	Timer_Animacion2_SetInterruptMode
 376              	.LVL6:
 377 0058 08BD     		pop	{r3, pc}
 378              	.L36:
 379 005a 00BF     		.align	2
 380              	.L35:
 381 005c 004F0040 		.word	1073762048
 382              		.cfi_endproc
 383              	.LFE0:
 384              		.size	Timer_Animacion2_Init, .-Timer_Animacion2_Init
 385              		.section	.text.Timer_Animacion2_Start,"ax",%progbits
 386              		.align	2
 387              		.global	Timer_Animacion2_Start
 388              		.thumb
 389              		.thumb_func
 390              		.type	Timer_Animacion2_Start, %function
 391              	Timer_Animacion2_Start:
 392              	.LFB2:
 216:.\Generated_Source\PSoC5/Timer_Animacion2.c **** {
 393              		.loc 1 216 0
 394              		.cfi_startproc
 395              		@ args = 0, pretend = 0, frame = 0
 396              		@ frame_needed = 0, uses_anonymous_args = 0
 397 0000 08B5     		push	{r3, lr}
 398              		.cfi_def_cfa_offset 8
 399              		.cfi_offset 3, -8
 400              		.cfi_offset 14, -4
 217:.\Generated_Source\PSoC5/Timer_Animacion2.c ****     if(Timer_Animacion2_initVar == 0u)
 401              		.loc 1 217 0
 402 0002 054B     		ldr	r3, .L39
 403 0004 1B78     		ldrb	r3, [r3]	@ zero_extendqisi2
 404 0006 23B9     		cbnz	r3, .L38
 219:.\Generated_Source\PSoC5/Timer_Animacion2.c ****         Timer_Animacion2_Init();
 405              		.loc 1 219 0
 406 0008 FFF7FEFF 		bl	Timer_Animacion2_Init
 407              	.LVL7:
 221:.\Generated_Source\PSoC5/Timer_Animacion2.c ****         Timer_Animacion2_initVar = 1u;   /* Clear this bit for Initialization */
 408              		.loc 1 221 0
 409 000c 0122     		movs	r2, #1
 410 000e 024B     		ldr	r3, .L39
 411 0010 1A70     		strb	r2, [r3]
ARM GAS  C:\Users\RECEPC~1\AppData\Local\Temp\ccm1rjxO.s 			page 17


 412              	.L38:
 225:.\Generated_Source\PSoC5/Timer_Animacion2.c ****     Timer_Animacion2_Enable();
 413              		.loc 1 225 0
 414 0012 FFF7FEFF 		bl	Timer_Animacion2_Enable
 415              	.LVL8:
 416 0016 08BD     		pop	{r3, pc}
 417              	.L40:
 418              		.align	2
 419              	.L39:
 420 0018 00000000 		.word	.LANCHOR0
 421              		.cfi_endproc
 422              	.LFE2:
 423              		.size	Timer_Animacion2_Start, .-Timer_Animacion2_Start
 424              		.section	.text.Timer_Animacion2_ReadCounter,"ax",%progbits
 425              		.align	2
 426              		.global	Timer_Animacion2_ReadCounter
 427              		.thumb
 428              		.thumb_func
 429              		.type	Timer_Animacion2_ReadCounter, %function
 430              	Timer_Animacion2_ReadCounter:
 431              	.LFB13:
 487:.\Generated_Source\PSoC5/Timer_Animacion2.c ****         
 488:.\Generated_Source\PSoC5/Timer_Animacion2.c ****     #else
 489:.\Generated_Source\PSoC5/Timer_Animacion2.c ****         CY_SET_REG16(Timer_Animacion2_COUNTER_LSB_PTR, counter);
 490:.\Generated_Source\PSoC5/Timer_Animacion2.c ****     #endif /* Set Write Counter only for the UDB implementation (Write Counter not available in fix
 491:.\Generated_Source\PSoC5/Timer_Animacion2.c **** }
 492:.\Generated_Source\PSoC5/Timer_Animacion2.c **** 
 493:.\Generated_Source\PSoC5/Timer_Animacion2.c **** 
 494:.\Generated_Source\PSoC5/Timer_Animacion2.c **** /*******************************************************************************
 495:.\Generated_Source\PSoC5/Timer_Animacion2.c **** * Function Name: Timer_Animacion2_ReadCounter
 496:.\Generated_Source\PSoC5/Timer_Animacion2.c **** ********************************************************************************
 497:.\Generated_Source\PSoC5/Timer_Animacion2.c **** *
 498:.\Generated_Source\PSoC5/Timer_Animacion2.c **** * Summary:
 499:.\Generated_Source\PSoC5/Timer_Animacion2.c **** *  This function returns the current counter value.
 500:.\Generated_Source\PSoC5/Timer_Animacion2.c **** *
 501:.\Generated_Source\PSoC5/Timer_Animacion2.c **** * Parameters:
 502:.\Generated_Source\PSoC5/Timer_Animacion2.c **** *  void
 503:.\Generated_Source\PSoC5/Timer_Animacion2.c **** *
 504:.\Generated_Source\PSoC5/Timer_Animacion2.c **** * Return:
 505:.\Generated_Source\PSoC5/Timer_Animacion2.c **** *  Present compare value.
 506:.\Generated_Source\PSoC5/Timer_Animacion2.c **** *
 507:.\Generated_Source\PSoC5/Timer_Animacion2.c **** *******************************************************************************/
 508:.\Generated_Source\PSoC5/Timer_Animacion2.c **** uint16 Timer_Animacion2_ReadCounter(void) 
 509:.\Generated_Source\PSoC5/Timer_Animacion2.c **** {
 432              		.loc 1 509 0
 433              		.cfi_startproc
 434              		@ args = 0, pretend = 0, frame = 0
 435              		@ frame_needed = 0, uses_anonymous_args = 0
 436              		@ link register save eliminated.
 510:.\Generated_Source\PSoC5/Timer_Animacion2.c ****     /* Force capture by reading Accumulator */
 511:.\Generated_Source\PSoC5/Timer_Animacion2.c ****     /* Must first do a software capture to be able to read the counter */
 512:.\Generated_Source\PSoC5/Timer_Animacion2.c ****     /* It is up to the user code to make sure there isn't already captured data in the FIFO */
 513:.\Generated_Source\PSoC5/Timer_Animacion2.c ****     #if(Timer_Animacion2_UsingFixedFunction)
 514:.\Generated_Source\PSoC5/Timer_Animacion2.c ****         (void)CY_GET_REG16(Timer_Animacion2_COUNTER_LSB_PTR);
 437              		.loc 1 514 0
 438 0000 024B     		ldr	r3, .L42
 439 0002 1B88     		ldrh	r3, [r3]
ARM GAS  C:\Users\RECEPC~1\AppData\Local\Temp\ccm1rjxO.s 			page 18


 515:.\Generated_Source\PSoC5/Timer_Animacion2.c ****     #else
 516:.\Generated_Source\PSoC5/Timer_Animacion2.c ****         (void)CY_GET_REG8(Timer_Animacion2_COUNTER_LSB_PTR_8BIT);
 517:.\Generated_Source\PSoC5/Timer_Animacion2.c ****     #endif/* (Timer_Animacion2_UsingFixedFunction) */
 518:.\Generated_Source\PSoC5/Timer_Animacion2.c **** 
 519:.\Generated_Source\PSoC5/Timer_Animacion2.c ****     /* Read the data from the FIFO (or capture register for Fixed Function)*/
 520:.\Generated_Source\PSoC5/Timer_Animacion2.c ****     #if(Timer_Animacion2_UsingFixedFunction)
 521:.\Generated_Source\PSoC5/Timer_Animacion2.c ****         return ((uint16)CY_GET_REG16(Timer_Animacion2_CAPTURE_LSB_PTR));
 440              		.loc 1 521 0
 441 0004 024B     		ldr	r3, .L42+4
 442 0006 1888     		ldrh	r0, [r3]
 522:.\Generated_Source\PSoC5/Timer_Animacion2.c ****     #else
 523:.\Generated_Source\PSoC5/Timer_Animacion2.c ****         return (CY_GET_REG16(Timer_Animacion2_CAPTURE_LSB_PTR));
 524:.\Generated_Source\PSoC5/Timer_Animacion2.c ****     #endif /* (Timer_Animacion2_UsingFixedFunction) */
 525:.\Generated_Source\PSoC5/Timer_Animacion2.c **** }
 443              		.loc 1 525 0
 444 0008 80B2     		uxth	r0, r0
 445 000a 7047     		bx	lr
 446              	.L43:
 447              		.align	2
 448              	.L42:
 449 000c 064F0040 		.word	1073762054
 450 0010 084F0040 		.word	1073762056
 451              		.cfi_endproc
 452              	.LFE13:
 453              		.size	Timer_Animacion2_ReadCounter, .-Timer_Animacion2_ReadCounter
 454              		.global	Timer_Animacion2_initVar
 455              		.bss
 456              		.set	.LANCHOR0,. + 0
 457              		.type	Timer_Animacion2_initVar, %object
 458              		.size	Timer_Animacion2_initVar, 1
 459              	Timer_Animacion2_initVar:
 460 0000 00       		.space	1
 461              		.text
 462              	.Letext0:
 463              		.file 2 ".\\Generated_Source\\PSoC5\\cytypes.h"
 464              		.section	.debug_info,"",%progbits
 465              	.Ldebug_info0:
 466 0000 88020000 		.4byte	0x288
 467 0004 0400     		.2byte	0x4
 468 0006 00000000 		.4byte	.Ldebug_abbrev0
 469 000a 04       		.byte	0x4
 470 000b 01       		.uleb128 0x1
 471 000c CA010000 		.4byte	.LASF35
 472 0010 01       		.byte	0x1
 473 0011 A6000000 		.4byte	.LASF36
 474 0015 5C000000 		.4byte	.LASF37
 475 0019 00000000 		.4byte	.Ldebug_ranges0+0
 476 001d 00000000 		.4byte	0
 477 0021 00000000 		.4byte	.Ldebug_line0
 478 0025 02       		.uleb128 0x2
 479 0026 01       		.byte	0x1
 480 0027 06       		.byte	0x6
 481 0028 39030000 		.4byte	.LASF0
 482 002c 02       		.uleb128 0x2
 483 002d 01       		.byte	0x1
 484 002e 08       		.byte	0x8
 485 002f 98000000 		.4byte	.LASF1
ARM GAS  C:\Users\RECEPC~1\AppData\Local\Temp\ccm1rjxO.s 			page 19


 486 0033 02       		.uleb128 0x2
 487 0034 02       		.byte	0x2
 488 0035 05       		.byte	0x5
 489 0036 C0020000 		.4byte	.LASF2
 490 003a 02       		.uleb128 0x2
 491 003b 02       		.byte	0x2
 492 003c 07       		.byte	0x7
 493 003d 3B000000 		.4byte	.LASF3
 494 0041 02       		.uleb128 0x2
 495 0042 04       		.byte	0x4
 496 0043 05       		.byte	0x5
 497 0044 14030000 		.4byte	.LASF4
 498 0048 02       		.uleb128 0x2
 499 0049 04       		.byte	0x4
 500 004a 07       		.byte	0x7
 501 004b D7000000 		.4byte	.LASF5
 502 004f 02       		.uleb128 0x2
 503 0050 08       		.byte	0x8
 504 0051 05       		.byte	0x5
 505 0052 65020000 		.4byte	.LASF6
 506 0056 02       		.uleb128 0x2
 507 0057 08       		.byte	0x8
 508 0058 07       		.byte	0x7
 509 0059 8B010000 		.4byte	.LASF7
 510 005d 03       		.uleb128 0x3
 511 005e 04       		.byte	0x4
 512 005f 05       		.byte	0x5
 513 0060 696E7400 		.ascii	"int\000"
 514 0064 02       		.uleb128 0x2
 515 0065 04       		.byte	0x4
 516 0066 07       		.byte	0x7
 517 0067 65010000 		.4byte	.LASF8
 518 006b 04       		.uleb128 0x4
 519 006c E9000000 		.4byte	.LASF9
 520 0070 02       		.byte	0x2
 521 0071 B4       		.byte	0xb4
 522 0072 2C000000 		.4byte	0x2c
 523 0076 04       		.uleb128 0x4
 524 0077 40010000 		.4byte	.LASF10
 525 007b 02       		.byte	0x2
 526 007c B5       		.byte	0xb5
 527 007d 3A000000 		.4byte	0x3a
 528 0081 02       		.uleb128 0x2
 529 0082 04       		.byte	0x4
 530 0083 04       		.byte	0x4
 531 0084 4E000000 		.4byte	.LASF11
 532 0088 02       		.uleb128 0x2
 533 0089 08       		.byte	0x8
 534 008a 04       		.byte	0x4
 535 008b 1C010000 		.4byte	.LASF12
 536 008f 02       		.uleb128 0x2
 537 0090 01       		.byte	0x1
 538 0091 08       		.byte	0x8
 539 0092 1D030000 		.4byte	.LASF13
 540 0096 05       		.uleb128 0x5
 541 0097 D2000000 		.4byte	.LASF14
 542 009b 02       		.byte	0x2
ARM GAS  C:\Users\RECEPC~1\AppData\Local\Temp\ccm1rjxO.s 			page 20


 543 009c 5E01     		.2byte	0x15e
 544 009e A2000000 		.4byte	0xa2
 545 00a2 06       		.uleb128 0x6
 546 00a3 6B000000 		.4byte	0x6b
 547 00a7 05       		.uleb128 0x5
 548 00a8 00000000 		.4byte	.LASF15
 549 00ac 02       		.byte	0x2
 550 00ad 5F01     		.2byte	0x15f
 551 00af B3000000 		.4byte	0xb3
 552 00b3 06       		.uleb128 0x6
 553 00b4 76000000 		.4byte	0x76
 554 00b8 02       		.uleb128 0x2
 555 00b9 04       		.byte	0x4
 556 00ba 07       		.byte	0x7
 557 00bb 5C020000 		.4byte	.LASF16
 558 00bf 07       		.uleb128 0x7
 559 00c0 06000000 		.4byte	.LASF17
 560 00c4 01       		.byte	0x1
 561 00c5 B4       		.byte	0xb4
 562 00c6 00000000 		.4byte	.LFB1
 563 00ca 28000000 		.4byte	.LFE1-.LFB1
 564 00ce 01       		.uleb128 0x1
 565 00cf 9C       		.byte	0x9c
 566 00d0 07       		.uleb128 0x7
 567 00d1 1E000000 		.4byte	.LASF18
 568 00d5 01       		.byte	0x1
 569 00d6 F7       		.byte	0xf7
 570 00d7 00000000 		.4byte	.LFB3
 571 00db 28000000 		.4byte	.LFE3-.LFB3
 572 00df 01       		.uleb128 0x1
 573 00e0 9C       		.byte	0x9c
 574 00e1 08       		.uleb128 0x8
 575 00e2 81020000 		.4byte	.LASF22
 576 00e6 01       		.byte	0x1
 577 00e7 1701     		.2byte	0x117
 578 00e9 00000000 		.4byte	.LFB4
 579 00ed 0C000000 		.4byte	.LFE4-.LFB4
 580 00f1 01       		.uleb128 0x1
 581 00f2 9C       		.byte	0x9c
 582 00f3 06010000 		.4byte	0x106
 583 00f7 09       		.uleb128 0x9
 584 00f8 73020000 		.4byte	.LASF24
 585 00fc 01       		.byte	0x1
 586 00fd 1701     		.2byte	0x117
 587 00ff 6B000000 		.4byte	0x6b
 588 0103 01       		.uleb128 0x1
 589 0104 50       		.byte	0x50
 590 0105 00       		.byte	0
 591 0106 0A       		.uleb128 0xa
 592 0107 62030000 		.4byte	.LASF19
 593 010b 01       		.byte	0x1
 594 010c 2E01     		.2byte	0x12e
 595 010e 00000000 		.4byte	.LFB5
 596 0112 0C000000 		.4byte	.LFE5-.LFB5
 597 0116 01       		.uleb128 0x1
 598 0117 9C       		.byte	0x9c
 599 0118 0B       		.uleb128 0xb
ARM GAS  C:\Users\RECEPC~1\AppData\Local\Temp\ccm1rjxO.s 			page 21


 600 0119 CA020000 		.4byte	.LASF20
 601 011d 01       		.byte	0x1
 602 011e 4D01     		.2byte	0x14d
 603 0120 6B000000 		.4byte	0x6b
 604 0124 00000000 		.4byte	.LFB6
 605 0128 0C000000 		.4byte	.LFE6-.LFB6
 606 012c 01       		.uleb128 0x1
 607 012d 9C       		.byte	0x9c
 608 012e 0B       		.uleb128 0xb
 609 012f F7000000 		.4byte	.LASF21
 610 0133 01       		.byte	0x1
 611 0134 6401     		.2byte	0x164
 612 0136 6B000000 		.4byte	0x6b
 613 013a 00000000 		.4byte	.LFB7
 614 013e 0C000000 		.4byte	.LFE7-.LFB7
 615 0142 01       		.uleb128 0x1
 616 0143 9C       		.byte	0x9c
 617 0144 08       		.uleb128 0x8
 618 0145 EE020000 		.4byte	.LASF23
 619 0149 01       		.byte	0x1
 620 014a 7B01     		.2byte	0x17b
 621 014c 00000000 		.4byte	.LFB8
 622 0150 0C000000 		.4byte	.LFE8-.LFB8
 623 0154 01       		.uleb128 0x1
 624 0155 9C       		.byte	0x9c
 625 0156 69010000 		.4byte	0x169
 626 015a 09       		.uleb128 0x9
 627 015b EF000000 		.4byte	.LASF25
 628 015f 01       		.byte	0x1
 629 0160 7B01     		.2byte	0x17b
 630 0162 6B000000 		.4byte	0x6b
 631 0166 01       		.uleb128 0x1
 632 0167 50       		.byte	0x50
 633 0168 00       		.byte	0
 634 0169 0B       		.uleb128 0xb
 635 016a AE010000 		.4byte	.LASF26
 636 016e 01       		.byte	0x1
 637 016f 9501     		.2byte	0x195
 638 0171 76000000 		.4byte	0x76
 639 0175 00000000 		.4byte	.LFB9
 640 0179 0C000000 		.4byte	.LFE9-.LFB9
 641 017d 01       		.uleb128 0x1
 642 017e 9C       		.byte	0x9c
 643 017f 08       		.uleb128 0x8
 644 0180 23010000 		.4byte	.LASF27
 645 0184 01       		.byte	0x1
 646 0185 AF01     		.2byte	0x1af
 647 0187 00000000 		.4byte	.LFB10
 648 018b 0C000000 		.4byte	.LFE10-.LFB10
 649 018f 01       		.uleb128 0x1
 650 0190 9C       		.byte	0x9c
 651 0191 B2010000 		.4byte	0x1b2
 652 0195 09       		.uleb128 0x9
 653 0196 34000000 		.4byte	.LASF28
 654 019a 01       		.byte	0x1
 655 019b AF01     		.2byte	0x1af
 656 019d 76000000 		.4byte	0x76
ARM GAS  C:\Users\RECEPC~1\AppData\Local\Temp\ccm1rjxO.s 			page 22


 657 01a1 01       		.uleb128 0x1
 658 01a2 50       		.byte	0x50
 659 01a3 0C       		.uleb128 0xc
 660 01a4 A2010000 		.4byte	.LASF38
 661 01a8 01       		.byte	0x1
 662 01a9 B201     		.2byte	0x1b2
 663 01ab 76000000 		.4byte	0x76
 664 01af 01       		.uleb128 0x1
 665 01b0 50       		.byte	0x50
 666 01b1 00       		.byte	0
 667 01b2 0B       		.uleb128 0xb
 668 01b3 A3020000 		.4byte	.LASF29
 669 01b7 01       		.byte	0x1
 670 01b8 C801     		.2byte	0x1c8
 671 01ba 76000000 		.4byte	0x76
 672 01be 00000000 		.4byte	.LFB11
 673 01c2 0C000000 		.4byte	.LFE11-.LFB11
 674 01c6 01       		.uleb128 0x1
 675 01c7 9C       		.byte	0x9c
 676 01c8 08       		.uleb128 0x8
 677 01c9 47010000 		.4byte	.LASF30
 678 01cd 01       		.byte	0x1
 679 01ce E001     		.2byte	0x1e0
 680 01d0 00000000 		.4byte	.LFB12
 681 01d4 0C000000 		.4byte	.LFE12-.LFB12
 682 01d8 01       		.uleb128 0x1
 683 01d9 9C       		.byte	0x9c
 684 01da ED010000 		.4byte	0x1ed
 685 01de 09       		.uleb128 0x9
 686 01df 54000000 		.4byte	.LASF31
 687 01e3 01       		.byte	0x1
 688 01e4 E001     		.2byte	0x1e0
 689 01e6 76000000 		.4byte	0x76
 690 01ea 01       		.uleb128 0x1
 691 01eb 50       		.byte	0x50
 692 01ec 00       		.byte	0
 693 01ed 0D       		.uleb128 0xd
 694 01ee 46020000 		.4byte	.LASF32
 695 01f2 01       		.byte	0x1
 696 01f3 2B       		.byte	0x2b
 697 01f4 00000000 		.4byte	.LFB0
 698 01f8 60000000 		.4byte	.LFE0-.LFB0
 699 01fc 01       		.uleb128 0x1
 700 01fd 9C       		.byte	0x9c
 701 01fe 3C020000 		.4byte	0x23c
 702 0202 0E       		.uleb128 0xe
 703 0203 4A000000 		.4byte	.LVL4
 704 0207 7F010000 		.4byte	0x17f
 705 020b 17020000 		.4byte	0x217
 706 020f 0F       		.uleb128 0xf
 707 0210 01       		.uleb128 0x1
 708 0211 50       		.byte	0x50
 709 0212 03       		.uleb128 0x3
 710 0213 0A       		.byte	0xa
 711 0214 1F03     		.2byte	0x31f
 712 0216 00       		.byte	0
 713 0217 0E       		.uleb128 0xe
ARM GAS  C:\Users\RECEPC~1\AppData\Local\Temp\ccm1rjxO.s 			page 23


 714 0218 52000000 		.4byte	.LVL5
 715 021c C8010000 		.4byte	0x1c8
 716 0220 2C020000 		.4byte	0x22c
 717 0224 0F       		.uleb128 0xf
 718 0225 01       		.uleb128 0x1
 719 0226 50       		.byte	0x50
 720 0227 03       		.uleb128 0x3
 721 0228 0A       		.byte	0xa
 722 0229 1F03     		.2byte	0x31f
 723 022b 00       		.byte	0
 724 022c 10       		.uleb128 0x10
 725 022d 58000000 		.4byte	.LVL6
 726 0231 E1000000 		.4byte	0xe1
 727 0235 0F       		.uleb128 0xf
 728 0236 01       		.uleb128 0x1
 729 0237 50       		.byte	0x50
 730 0238 01       		.uleb128 0x1
 731 0239 38       		.byte	0x38
 732 023a 00       		.byte	0
 733 023b 00       		.byte	0
 734 023c 0D       		.uleb128 0xd
 735 023d 22030000 		.4byte	.LASF33
 736 0241 01       		.byte	0x1
 737 0242 D7       		.byte	0xd7
 738 0243 00000000 		.4byte	.LFB2
 739 0247 1C000000 		.4byte	.LFE2-.LFB2
 740 024b 01       		.uleb128 0x1
 741 024c 9C       		.byte	0x9c
 742 024d 64020000 		.4byte	0x264
 743 0251 11       		.uleb128 0x11
 744 0252 0C000000 		.4byte	.LVL7
 745 0256 ED010000 		.4byte	0x1ed
 746 025a 11       		.uleb128 0x11
 747 025b 16000000 		.4byte	.LVL8
 748 025f BF000000 		.4byte	0xbf
 749 0263 00       		.byte	0
 750 0264 0B       		.uleb128 0xb
 751 0265 45030000 		.4byte	.LASF34
 752 0269 01       		.byte	0x1
 753 026a FC01     		.2byte	0x1fc
 754 026c 76000000 		.4byte	0x76
 755 0270 00000000 		.4byte	.LFB13
 756 0274 14000000 		.4byte	.LFE13-.LFB13
 757 0278 01       		.uleb128 0x1
 758 0279 9C       		.byte	0x9c
 759 027a 12       		.uleb128 0x12
 760 027b 72010000 		.4byte	.LASF39
 761 027f 01       		.byte	0x1
 762 0280 1A       		.byte	0x1a
 763 0281 6B000000 		.4byte	0x6b
 764 0285 05       		.uleb128 0x5
 765 0286 03       		.byte	0x3
 766 0287 00000000 		.4byte	Timer_Animacion2_initVar
 767 028b 00       		.byte	0
 768              		.section	.debug_abbrev,"",%progbits
 769              	.Ldebug_abbrev0:
 770 0000 01       		.uleb128 0x1
ARM GAS  C:\Users\RECEPC~1\AppData\Local\Temp\ccm1rjxO.s 			page 24


 771 0001 11       		.uleb128 0x11
 772 0002 01       		.byte	0x1
 773 0003 25       		.uleb128 0x25
 774 0004 0E       		.uleb128 0xe
 775 0005 13       		.uleb128 0x13
 776 0006 0B       		.uleb128 0xb
 777 0007 03       		.uleb128 0x3
 778 0008 0E       		.uleb128 0xe
 779 0009 1B       		.uleb128 0x1b
 780 000a 0E       		.uleb128 0xe
 781 000b 55       		.uleb128 0x55
 782 000c 17       		.uleb128 0x17
 783 000d 11       		.uleb128 0x11
 784 000e 01       		.uleb128 0x1
 785 000f 10       		.uleb128 0x10
 786 0010 17       		.uleb128 0x17
 787 0011 00       		.byte	0
 788 0012 00       		.byte	0
 789 0013 02       		.uleb128 0x2
 790 0014 24       		.uleb128 0x24
 791 0015 00       		.byte	0
 792 0016 0B       		.uleb128 0xb
 793 0017 0B       		.uleb128 0xb
 794 0018 3E       		.uleb128 0x3e
 795 0019 0B       		.uleb128 0xb
 796 001a 03       		.uleb128 0x3
 797 001b 0E       		.uleb128 0xe
 798 001c 00       		.byte	0
 799 001d 00       		.byte	0
 800 001e 03       		.uleb128 0x3
 801 001f 24       		.uleb128 0x24
 802 0020 00       		.byte	0
 803 0021 0B       		.uleb128 0xb
 804 0022 0B       		.uleb128 0xb
 805 0023 3E       		.uleb128 0x3e
 806 0024 0B       		.uleb128 0xb
 807 0025 03       		.uleb128 0x3
 808 0026 08       		.uleb128 0x8
 809 0027 00       		.byte	0
 810 0028 00       		.byte	0
 811 0029 04       		.uleb128 0x4
 812 002a 16       		.uleb128 0x16
 813 002b 00       		.byte	0
 814 002c 03       		.uleb128 0x3
 815 002d 0E       		.uleb128 0xe
 816 002e 3A       		.uleb128 0x3a
 817 002f 0B       		.uleb128 0xb
 818 0030 3B       		.uleb128 0x3b
 819 0031 0B       		.uleb128 0xb
 820 0032 49       		.uleb128 0x49
 821 0033 13       		.uleb128 0x13
 822 0034 00       		.byte	0
 823 0035 00       		.byte	0
 824 0036 05       		.uleb128 0x5
 825 0037 16       		.uleb128 0x16
 826 0038 00       		.byte	0
 827 0039 03       		.uleb128 0x3
ARM GAS  C:\Users\RECEPC~1\AppData\Local\Temp\ccm1rjxO.s 			page 25


 828 003a 0E       		.uleb128 0xe
 829 003b 3A       		.uleb128 0x3a
 830 003c 0B       		.uleb128 0xb
 831 003d 3B       		.uleb128 0x3b
 832 003e 05       		.uleb128 0x5
 833 003f 49       		.uleb128 0x49
 834 0040 13       		.uleb128 0x13
 835 0041 00       		.byte	0
 836 0042 00       		.byte	0
 837 0043 06       		.uleb128 0x6
 838 0044 35       		.uleb128 0x35
 839 0045 00       		.byte	0
 840 0046 49       		.uleb128 0x49
 841 0047 13       		.uleb128 0x13
 842 0048 00       		.byte	0
 843 0049 00       		.byte	0
 844 004a 07       		.uleb128 0x7
 845 004b 2E       		.uleb128 0x2e
 846 004c 00       		.byte	0
 847 004d 3F       		.uleb128 0x3f
 848 004e 19       		.uleb128 0x19
 849 004f 03       		.uleb128 0x3
 850 0050 0E       		.uleb128 0xe
 851 0051 3A       		.uleb128 0x3a
 852 0052 0B       		.uleb128 0xb
 853 0053 3B       		.uleb128 0x3b
 854 0054 0B       		.uleb128 0xb
 855 0055 27       		.uleb128 0x27
 856 0056 19       		.uleb128 0x19
 857 0057 11       		.uleb128 0x11
 858 0058 01       		.uleb128 0x1
 859 0059 12       		.uleb128 0x12
 860 005a 06       		.uleb128 0x6
 861 005b 40       		.uleb128 0x40
 862 005c 18       		.uleb128 0x18
 863 005d 9742     		.uleb128 0x2117
 864 005f 19       		.uleb128 0x19
 865 0060 00       		.byte	0
 866 0061 00       		.byte	0
 867 0062 08       		.uleb128 0x8
 868 0063 2E       		.uleb128 0x2e
 869 0064 01       		.byte	0x1
 870 0065 3F       		.uleb128 0x3f
 871 0066 19       		.uleb128 0x19
 872 0067 03       		.uleb128 0x3
 873 0068 0E       		.uleb128 0xe
 874 0069 3A       		.uleb128 0x3a
 875 006a 0B       		.uleb128 0xb
 876 006b 3B       		.uleb128 0x3b
 877 006c 05       		.uleb128 0x5
 878 006d 27       		.uleb128 0x27
 879 006e 19       		.uleb128 0x19
 880 006f 11       		.uleb128 0x11
 881 0070 01       		.uleb128 0x1
 882 0071 12       		.uleb128 0x12
 883 0072 06       		.uleb128 0x6
 884 0073 40       		.uleb128 0x40
ARM GAS  C:\Users\RECEPC~1\AppData\Local\Temp\ccm1rjxO.s 			page 26


 885 0074 18       		.uleb128 0x18
 886 0075 9742     		.uleb128 0x2117
 887 0077 19       		.uleb128 0x19
 888 0078 01       		.uleb128 0x1
 889 0079 13       		.uleb128 0x13
 890 007a 00       		.byte	0
 891 007b 00       		.byte	0
 892 007c 09       		.uleb128 0x9
 893 007d 05       		.uleb128 0x5
 894 007e 00       		.byte	0
 895 007f 03       		.uleb128 0x3
 896 0080 0E       		.uleb128 0xe
 897 0081 3A       		.uleb128 0x3a
 898 0082 0B       		.uleb128 0xb
 899 0083 3B       		.uleb128 0x3b
 900 0084 05       		.uleb128 0x5
 901 0085 49       		.uleb128 0x49
 902 0086 13       		.uleb128 0x13
 903 0087 02       		.uleb128 0x2
 904 0088 18       		.uleb128 0x18
 905 0089 00       		.byte	0
 906 008a 00       		.byte	0
 907 008b 0A       		.uleb128 0xa
 908 008c 2E       		.uleb128 0x2e
 909 008d 00       		.byte	0
 910 008e 3F       		.uleb128 0x3f
 911 008f 19       		.uleb128 0x19
 912 0090 03       		.uleb128 0x3
 913 0091 0E       		.uleb128 0xe
 914 0092 3A       		.uleb128 0x3a
 915 0093 0B       		.uleb128 0xb
 916 0094 3B       		.uleb128 0x3b
 917 0095 05       		.uleb128 0x5
 918 0096 27       		.uleb128 0x27
 919 0097 19       		.uleb128 0x19
 920 0098 11       		.uleb128 0x11
 921 0099 01       		.uleb128 0x1
 922 009a 12       		.uleb128 0x12
 923 009b 06       		.uleb128 0x6
 924 009c 40       		.uleb128 0x40
 925 009d 18       		.uleb128 0x18
 926 009e 9742     		.uleb128 0x2117
 927 00a0 19       		.uleb128 0x19
 928 00a1 00       		.byte	0
 929 00a2 00       		.byte	0
 930 00a3 0B       		.uleb128 0xb
 931 00a4 2E       		.uleb128 0x2e
 932 00a5 00       		.byte	0
 933 00a6 3F       		.uleb128 0x3f
 934 00a7 19       		.uleb128 0x19
 935 00a8 03       		.uleb128 0x3
 936 00a9 0E       		.uleb128 0xe
 937 00aa 3A       		.uleb128 0x3a
 938 00ab 0B       		.uleb128 0xb
 939 00ac 3B       		.uleb128 0x3b
 940 00ad 05       		.uleb128 0x5
 941 00ae 27       		.uleb128 0x27
ARM GAS  C:\Users\RECEPC~1\AppData\Local\Temp\ccm1rjxO.s 			page 27


 942 00af 19       		.uleb128 0x19
 943 00b0 49       		.uleb128 0x49
 944 00b1 13       		.uleb128 0x13
 945 00b2 11       		.uleb128 0x11
 946 00b3 01       		.uleb128 0x1
 947 00b4 12       		.uleb128 0x12
 948 00b5 06       		.uleb128 0x6
 949 00b6 40       		.uleb128 0x40
 950 00b7 18       		.uleb128 0x18
 951 00b8 9742     		.uleb128 0x2117
 952 00ba 19       		.uleb128 0x19
 953 00bb 00       		.byte	0
 954 00bc 00       		.byte	0
 955 00bd 0C       		.uleb128 0xc
 956 00be 34       		.uleb128 0x34
 957 00bf 00       		.byte	0
 958 00c0 03       		.uleb128 0x3
 959 00c1 0E       		.uleb128 0xe
 960 00c2 3A       		.uleb128 0x3a
 961 00c3 0B       		.uleb128 0xb
 962 00c4 3B       		.uleb128 0x3b
 963 00c5 05       		.uleb128 0x5
 964 00c6 49       		.uleb128 0x49
 965 00c7 13       		.uleb128 0x13
 966 00c8 02       		.uleb128 0x2
 967 00c9 18       		.uleb128 0x18
 968 00ca 00       		.byte	0
 969 00cb 00       		.byte	0
 970 00cc 0D       		.uleb128 0xd
 971 00cd 2E       		.uleb128 0x2e
 972 00ce 01       		.byte	0x1
 973 00cf 3F       		.uleb128 0x3f
 974 00d0 19       		.uleb128 0x19
 975 00d1 03       		.uleb128 0x3
 976 00d2 0E       		.uleb128 0xe
 977 00d3 3A       		.uleb128 0x3a
 978 00d4 0B       		.uleb128 0xb
 979 00d5 3B       		.uleb128 0x3b
 980 00d6 0B       		.uleb128 0xb
 981 00d7 27       		.uleb128 0x27
 982 00d8 19       		.uleb128 0x19
 983 00d9 11       		.uleb128 0x11
 984 00da 01       		.uleb128 0x1
 985 00db 12       		.uleb128 0x12
 986 00dc 06       		.uleb128 0x6
 987 00dd 40       		.uleb128 0x40
 988 00de 18       		.uleb128 0x18
 989 00df 9742     		.uleb128 0x2117
 990 00e1 19       		.uleb128 0x19
 991 00e2 01       		.uleb128 0x1
 992 00e3 13       		.uleb128 0x13
 993 00e4 00       		.byte	0
 994 00e5 00       		.byte	0
 995 00e6 0E       		.uleb128 0xe
 996 00e7 898201   		.uleb128 0x4109
 997 00ea 01       		.byte	0x1
 998 00eb 11       		.uleb128 0x11
ARM GAS  C:\Users\RECEPC~1\AppData\Local\Temp\ccm1rjxO.s 			page 28


 999 00ec 01       		.uleb128 0x1
 1000 00ed 31       		.uleb128 0x31
 1001 00ee 13       		.uleb128 0x13
 1002 00ef 01       		.uleb128 0x1
 1003 00f0 13       		.uleb128 0x13
 1004 00f1 00       		.byte	0
 1005 00f2 00       		.byte	0
 1006 00f3 0F       		.uleb128 0xf
 1007 00f4 8A8201   		.uleb128 0x410a
 1008 00f7 00       		.byte	0
 1009 00f8 02       		.uleb128 0x2
 1010 00f9 18       		.uleb128 0x18
 1011 00fa 9142     		.uleb128 0x2111
 1012 00fc 18       		.uleb128 0x18
 1013 00fd 00       		.byte	0
 1014 00fe 00       		.byte	0
 1015 00ff 10       		.uleb128 0x10
 1016 0100 898201   		.uleb128 0x4109
 1017 0103 01       		.byte	0x1
 1018 0104 11       		.uleb128 0x11
 1019 0105 01       		.uleb128 0x1
 1020 0106 31       		.uleb128 0x31
 1021 0107 13       		.uleb128 0x13
 1022 0108 00       		.byte	0
 1023 0109 00       		.byte	0
 1024 010a 11       		.uleb128 0x11
 1025 010b 898201   		.uleb128 0x4109
 1026 010e 00       		.byte	0
 1027 010f 11       		.uleb128 0x11
 1028 0110 01       		.uleb128 0x1
 1029 0111 31       		.uleb128 0x31
 1030 0112 13       		.uleb128 0x13
 1031 0113 00       		.byte	0
 1032 0114 00       		.byte	0
 1033 0115 12       		.uleb128 0x12
 1034 0116 34       		.uleb128 0x34
 1035 0117 00       		.byte	0
 1036 0118 03       		.uleb128 0x3
 1037 0119 0E       		.uleb128 0xe
 1038 011a 3A       		.uleb128 0x3a
 1039 011b 0B       		.uleb128 0xb
 1040 011c 3B       		.uleb128 0x3b
 1041 011d 0B       		.uleb128 0xb
 1042 011e 49       		.uleb128 0x49
 1043 011f 13       		.uleb128 0x13
 1044 0120 3F       		.uleb128 0x3f
 1045 0121 19       		.uleb128 0x19
 1046 0122 02       		.uleb128 0x2
 1047 0123 18       		.uleb128 0x18
 1048 0124 00       		.byte	0
 1049 0125 00       		.byte	0
 1050 0126 00       		.byte	0
 1051              		.section	.debug_aranges,"",%progbits
 1052 0000 84000000 		.4byte	0x84
 1053 0004 0200     		.2byte	0x2
 1054 0006 00000000 		.4byte	.Ldebug_info0
 1055 000a 04       		.byte	0x4
ARM GAS  C:\Users\RECEPC~1\AppData\Local\Temp\ccm1rjxO.s 			page 29


 1056 000b 00       		.byte	0
 1057 000c 0000     		.2byte	0
 1058 000e 0000     		.2byte	0
 1059 0010 00000000 		.4byte	.LFB1
 1060 0014 28000000 		.4byte	.LFE1-.LFB1
 1061 0018 00000000 		.4byte	.LFB3
 1062 001c 28000000 		.4byte	.LFE3-.LFB3
 1063 0020 00000000 		.4byte	.LFB4
 1064 0024 0C000000 		.4byte	.LFE4-.LFB4
 1065 0028 00000000 		.4byte	.LFB5
 1066 002c 0C000000 		.4byte	.LFE5-.LFB5
 1067 0030 00000000 		.4byte	.LFB6
 1068 0034 0C000000 		.4byte	.LFE6-.LFB6
 1069 0038 00000000 		.4byte	.LFB7
 1070 003c 0C000000 		.4byte	.LFE7-.LFB7
 1071 0040 00000000 		.4byte	.LFB8
 1072 0044 0C000000 		.4byte	.LFE8-.LFB8
 1073 0048 00000000 		.4byte	.LFB9
 1074 004c 0C000000 		.4byte	.LFE9-.LFB9
 1075 0050 00000000 		.4byte	.LFB10
 1076 0054 0C000000 		.4byte	.LFE10-.LFB10
 1077 0058 00000000 		.4byte	.LFB11
 1078 005c 0C000000 		.4byte	.LFE11-.LFB11
 1079 0060 00000000 		.4byte	.LFB12
 1080 0064 0C000000 		.4byte	.LFE12-.LFB12
 1081 0068 00000000 		.4byte	.LFB0
 1082 006c 60000000 		.4byte	.LFE0-.LFB0
 1083 0070 00000000 		.4byte	.LFB2
 1084 0074 1C000000 		.4byte	.LFE2-.LFB2
 1085 0078 00000000 		.4byte	.LFB13
 1086 007c 14000000 		.4byte	.LFE13-.LFB13
 1087 0080 00000000 		.4byte	0
 1088 0084 00000000 		.4byte	0
 1089              		.section	.debug_ranges,"",%progbits
 1090              	.Ldebug_ranges0:
 1091 0000 00000000 		.4byte	.LFB1
 1092 0004 28000000 		.4byte	.LFE1
 1093 0008 00000000 		.4byte	.LFB3
 1094 000c 28000000 		.4byte	.LFE3
 1095 0010 00000000 		.4byte	.LFB4
 1096 0014 0C000000 		.4byte	.LFE4
 1097 0018 00000000 		.4byte	.LFB5
 1098 001c 0C000000 		.4byte	.LFE5
 1099 0020 00000000 		.4byte	.LFB6
 1100 0024 0C000000 		.4byte	.LFE6
 1101 0028 00000000 		.4byte	.LFB7
 1102 002c 0C000000 		.4byte	.LFE7
 1103 0030 00000000 		.4byte	.LFB8
 1104 0034 0C000000 		.4byte	.LFE8
 1105 0038 00000000 		.4byte	.LFB9
 1106 003c 0C000000 		.4byte	.LFE9
 1107 0040 00000000 		.4byte	.LFB10
 1108 0044 0C000000 		.4byte	.LFE10
 1109 0048 00000000 		.4byte	.LFB11
 1110 004c 0C000000 		.4byte	.LFE11
 1111 0050 00000000 		.4byte	.LFB12
 1112 0054 0C000000 		.4byte	.LFE12
ARM GAS  C:\Users\RECEPC~1\AppData\Local\Temp\ccm1rjxO.s 			page 30


 1113 0058 00000000 		.4byte	.LFB0
 1114 005c 60000000 		.4byte	.LFE0
 1115 0060 00000000 		.4byte	.LFB2
 1116 0064 1C000000 		.4byte	.LFE2
 1117 0068 00000000 		.4byte	.LFB13
 1118 006c 14000000 		.4byte	.LFE13
 1119 0070 00000000 		.4byte	0
 1120 0074 00000000 		.4byte	0
 1121              		.section	.debug_line,"",%progbits
 1122              	.Ldebug_line0:
 1123 0000 5C010000 		.section	.debug_str,"MS",%progbits,1
 1123      02004F00 
 1123      00000201 
 1123      FB0E0D00 
 1123      01010101 
 1124              	.LASF15:
 1125 0000 72656731 		.ascii	"reg16\000"
 1125      3600
 1126              	.LASF17:
 1127 0006 54696D65 		.ascii	"Timer_Animacion2_Enable\000"
 1127      725F416E 
 1127      696D6163 
 1127      696F6E32 
 1127      5F456E61 
 1128              	.LASF18:
 1129 001e 54696D65 		.ascii	"Timer_Animacion2_Stop\000"
 1129      725F416E 
 1129      696D6163 
 1129      696F6E32 
 1129      5F53746F 
 1130              	.LASF28:
 1131 0034 70657269 		.ascii	"period\000"
 1131      6F6400
 1132              	.LASF3:
 1133 003b 73686F72 		.ascii	"short unsigned int\000"
 1133      7420756E 
 1133      7369676E 
 1133      65642069 
 1133      6E7400
 1134              	.LASF11:
 1135 004e 666C6F61 		.ascii	"float\000"
 1135      7400
 1136              	.LASF31:
 1137 0054 636F756E 		.ascii	"counter\000"
 1137      74657200 
 1138              	.LASF37:
 1139 005c 433A5C55 		.ascii	"C:\\Users\\Recepcion\\Documents\\NMUX\\Unificada\\U"
 1139      73657273 
 1139      5C526563 
 1139      65706369 
 1139      6F6E5C44 
 1140 0089 6E696669 		.ascii	"nificada.cydsn\000"
 1140      63616461 
 1140      2E637964 
 1140      736E00
 1141              	.LASF1:
 1142 0098 756E7369 		.ascii	"unsigned char\000"
ARM GAS  C:\Users\RECEPC~1\AppData\Local\Temp\ccm1rjxO.s 			page 31


 1142      676E6564 
 1142      20636861 
 1142      7200
 1143              	.LASF36:
 1144 00a6 2E5C4765 		.ascii	".\\Generated_Source\\PSoC5\\Timer_Animacion2.c\000"
 1144      6E657261 
 1144      7465645F 
 1144      536F7572 
 1144      63655C50 
 1145              	.LASF14:
 1146 00d2 72656738 		.ascii	"reg8\000"
 1146      00
 1147              	.LASF5:
 1148 00d7 6C6F6E67 		.ascii	"long unsigned int\000"
 1148      20756E73 
 1148      69676E65 
 1148      6420696E 
 1148      7400
 1149              	.LASF9:
 1150 00e9 75696E74 		.ascii	"uint8\000"
 1150      3800
 1151              	.LASF25:
 1152 00ef 636F6E74 		.ascii	"control\000"
 1152      726F6C00 
 1153              	.LASF21:
 1154 00f7 54696D65 		.ascii	"Timer_Animacion2_ReadControlRegister\000"
 1154      725F416E 
 1154      696D6163 
 1154      696F6E32 
 1154      5F526561 
 1155              	.LASF12:
 1156 011c 646F7562 		.ascii	"double\000"
 1156      6C6500
 1157              	.LASF27:
 1158 0123 54696D65 		.ascii	"Timer_Animacion2_WritePeriod\000"
 1158      725F416E 
 1158      696D6163 
 1158      696F6E32 
 1158      5F577269 
 1159              	.LASF10:
 1160 0140 75696E74 		.ascii	"uint16\000"
 1160      313600
 1161              	.LASF30:
 1162 0147 54696D65 		.ascii	"Timer_Animacion2_WriteCounter\000"
 1162      725F416E 
 1162      696D6163 
 1162      696F6E32 
 1162      5F577269 
 1163              	.LASF8:
 1164 0165 756E7369 		.ascii	"unsigned int\000"
 1164      676E6564 
 1164      20696E74 
 1164      00
 1165              	.LASF39:
 1166 0172 54696D65 		.ascii	"Timer_Animacion2_initVar\000"
 1166      725F416E 
 1166      696D6163 
ARM GAS  C:\Users\RECEPC~1\AppData\Local\Temp\ccm1rjxO.s 			page 32


 1166      696F6E32 
 1166      5F696E69 
 1167              	.LASF7:
 1168 018b 6C6F6E67 		.ascii	"long long unsigned int\000"
 1168      206C6F6E 
 1168      6720756E 
 1168      7369676E 
 1168      65642069 
 1169              	.LASF38:
 1170 01a2 70657269 		.ascii	"period_temp\000"
 1170      6F645F74 
 1170      656D7000 
 1171              	.LASF26:
 1172 01ae 54696D65 		.ascii	"Timer_Animacion2_ReadPeriod\000"
 1172      725F416E 
 1172      696D6163 
 1172      696F6E32 
 1172      5F526561 
 1173              	.LASF35:
 1174 01ca 474E5520 		.ascii	"GNU C 4.8.4 20140526 (release) [ARM/embedded-4_8-br"
 1174      4320342E 
 1174      382E3420 
 1174      32303134 
 1174      30353236 
 1175 01fd 616E6368 		.ascii	"anch revision 211358] -mcpu=cortex-m3 -mthumb -g -O"
 1175      20726576 
 1175      6973696F 
 1175      6E203231 
 1175      31333538 
 1176 0230 67202D66 		.ascii	"g -ffunction-sections\000"
 1176      66756E63 
 1176      74696F6E 
 1176      2D736563 
 1176      74696F6E 
 1177              	.LASF32:
 1178 0246 54696D65 		.ascii	"Timer_Animacion2_Init\000"
 1178      725F416E 
 1178      696D6163 
 1178      696F6E32 
 1178      5F496E69 
 1179              	.LASF16:
 1180 025c 73697A65 		.ascii	"sizetype\000"
 1180      74797065 
 1180      00
 1181              	.LASF6:
 1182 0265 6C6F6E67 		.ascii	"long long int\000"
 1182      206C6F6E 
 1182      6720696E 
 1182      7400
 1183              	.LASF24:
 1184 0273 696E7465 		.ascii	"interruptMode\000"
 1184      72727570 
 1184      744D6F64 
 1184      6500
 1185              	.LASF22:
 1186 0281 54696D65 		.ascii	"Timer_Animacion2_SetInterruptMode\000"
 1186      725F416E 
ARM GAS  C:\Users\RECEPC~1\AppData\Local\Temp\ccm1rjxO.s 			page 33


 1186      696D6163 
 1186      696F6E32 
 1186      5F536574 
 1187              	.LASF29:
 1188 02a3 54696D65 		.ascii	"Timer_Animacion2_ReadCapture\000"
 1188      725F416E 
 1188      696D6163 
 1188      696F6E32 
 1188      5F526561 
 1189              	.LASF2:
 1190 02c0 73686F72 		.ascii	"short int\000"
 1190      7420696E 
 1190      7400
 1191              	.LASF20:
 1192 02ca 54696D65 		.ascii	"Timer_Animacion2_ReadStatusRegister\000"
 1192      725F416E 
 1192      696D6163 
 1192      696F6E32 
 1192      5F526561 
 1193              	.LASF23:
 1194 02ee 54696D65 		.ascii	"Timer_Animacion2_WriteControlRegister\000"
 1194      725F416E 
 1194      696D6163 
 1194      696F6E32 
 1194      5F577269 
 1195              	.LASF4:
 1196 0314 6C6F6E67 		.ascii	"long int\000"
 1196      20696E74 
 1196      00
 1197              	.LASF13:
 1198 031d 63686172 		.ascii	"char\000"
 1198      00
 1199              	.LASF33:
 1200 0322 54696D65 		.ascii	"Timer_Animacion2_Start\000"
 1200      725F416E 
 1200      696D6163 
 1200      696F6E32 
 1200      5F537461 
 1201              	.LASF0:
 1202 0339 7369676E 		.ascii	"signed char\000"
 1202      65642063 
 1202      68617200 
 1203              	.LASF34:
 1204 0345 54696D65 		.ascii	"Timer_Animacion2_ReadCounter\000"
 1204      725F416E 
 1204      696D6163 
 1204      696F6E32 
 1204      5F526561 
 1205              	.LASF19:
 1206 0362 54696D65 		.ascii	"Timer_Animacion2_SoftwareCapture\000"
 1206      725F416E 
 1206      696D6163 
 1206      696F6E32 
 1206      5F536F66 
 1207              		.ident	"GCC: (GNU Tools for ARM Embedded Processors) 4.8.4 20140526 (release) [ARM/embedded-4_8-br
