--------------- Build Started: 03/31/2016 07:32:08 Project: Unificada, Configuration: ARM GCC 4.9-2015-q1-update Debug ---------------
cydsfit.exe -.appdatapath "C:\Users\Recepcion\AppData\Local\Cypress Semiconductor\PSoC Creator\3.3" -.fdsnotice -.fdswarpdepfile=warp_dependencies.txt -.fdselabdepfile=elab_dependencies.txt -.fdsbldfile=generated_files.txt -p C:\Users\Recepcion\Documents\NMUX\Unificada\Unificada.cydsn\Unificada.cyprj -d CY8C5868AXI-LP035 -s C:\Users\Recepcion\Documents\NMUX\Unificada\Unificada.cydsn\Generated_Source\PSoC5 -- -yv2 -q10 -ygs -o2 -v3 -.fftcfgtype=LE
Elaborating Design...
HDL Generation ...
Synthesis ...
Place and Route ...
Tech mapping ...
Analog Placement ...
Log: apr.M0058: The analog placement iterative improvement is 33% done. (App=cydsfit)
Log: apr.M0058: The analog placement iterative improvement is 55% done. (App=cydsfit)
Log: apr.M0058: The analog placement iterative improvement is 77% done. (App=cydsfit)
Log: apr.M0058: The analog placement iterative improvement is 99% done. (App=cydsfit)
Analog Routing ...
Analog Code Generation ...
Digital Placement ...
Digital Routing ...
Bitstream Generation ...
Static timing analysis ...
API Generation ...
Dependency Generation ...
Clean Temporary Files ...
arm-none-eabi-gcc.exe -mcpu=cortex-m3 -mthumb -Wno-main -I. -IGenerated_Source\PSoC5 -Wa,-alh=.\CortexM3\ARM_GCC_493\Debug/main.lst -g -D DEBUG -Wall -ffunction-sections -Og -ffat-lto-objects -c .\main.c -o .\CortexM3\ARM_GCC_493\Debug\main.o
arm-none-eabi-gcc.exe -mcpu=cortex-m3 -mthumb -Wno-main -I. -IGenerated_Source\PSoC5 -Wa,-alh=.\CortexM3\ARM_GCC_493\Debug/I2C.lst -g -D DEBUG -Wall -ffunction-sections -Og -ffat-lto-objects -c .\I2C.c -o .\CortexM3\ARM_GCC_493\Debug\I2C.o
arm-none-eabi-gcc.exe -mcpu=cortex-m3 -mthumb -Wno-main -I. -IGenerated_Source\PSoC5 -Wa,-alh=.\CortexM3\ARM_GCC_493\Debug/ibuton.lst -g -D DEBUG -Wall -ffunction-sections -Og -ffat-lto-objects -c .\ibuton.c -o .\CortexM3\ARM_GCC_493\Debug\ibuton.o
arm-none-eabi-gcc.exe -mcpu=cortex-m3 -mthumb -Wno-main -I. -IGenerated_Source\PSoC5 -Wa,-alh=.\CortexM3\ARM_GCC_493\Debug/LCD.lst -g -D DEBUG -Wall -ffunction-sections -Og -ffat-lto-objects -c .\LCD.c -o .\CortexM3\ARM_GCC_493\Debug\LCD.o
arm-none-eabi-gcc.exe -mcpu=cortex-m3 -mthumb -Wno-main -I. -IGenerated_Source\PSoC5 -Wa,-alh=.\CortexM3\ARM_GCC_493\Debug/Print.lst -g -D DEBUG -Wall -ffunction-sections -Og -ffat-lto-objects -c .\Print.c -o .\CortexM3\ARM_GCC_493\Debug\Print.o
arm-none-eabi-gcc.exe -mcpu=cortex-m3 -mthumb -Wno-main -I. -IGenerated_Source\PSoC5 -Wa,-alh=.\CortexM3\ARM_GCC_493\Debug/Protocolo.lst -g -D DEBUG -Wall -ffunction-sections -Og -ffat-lto-objects -c .\Protocolo.c -o .\CortexM3\ARM_GCC_493\Debug\Protocolo.o
.\Protocolo.c: In function 'programar':
.\Protocolo.c:1756:13: warning: 'size' may be used uninitialized in this function [-Wmaybe-uninitialized]
             for(i=0;i<=size;i++){
             ^
arm-none-eabi-gcc.exe -mcpu=cortex-m3 -mthumb -Wno-main -I. -IGenerated_Source\PSoC5 -Wa,-alh=.\CortexM3\ARM_GCC_493\Debug/Sonido.lst -g -D DEBUG -Wall -ffunction-sections -Og -ffat-lto-objects -c .\Sonido.c -o .\CortexM3\ARM_GCC_493\Debug\Sonido.o
arm-none-eabi-ar.exe -rs .\CortexM3\ARM_GCC_493\Debug\Unificada.a .\CortexM3\ARM_GCC_493\Debug\cyfitter_cfg.o .\CortexM3\ARM_GCC_493\Debug\Surtidor.o .\CortexM3\ARM_GCC_493\Debug\Surtidor_PM.o .\CortexM3\ARM_GCC_493\Debug\Surtidor_INT.o .\CortexM3\ARM_GCC_493\Debug\Surtidor_BOOT.o .\CortexM3\ARM_GCC_493\Debug\Impresora.o .\CortexM3\ARM_GCC_493\Debug\Impresora_PM.o .\CortexM3\ARM_GCC_493\Debug\Impresora_INT.o .\CortexM3\ARM_GCC_493\Debug\Impresora_BOOT.o .\CortexM3\ARM_GCC_493\Debug\PC.o .\CortexM3\ARM_GCC_493\Debug\PC_PM.o .\CortexM3\ARM_GCC_493\Debug\PC_INT.o .\CortexM3\ARM_GCC_493\Debug\PC_BOOT.o .\CortexM3\ARM_GCC_493\Debug\SDA_1.o .\CortexM3\ARM_GCC_493\Debug\SCL_1.o .\CortexM3\ARM_GCC_493\Debug\I2C_1.o .\CortexM3\ARM_GCC_493\Debug\I2C_1_BOOT.o .\CortexM3\ARM_GCC_493\Debug\I2C_1_INT.o .\CortexM3\ARM_GCC_493\Debug\I2C_1_PM.o .\CortexM3\ARM_GCC_493\Debug\I2C_1_SLAVE.o .\CortexM3\ARM_GCC_493\Debug\I2C_1_MASTER.o .\CortexM3\ARM_GCC_493\Debug\Pin_WP.o .\CortexM3\ARM_GCC_493\Debug\LCD_1.o .\CortexM3\ARM_GCC_493\Debug\LCD_1_PM.o .\CortexM3\ARM_GCC_493\Debug\LCD_1_INT.o .\CortexM3\ARM_GCC_493\Debug\LCD_1_BOOT.o .\CortexM3\ARM_GCC_493\Debug\LCD_2.o .\CortexM3\ARM_GCC_493\Debug\LCD_2_PM.o .\CortexM3\ARM_GCC_493\Debug\LCD_2_INT.o .\CortexM3\ARM_GCC_493\Debug\LCD_2_BOOT.o .\CortexM3\ARM_GCC_493\Debug\Clock_1.o .\CortexM3\ARM_GCC_493\Debug\IB1.o .\CortexM3\ARM_GCC_493\Debug\IB2.o .\CortexM3\ARM_GCC_493\Debug\Timer_Animacion.o .\CortexM3\ARM_GCC_493\Debug\Timer_Animacion_PM.o .\CortexM3\ARM_GCC_493\Debug\timer_clock_1.o .\CortexM3\ARM_GCC_493\Debug\isr_3.o .\CortexM3\ARM_GCC_493\Debug\Vmas.o .\CortexM3\ARM_GCC_493\Debug\Vmenos.o .\CortexM3\ARM_GCC_493\Debug\Timer_Animacion2.o .\CortexM3\ARM_GCC_493\Debug\Timer_Animacion2_PM.o .\CortexM3\ARM_GCC_493\Debug\isr_4.o .\CortexM3\ARM_GCC_493\Debug\Bootloadable_1.o .\CortexM3\ARM_GCC_493\Debug\Timer_1.o .\CortexM3\ARM_GCC_493\Debug\Timer_1_PM.o .\CortexM3\ARM_GCC_493\Debug\timer_clock.o .\CortexM3\ARM_GCC_493\Debug\isr_1.o .\CortexM3\ARM_GCC_493\Debug\VinA.o .\CortexM3\ARM_GCC_493\Debug\VDAC8_1.o .\CortexM3\ARM_GCC_493\Debug\VDAC8_1_PM.o .\CortexM3\ARM_GCC_493\Debug\Timer_2.o .\CortexM3\ARM_GCC_493\Debug\Timer_2_PM.o .\CortexM3\ARM_GCC_493\Debug\isr_2.o .\CortexM3\ARM_GCC_493\Debug\VinB.o .\CortexM3\ARM_GCC_493\Debug\VDAC8_2.o .\CortexM3\ARM_GCC_493\Debug\VDAC8_2_PM.o .\CortexM3\ARM_GCC_493\Debug\VDAC8_3.o .\CortexM3\ARM_GCC_493\Debug\VDAC8_3_PM.o .\CortexM3\ARM_GCC_493\Debug\Volumen.o .\CortexM3\ARM_GCC_493\Debug\SDown.o .\CortexM3\ARM_GCC_493\Debug\Impresora_IntClock.o .\CortexM3\ARM_GCC_493\Debug\PC_IntClock.o .\CortexM3\ARM_GCC_493\Debug\LCD_1_IntClock.o .\CortexM3\ARM_GCC_493\Debug\LCD_2_IntClock.o .\CortexM3\ARM_GCC_493\Debug\CyBootAsmGnu.o .\CortexM3\ARM_GCC_493\Debug\CyDmac.o .\CortexM3\ARM_GCC_493\Debug\CyFlash.o .\CortexM3\ARM_GCC_493\Debug\CyLib.o .\CortexM3\ARM_GCC_493\Debug\cyPm.o .\CortexM3\ARM_GCC_493\Debug\CySpc.o .\CortexM3\ARM_GCC_493\Debug\cyutils.o
arm-none-eabi-ar.exe: creating .\CortexM3\ARM_GCC_493\Debug\Unificada.a
arm-none-eabi-gcc.exe -Wl,--start-group -o .\CortexM3\ARM_GCC_493\Debug\Unificada.elf .\CortexM3\ARM_GCC_493\Debug\main.o .\CortexM3\ARM_GCC_493\Debug\I2C.o .\CortexM3\ARM_GCC_493\Debug\ibuton.o .\CortexM3\ARM_GCC_493\Debug\LCD.o .\CortexM3\ARM_GCC_493\Debug\Print.o .\CortexM3\ARM_GCC_493\Debug\Protocolo.o .\CortexM3\ARM_GCC_493\Debug\Sonido.o .\CortexM3\ARM_GCC_493\Debug\cybootloader.o .\CortexM3\ARM_GCC_493\Debug\cymetadata.o .\CortexM3\ARM_GCC_493\Debug\Cm3Start.o .\CortexM3\ARM_GCC_493\Debug\Unificada.a "C:\Program Files (x86)\Cypress\PSoC Creator\3.3\PSoC Creator\psoc\content\cycomponentlibrary\CyComponentLibrary.cylib\CortexM3\ARM_GCC_493\Debug\CyComponentLibrary.a" -mcpu=cortex-m3 -mthumb -g -ffunction-sections -Og -L Generated_Source\PSoC5 -Wl,-Map,.\CortexM3\ARM_GCC_493\Debug/Unificada.map -T Generated_Source\PSoC5\cm3gcc.ld -specs=nano.specs -Wl,--gc-sections -Wl,--end-group
cyelftool.exe -B C:\Users\Recepcion\Documents\NMUX\Unificada\Unificada.cydsn\CortexM3\ARM_GCC_493\Debug\Unificada.elf --flash_row_size 256 --flash_size 262144 --flash_array_size 65536 --ee_array 64 --ee_row_size 16
cyelftool.exe -S C:\Users\Recepcion\Documents\NMUX\Unificada\Unificada.cydsn\CortexM3\ARM_GCC_493\Debug\Unificada.elf
Flash used: 140032 of 262144 bytes (53,4 %). Bootloader: 8704 bytes. Application: 131072 bytes. Metadata: 256 bytes.
SRAM used: 4981 of 65536 bytes (7,6 %). Stack: 2048 bytes. Heap: 128 bytes.
--------------- Build Succeeded: 03/31/2016 07:32:49 ---------------
