ARM GAS  C:\Users\PROYEC~1\AppData\Local\Temp\cc5t3uib.s 			page 1


   1              		.syntax unified
   2              		.cpu cortex-m3
   3              		.fpu softvfp
   4              		.eabi_attribute 20, 1
   5              		.eabi_attribute 21, 1
   6              		.eabi_attribute 23, 3
   7              		.eabi_attribute 24, 1
   8              		.eabi_attribute 25, 1
   9              		.eabi_attribute 26, 1
  10              		.eabi_attribute 30, 1
  11              		.eabi_attribute 34, 1
  12              		.eabi_attribute 18, 4
  13              		.thumb
  14              		.file	"I2C_1.c"
  15              		.text
  16              	.Ltext0:
  17              		.cfi_sections	.debug_frame
  18              		.section	.text.I2C_1_Init,"ax",%progbits
  19              		.align	2
  20              		.global	I2C_1_Init
  21              		.thumb
  22              		.thumb_func
  23              		.type	I2C_1_Init, %function
  24              	I2C_1_Init:
  25              	.LFB0:
  26              		.file 1 ".\\Generated_Source\\PSoC5\\I2C_1.c"
   1:.\Generated_Source\PSoC5/I2C_1.c **** /*******************************************************************************
   2:.\Generated_Source\PSoC5/I2C_1.c **** * File Name: I2C_1.c
   3:.\Generated_Source\PSoC5/I2C_1.c **** * Version 3.30
   4:.\Generated_Source\PSoC5/I2C_1.c **** *
   5:.\Generated_Source\PSoC5/I2C_1.c **** * Description:
   6:.\Generated_Source\PSoC5/I2C_1.c **** *  This file provides the source code of APIs for the I2C component.
   7:.\Generated_Source\PSoC5/I2C_1.c **** *  Actual protocol and operation code resides in the interrupt service routine
   8:.\Generated_Source\PSoC5/I2C_1.c **** *  file.
   9:.\Generated_Source\PSoC5/I2C_1.c **** *
  10:.\Generated_Source\PSoC5/I2C_1.c **** * Note:
  11:.\Generated_Source\PSoC5/I2C_1.c **** *
  12:.\Generated_Source\PSoC5/I2C_1.c **** *******************************************************************************
  13:.\Generated_Source\PSoC5/I2C_1.c **** * Copyright 2008-2012, Cypress Semiconductor Corporation. All rights reserved.
  14:.\Generated_Source\PSoC5/I2C_1.c **** * You may use this file only in accordance with the license, terms, conditions,
  15:.\Generated_Source\PSoC5/I2C_1.c **** * disclaimers, and limitations in the end user license agreement accompanying
  16:.\Generated_Source\PSoC5/I2C_1.c **** * the software package with which this file was provided.
  17:.\Generated_Source\PSoC5/I2C_1.c **** *******************************************************************************/
  18:.\Generated_Source\PSoC5/I2C_1.c **** 
  19:.\Generated_Source\PSoC5/I2C_1.c **** #include "I2C_1_PVT.h"
  20:.\Generated_Source\PSoC5/I2C_1.c **** 
  21:.\Generated_Source\PSoC5/I2C_1.c **** 
  22:.\Generated_Source\PSoC5/I2C_1.c **** /**********************************
  23:.\Generated_Source\PSoC5/I2C_1.c **** *      System variables
  24:.\Generated_Source\PSoC5/I2C_1.c **** **********************************/
  25:.\Generated_Source\PSoC5/I2C_1.c **** 
  26:.\Generated_Source\PSoC5/I2C_1.c **** uint8 I2C_1_initVar = 0u;    /* Defines if component was initialized */
  27:.\Generated_Source\PSoC5/I2C_1.c **** 
  28:.\Generated_Source\PSoC5/I2C_1.c **** volatile uint8 I2C_1_state;  /* Current state of I2C FSM */
  29:.\Generated_Source\PSoC5/I2C_1.c **** 
  30:.\Generated_Source\PSoC5/I2C_1.c **** 
  31:.\Generated_Source\PSoC5/I2C_1.c **** /*******************************************************************************
ARM GAS  C:\Users\PROYEC~1\AppData\Local\Temp\cc5t3uib.s 			page 2


  32:.\Generated_Source\PSoC5/I2C_1.c **** * Function Name: I2C_1_Init
  33:.\Generated_Source\PSoC5/I2C_1.c **** ********************************************************************************
  34:.\Generated_Source\PSoC5/I2C_1.c **** *
  35:.\Generated_Source\PSoC5/I2C_1.c **** * Summary:
  36:.\Generated_Source\PSoC5/I2C_1.c **** *  Initializes I2C registers with initial values provided from customizer.
  37:.\Generated_Source\PSoC5/I2C_1.c **** *
  38:.\Generated_Source\PSoC5/I2C_1.c **** * Parameters:
  39:.\Generated_Source\PSoC5/I2C_1.c **** *  None
  40:.\Generated_Source\PSoC5/I2C_1.c **** *
  41:.\Generated_Source\PSoC5/I2C_1.c **** * Return:
  42:.\Generated_Source\PSoC5/I2C_1.c **** *  None
  43:.\Generated_Source\PSoC5/I2C_1.c **** *
  44:.\Generated_Source\PSoC5/I2C_1.c **** * Global variables:
  45:.\Generated_Source\PSoC5/I2C_1.c **** *  None
  46:.\Generated_Source\PSoC5/I2C_1.c **** *
  47:.\Generated_Source\PSoC5/I2C_1.c **** * Reentrant:
  48:.\Generated_Source\PSoC5/I2C_1.c **** *  No
  49:.\Generated_Source\PSoC5/I2C_1.c **** *
  50:.\Generated_Source\PSoC5/I2C_1.c **** *******************************************************************************/
  51:.\Generated_Source\PSoC5/I2C_1.c **** void I2C_1_Init(void) 
  52:.\Generated_Source\PSoC5/I2C_1.c **** {
  27              		.loc 1 52 0
  28              		.cfi_startproc
  29              		@ args = 0, pretend = 0, frame = 0
  30              		@ frame_needed = 0, uses_anonymous_args = 0
  31 0000 10B5     		push	{r4, lr}
  32              		.cfi_def_cfa_offset 8
  33              		.cfi_offset 4, -8
  34              		.cfi_offset 14, -4
  53:.\Generated_Source\PSoC5/I2C_1.c ****     #if(I2C_1_FF_IMPLEMENTED)
  54:.\Generated_Source\PSoC5/I2C_1.c ****         I2C_1_CFG_REG  = I2C_1_DEFAULT_CFG;
  35              		.loc 1 54 0
  36 0002 0222     		movs	r2, #2
  37 0004 104B     		ldr	r3, .L3
  38 0006 1A70     		strb	r2, [r3]
  55:.\Generated_Source\PSoC5/I2C_1.c ****         I2C_1_XCFG_REG = I2C_1_DEFAULT_XCFG;
  39              		.loc 1 55 0
  40 0008 8122     		movs	r2, #129
  41 000a 0E3B     		subs	r3, r3, #14
  42 000c 1A70     		strb	r2, [r3]
  56:.\Generated_Source\PSoC5/I2C_1.c **** 
  57:.\Generated_Source\PSoC5/I2C_1.c ****         #if(CY_PSOC5A)
  58:.\Generated_Source\PSoC5/I2C_1.c ****             I2C_1_CLKDIV_REG  = LO8(I2C_1_DEFAULT_DIVIDE_FACTOR);
  59:.\Generated_Source\PSoC5/I2C_1.c ****         #else
  60:.\Generated_Source\PSoC5/I2C_1.c ****             I2C_1_CLKDIV1_REG = LO8(I2C_1_DEFAULT_DIVIDE_FACTOR);
  43              		.loc 1 60 0
  44 000e 0F24     		movs	r4, #15
  45 0010 1333     		adds	r3, r3, #19
  46 0012 1C70     		strb	r4, [r3]
  61:.\Generated_Source\PSoC5/I2C_1.c ****             I2C_1_CLKDIV2_REG = HI8(I2C_1_DEFAULT_DIVIDE_FACTOR);
  47              		.loc 1 61 0
  48 0014 0022     		movs	r2, #0
  49 0016 0133     		adds	r3, r3, #1
  50 0018 1A70     		strb	r2, [r3]
  62:.\Generated_Source\PSoC5/I2C_1.c ****         #endif /* (CY_PSOC5A) */
  63:.\Generated_Source\PSoC5/I2C_1.c **** 
  64:.\Generated_Source\PSoC5/I2C_1.c ****     #else
ARM GAS  C:\Users\PROYEC~1\AppData\Local\Temp\cc5t3uib.s 			page 3


  65:.\Generated_Source\PSoC5/I2C_1.c ****         uint8 enableInterrupts;
  66:.\Generated_Source\PSoC5/I2C_1.c **** 
  67:.\Generated_Source\PSoC5/I2C_1.c ****         I2C_1_CFG_REG      = I2C_1_DEFAULT_CFG;      /* control  */
  68:.\Generated_Source\PSoC5/I2C_1.c ****         I2C_1_INT_MASK_REG = I2C_1_DEFAULT_INT_MASK; /* int_mask */
  69:.\Generated_Source\PSoC5/I2C_1.c **** 
  70:.\Generated_Source\PSoC5/I2C_1.c ****         /* Enable interrupts from block */
  71:.\Generated_Source\PSoC5/I2C_1.c ****         enableInterrupts = CyEnterCriticalSection();
  72:.\Generated_Source\PSoC5/I2C_1.c ****         I2C_1_INT_ENABLE_REG |= I2C_1_INTR_ENABLE; /* aux_ctl */
  73:.\Generated_Source\PSoC5/I2C_1.c ****         CyExitCriticalSection(enableInterrupts);
  74:.\Generated_Source\PSoC5/I2C_1.c **** 
  75:.\Generated_Source\PSoC5/I2C_1.c ****         #if(I2C_1_MODE_MASTER_ENABLED)
  76:.\Generated_Source\PSoC5/I2C_1.c ****             I2C_1_MCLK_PRD_REG = I2C_1_DEFAULT_MCLK_PRD;
  77:.\Generated_Source\PSoC5/I2C_1.c ****             I2C_1_MCLK_CMP_REG = I2C_1_DEFAULT_MCLK_CMP;
  78:.\Generated_Source\PSoC5/I2C_1.c ****          #endif /* (I2C_1_MODE_MASTER_ENABLED) */
  79:.\Generated_Source\PSoC5/I2C_1.c **** 
  80:.\Generated_Source\PSoC5/I2C_1.c ****         #if(I2C_1_MODE_SLAVE_ENABLED)
  81:.\Generated_Source\PSoC5/I2C_1.c ****             I2C_1_PERIOD_REG = I2C_1_DEFAULT_PERIOD;
  82:.\Generated_Source\PSoC5/I2C_1.c ****         #endif  /* (I2C_1_MODE_SLAVE_ENABLED) */
  83:.\Generated_Source\PSoC5/I2C_1.c **** 
  84:.\Generated_Source\PSoC5/I2C_1.c ****     #endif /* (I2C_1_FF_IMPLEMENTED) */
  85:.\Generated_Source\PSoC5/I2C_1.c **** 
  86:.\Generated_Source\PSoC5/I2C_1.c ****     #if(I2C_1_TIMEOUT_ENABLED)
  87:.\Generated_Source\PSoC5/I2C_1.c ****         I2C_1_TimeoutInit();
  88:.\Generated_Source\PSoC5/I2C_1.c ****     #endif /* (I2C_1_TIMEOUT_ENABLED) */
  89:.\Generated_Source\PSoC5/I2C_1.c **** 
  90:.\Generated_Source\PSoC5/I2C_1.c ****     /* Disable Interrupt and set vector and priority */
  91:.\Generated_Source\PSoC5/I2C_1.c ****     CyIntDisable    (I2C_1_ISR_NUMBER);
  51              		.loc 1 91 0
  52 001a 4FF40042 		mov	r2, #32768
  53 001e 0B4B     		ldr	r3, .L3+4
  54 0020 1A60     		str	r2, [r3]
  92:.\Generated_Source\PSoC5/I2C_1.c ****     CyIntSetPriority(I2C_1_ISR_NUMBER, I2C_1_ISR_PRIORITY);
  55              		.loc 1 92 0
  56 0022 2046     		mov	r0, r4
  57 0024 0721     		movs	r1, #7
  58 0026 FFF7FEFF 		bl	CyIntSetPriority
  59              	.LVL0:
  93:.\Generated_Source\PSoC5/I2C_1.c ****     #if(I2C_1_INTERN_I2C_INTR_HANDLER)
  94:.\Generated_Source\PSoC5/I2C_1.c ****         (void) CyIntSetVector(I2C_1_ISR_NUMBER, &I2C_1_ISR);
  60              		.loc 1 94 0
  61 002a 2046     		mov	r0, r4
  62 002c 0849     		ldr	r1, .L3+8
  63 002e FFF7FEFF 		bl	CyIntSetVector
  64              	.LVL1:
  95:.\Generated_Source\PSoC5/I2C_1.c ****     #endif /* (I2C_1_INTERN_I2C_INTR_HANDLER) */
  96:.\Generated_Source\PSoC5/I2C_1.c **** 
  97:.\Generated_Source\PSoC5/I2C_1.c **** 
  98:.\Generated_Source\PSoC5/I2C_1.c ****     /* Put state machine in idle state */
  99:.\Generated_Source\PSoC5/I2C_1.c ****     I2C_1_state = I2C_1_SM_IDLE;
  65              		.loc 1 99 0
  66 0032 1022     		movs	r2, #16
  67 0034 074B     		ldr	r3, .L3+12
  68 0036 1A70     		strb	r2, [r3]
 100:.\Generated_Source\PSoC5/I2C_1.c **** 
 101:.\Generated_Source\PSoC5/I2C_1.c ****     #if(I2C_1_MODE_SLAVE_ENABLED)
 102:.\Generated_Source\PSoC5/I2C_1.c ****         /* Reset status and buffers index */
 103:.\Generated_Source\PSoC5/I2C_1.c ****         I2C_1_SlaveClearReadBuf();
ARM GAS  C:\Users\PROYEC~1\AppData\Local\Temp\cc5t3uib.s 			page 4


 104:.\Generated_Source\PSoC5/I2C_1.c ****         I2C_1_SlaveClearWriteBuf();
 105:.\Generated_Source\PSoC5/I2C_1.c ****         I2C_1_slStatus = 0u; /* Reset slave status */
 106:.\Generated_Source\PSoC5/I2C_1.c **** 
 107:.\Generated_Source\PSoC5/I2C_1.c ****         /* Set default address */
 108:.\Generated_Source\PSoC5/I2C_1.c ****         I2C_1_SlaveSetAddress(I2C_1_DEFAULT_ADDR);
 109:.\Generated_Source\PSoC5/I2C_1.c ****     #endif /* (I2C_1_MODE_SLAVE_ENABLED) */
 110:.\Generated_Source\PSoC5/I2C_1.c **** 
 111:.\Generated_Source\PSoC5/I2C_1.c ****     #if(I2C_1_MODE_MASTER_ENABLED)
 112:.\Generated_Source\PSoC5/I2C_1.c ****         /* Reset status and buffers index */
 113:.\Generated_Source\PSoC5/I2C_1.c ****         I2C_1_MasterClearReadBuf();
  69              		.loc 1 113 0
  70 0038 FFF7FEFF 		bl	I2C_1_MasterClearReadBuf
  71              	.LVL2:
 114:.\Generated_Source\PSoC5/I2C_1.c ****         I2C_1_MasterClearWriteBuf();
  72              		.loc 1 114 0
  73 003c FFF7FEFF 		bl	I2C_1_MasterClearWriteBuf
  74              	.LVL3:
 115:.\Generated_Source\PSoC5/I2C_1.c ****         (void) I2C_1_MasterClearStatus();
  75              		.loc 1 115 0
  76 0040 FFF7FEFF 		bl	I2C_1_MasterClearStatus
  77              	.LVL4:
  78 0044 10BD     		pop	{r4, pc}
  79              	.L4:
  80 0046 00BF     		.align	2
  81              	.L3:
  82 0048 D6490040 		.word	1073760726
  83 004c 80E100E0 		.word	-536813184
  84 0050 00000000 		.word	I2C_1_ISR
  85 0054 00000000 		.word	I2C_1_state
  86              		.cfi_endproc
  87              	.LFE0:
  88              		.size	I2C_1_Init, .-I2C_1_Init
  89              		.section	.text.I2C_1_Enable,"ax",%progbits
  90              		.align	2
  91              		.global	I2C_1_Enable
  92              		.thumb
  93              		.thumb_func
  94              		.type	I2C_1_Enable, %function
  95              	I2C_1_Enable:
  96              	.LFB1:
 116:.\Generated_Source\PSoC5/I2C_1.c ****     #endif /* (I2C_1_MODE_MASTER_ENABLED) */
 117:.\Generated_Source\PSoC5/I2C_1.c **** }
 118:.\Generated_Source\PSoC5/I2C_1.c **** 
 119:.\Generated_Source\PSoC5/I2C_1.c **** 
 120:.\Generated_Source\PSoC5/I2C_1.c **** /*******************************************************************************
 121:.\Generated_Source\PSoC5/I2C_1.c **** * Function Name: I2C_1_Enable
 122:.\Generated_Source\PSoC5/I2C_1.c **** ********************************************************************************
 123:.\Generated_Source\PSoC5/I2C_1.c **** *
 124:.\Generated_Source\PSoC5/I2C_1.c **** * Summary:
 125:.\Generated_Source\PSoC5/I2C_1.c **** *  Enables I2C operations.
 126:.\Generated_Source\PSoC5/I2C_1.c **** *
 127:.\Generated_Source\PSoC5/I2C_1.c **** * Parameters:
 128:.\Generated_Source\PSoC5/I2C_1.c **** *  None
 129:.\Generated_Source\PSoC5/I2C_1.c **** *
 130:.\Generated_Source\PSoC5/I2C_1.c **** * Return:
 131:.\Generated_Source\PSoC5/I2C_1.c **** *  None
 132:.\Generated_Source\PSoC5/I2C_1.c **** *
ARM GAS  C:\Users\PROYEC~1\AppData\Local\Temp\cc5t3uib.s 			page 5


 133:.\Generated_Source\PSoC5/I2C_1.c **** * Global variables:
 134:.\Generated_Source\PSoC5/I2C_1.c **** *  None
 135:.\Generated_Source\PSoC5/I2C_1.c **** *
 136:.\Generated_Source\PSoC5/I2C_1.c **** *******************************************************************************/
 137:.\Generated_Source\PSoC5/I2C_1.c **** void I2C_1_Enable(void) 
 138:.\Generated_Source\PSoC5/I2C_1.c **** {
  97              		.loc 1 138 0
  98              		.cfi_startproc
  99              		@ args = 0, pretend = 0, frame = 0
 100              		@ frame_needed = 0, uses_anonymous_args = 0
 101 0000 08B5     		push	{r3, lr}
 102              		.cfi_def_cfa_offset 8
 103              		.cfi_offset 3, -8
 104              		.cfi_offset 14, -4
 139:.\Generated_Source\PSoC5/I2C_1.c ****     #if(I2C_1_FF_IMPLEMENTED)
 140:.\Generated_Source\PSoC5/I2C_1.c ****         uint8 enableInterrupts;
 141:.\Generated_Source\PSoC5/I2C_1.c **** 
 142:.\Generated_Source\PSoC5/I2C_1.c ****         /* Enable power to I2C FF block */
 143:.\Generated_Source\PSoC5/I2C_1.c ****         enableInterrupts = CyEnterCriticalSection();
 105              		.loc 1 143 0
 106 0002 FFF7FEFF 		bl	CyEnterCriticalSection
 107              	.LVL5:
 144:.\Generated_Source\PSoC5/I2C_1.c ****         I2C_1_ACT_PWRMGR_REG  |= I2C_1_ACT_PWR_EN;
 108              		.loc 1 144 0
 109 0006 064A     		ldr	r2, .L7
 110 0008 1378     		ldrb	r3, [r2]	@ zero_extendqisi2
 111 000a 43F00403 		orr	r3, r3, #4
 112 000e 1370     		strb	r3, [r2]
 145:.\Generated_Source\PSoC5/I2C_1.c ****         I2C_1_STBY_PWRMGR_REG |= I2C_1_STBY_PWR_EN;
 113              		.loc 1 145 0
 114 0010 1032     		adds	r2, r2, #16
 115 0012 1378     		ldrb	r3, [r2]	@ zero_extendqisi2
 116 0014 43F00403 		orr	r3, r3, #4
 117 0018 1370     		strb	r3, [r2]
 146:.\Generated_Source\PSoC5/I2C_1.c ****         CyExitCriticalSection(enableInterrupts);
 118              		.loc 1 146 0
 119 001a FFF7FEFF 		bl	CyExitCriticalSection
 120              	.LVL6:
 121 001e 08BD     		pop	{r3, pc}
 122              	.L8:
 123              		.align	2
 124              	.L7:
 125 0020 A5430040 		.word	1073759141
 126              		.cfi_endproc
 127              	.LFE1:
 128              		.size	I2C_1_Enable, .-I2C_1_Enable
 129              		.section	.text.I2C_1_Start,"ax",%progbits
 130              		.align	2
 131              		.global	I2C_1_Start
 132              		.thumb
 133              		.thumb_func
 134              		.type	I2C_1_Start, %function
 135              	I2C_1_Start:
 136              	.LFB2:
 147:.\Generated_Source\PSoC5/I2C_1.c **** 
 148:.\Generated_Source\PSoC5/I2C_1.c ****     #else
 149:.\Generated_Source\PSoC5/I2C_1.c **** 
ARM GAS  C:\Users\PROYEC~1\AppData\Local\Temp\cc5t3uib.s 			page 6


 150:.\Generated_Source\PSoC5/I2C_1.c ****         #if(I2C_1_MODE_SLAVE_ENABLED)
 151:.\Generated_Source\PSoC5/I2C_1.c ****             uint8 enableInterrupts;
 152:.\Generated_Source\PSoC5/I2C_1.c ****         #endif /* (I2C_1_MODE_SLAVE_ENABLED) */
 153:.\Generated_Source\PSoC5/I2C_1.c **** 
 154:.\Generated_Source\PSoC5/I2C_1.c ****         #if(I2C_1_MODE_SLAVE_ENABLED)
 155:.\Generated_Source\PSoC5/I2C_1.c ****             /* Enable slave bit counter */
 156:.\Generated_Source\PSoC5/I2C_1.c ****             enableInterrupts = CyEnterCriticalSection();
 157:.\Generated_Source\PSoC5/I2C_1.c ****             I2C_1_COUNTER_AUX_CTL_REG |= I2C_1_CNT7_ENABLE;   /* aux_ctl */
 158:.\Generated_Source\PSoC5/I2C_1.c ****             CyExitCriticalSection(enableInterrupts);
 159:.\Generated_Source\PSoC5/I2C_1.c ****         #endif /* (I2C_1_MODE_SLAVE_ENABLED) */
 160:.\Generated_Source\PSoC5/I2C_1.c **** 
 161:.\Generated_Source\PSoC5/I2C_1.c ****         I2C_1_CFG_REG |= I2C_1_ENABLE_MS;
 162:.\Generated_Source\PSoC5/I2C_1.c **** 
 163:.\Generated_Source\PSoC5/I2C_1.c ****     #endif /* (I2C_1_FF_IMPLEMENTED) */
 164:.\Generated_Source\PSoC5/I2C_1.c **** 
 165:.\Generated_Source\PSoC5/I2C_1.c ****     #if(I2C_1_TIMEOUT_ENABLED)
 166:.\Generated_Source\PSoC5/I2C_1.c ****         I2C_1_TimeoutEnable();
 167:.\Generated_Source\PSoC5/I2C_1.c ****     #endif /* (I2C_1_TIMEOUT_ENABLED) */
 168:.\Generated_Source\PSoC5/I2C_1.c **** }
 169:.\Generated_Source\PSoC5/I2C_1.c **** 
 170:.\Generated_Source\PSoC5/I2C_1.c **** 
 171:.\Generated_Source\PSoC5/I2C_1.c **** /*******************************************************************************
 172:.\Generated_Source\PSoC5/I2C_1.c **** * Function Name: I2C_1_Start
 173:.\Generated_Source\PSoC5/I2C_1.c **** ********************************************************************************
 174:.\Generated_Source\PSoC5/I2C_1.c **** *
 175:.\Generated_Source\PSoC5/I2C_1.c **** * Summary:
 176:.\Generated_Source\PSoC5/I2C_1.c **** *  Starts the I2C hardware. Enables Active mode power template bits or clock
 177:.\Generated_Source\PSoC5/I2C_1.c **** *  gating as appropriate. It is required to be executed before I2C bus
 178:.\Generated_Source\PSoC5/I2C_1.c **** *  operation.
 179:.\Generated_Source\PSoC5/I2C_1.c **** *
 180:.\Generated_Source\PSoC5/I2C_1.c **** * Parameters:
 181:.\Generated_Source\PSoC5/I2C_1.c **** *  None
 182:.\Generated_Source\PSoC5/I2C_1.c **** *
 183:.\Generated_Source\PSoC5/I2C_1.c **** * Return:
 184:.\Generated_Source\PSoC5/I2C_1.c **** *  None
 185:.\Generated_Source\PSoC5/I2C_1.c **** *
 186:.\Generated_Source\PSoC5/I2C_1.c **** * Side Effects:
 187:.\Generated_Source\PSoC5/I2C_1.c **** *  This component automatically enables it's interrupt.  If I2C is enabled
 188:.\Generated_Source\PSoC5/I2C_1.c **** *  without the interrupt enabled, it could lock up the I2C bus.
 189:.\Generated_Source\PSoC5/I2C_1.c **** *
 190:.\Generated_Source\PSoC5/I2C_1.c **** * Global variables:
 191:.\Generated_Source\PSoC5/I2C_1.c **** *  I2C_1_initVar - used to check initial configuration, modified
 192:.\Generated_Source\PSoC5/I2C_1.c **** *  on first function call.
 193:.\Generated_Source\PSoC5/I2C_1.c **** *
 194:.\Generated_Source\PSoC5/I2C_1.c **** * Reentrant:
 195:.\Generated_Source\PSoC5/I2C_1.c **** *  No
 196:.\Generated_Source\PSoC5/I2C_1.c **** *
 197:.\Generated_Source\PSoC5/I2C_1.c **** *******************************************************************************/
 198:.\Generated_Source\PSoC5/I2C_1.c **** void I2C_1_Start(void) 
 199:.\Generated_Source\PSoC5/I2C_1.c **** {
 137              		.loc 1 199 0
 138              		.cfi_startproc
 139              		@ args = 0, pretend = 0, frame = 0
 140              		@ frame_needed = 0, uses_anonymous_args = 0
 141 0000 08B5     		push	{r3, lr}
 142              		.cfi_def_cfa_offset 8
 143              		.cfi_offset 3, -8
ARM GAS  C:\Users\PROYEC~1\AppData\Local\Temp\cc5t3uib.s 			page 7


 144              		.cfi_offset 14, -4
 200:.\Generated_Source\PSoC5/I2C_1.c ****     /* Initialize I2C registers, reset I2C buffer index and clears status */
 201:.\Generated_Source\PSoC5/I2C_1.c ****     if(0u == I2C_1_initVar)
 145              		.loc 1 201 0
 146 0002 074B     		ldr	r3, .L12
 147 0004 1B78     		ldrb	r3, [r3]	@ zero_extendqisi2
 148 0006 23B9     		cbnz	r3, .L10
 202:.\Generated_Source\PSoC5/I2C_1.c ****     {
 203:.\Generated_Source\PSoC5/I2C_1.c ****         I2C_1_Init();
 149              		.loc 1 203 0
 150 0008 FFF7FEFF 		bl	I2C_1_Init
 151              	.LVL7:
 204:.\Generated_Source\PSoC5/I2C_1.c ****         I2C_1_initVar = 1u; /* Component initialized */
 152              		.loc 1 204 0
 153 000c 0122     		movs	r2, #1
 154 000e 044B     		ldr	r3, .L12
 155 0010 1A70     		strb	r2, [r3]
 156              	.L10:
 205:.\Generated_Source\PSoC5/I2C_1.c ****     }
 206:.\Generated_Source\PSoC5/I2C_1.c **** 
 207:.\Generated_Source\PSoC5/I2C_1.c ****     I2C_1_Enable();
 157              		.loc 1 207 0
 158 0012 FFF7FEFF 		bl	I2C_1_Enable
 159              	.LVL8:
 208:.\Generated_Source\PSoC5/I2C_1.c ****     I2C_1_EnableInt();
 160              		.loc 1 208 0
 161 0016 4FF40042 		mov	r2, #32768
 162 001a 024B     		ldr	r3, .L12+4
 163 001c 1A60     		str	r2, [r3]
 164 001e 08BD     		pop	{r3, pc}
 165              	.L13:
 166              		.align	2
 167              	.L12:
 168 0020 00000000 		.word	.LANCHOR0
 169 0024 00E100E0 		.word	-536813312
 170              		.cfi_endproc
 171              	.LFE2:
 172              		.size	I2C_1_Start, .-I2C_1_Start
 173              		.section	.text.I2C_1_Stop,"ax",%progbits
 174              		.align	2
 175              		.global	I2C_1_Stop
 176              		.thumb
 177              		.thumb_func
 178              		.type	I2C_1_Stop, %function
 179              	I2C_1_Stop:
 180              	.LFB3:
 209:.\Generated_Source\PSoC5/I2C_1.c **** }
 210:.\Generated_Source\PSoC5/I2C_1.c **** 
 211:.\Generated_Source\PSoC5/I2C_1.c **** 
 212:.\Generated_Source\PSoC5/I2C_1.c **** /*******************************************************************************
 213:.\Generated_Source\PSoC5/I2C_1.c **** * Function Name: I2C_1_Stop
 214:.\Generated_Source\PSoC5/I2C_1.c **** ********************************************************************************
 215:.\Generated_Source\PSoC5/I2C_1.c **** *
 216:.\Generated_Source\PSoC5/I2C_1.c **** * Summary:
 217:.\Generated_Source\PSoC5/I2C_1.c **** *  Disables I2C hardware and disables I2C interrupt. Disables Active mode power
 218:.\Generated_Source\PSoC5/I2C_1.c **** *  template bits or clock gating as appropriate.
 219:.\Generated_Source\PSoC5/I2C_1.c **** *
ARM GAS  C:\Users\PROYEC~1\AppData\Local\Temp\cc5t3uib.s 			page 8


 220:.\Generated_Source\PSoC5/I2C_1.c **** * Parameters:
 221:.\Generated_Source\PSoC5/I2C_1.c **** *  None
 222:.\Generated_Source\PSoC5/I2C_1.c **** *
 223:.\Generated_Source\PSoC5/I2C_1.c **** * Return:
 224:.\Generated_Source\PSoC5/I2C_1.c **** *  None
 225:.\Generated_Source\PSoC5/I2C_1.c **** *
 226:.\Generated_Source\PSoC5/I2C_1.c **** *******************************************************************************/
 227:.\Generated_Source\PSoC5/I2C_1.c **** void I2C_1_Stop(void) 
 228:.\Generated_Source\PSoC5/I2C_1.c **** {
 181              		.loc 1 228 0
 182              		.cfi_startproc
 183              		@ args = 0, pretend = 0, frame = 0
 184              		@ frame_needed = 0, uses_anonymous_args = 0
 185 0000 2DE9F041 		push	{r4, r5, r6, r7, r8, lr}
 186              		.cfi_def_cfa_offset 24
 187              		.cfi_offset 4, -24
 188              		.cfi_offset 5, -20
 189              		.cfi_offset 6, -16
 190              		.cfi_offset 7, -12
 191              		.cfi_offset 8, -8
 192              		.cfi_offset 14, -4
 229:.\Generated_Source\PSoC5/I2C_1.c ****     #if((I2C_1_FF_IMPLEMENTED)  || \
 230:.\Generated_Source\PSoC5/I2C_1.c ****         (I2C_1_UDB_IMPLEMENTED && I2C_1_MODE_SLAVE_ENABLED))
 231:.\Generated_Source\PSoC5/I2C_1.c ****         uint8 enableInterrupts;
 232:.\Generated_Source\PSoC5/I2C_1.c ****     #endif /* ((I2C_1_FF_IMPLEMENTED)  || \
 233:.\Generated_Source\PSoC5/I2C_1.c ****                (I2C_1_UDB_IMPLEMENTED && I2C_1_MODE_SLAVE_ENABLED)) */
 234:.\Generated_Source\PSoC5/I2C_1.c **** 
 235:.\Generated_Source\PSoC5/I2C_1.c ****     I2C_1_DisableInt();
 193              		.loc 1 235 0
 194 0004 4FF40046 		mov	r6, #32768
 195 0008 1B4B     		ldr	r3, .L16
 196 000a 1E60     		str	r6, [r3]
 236:.\Generated_Source\PSoC5/I2C_1.c **** 
 237:.\Generated_Source\PSoC5/I2C_1.c ****     I2C_1_DISABLE_INT_ON_STOP;   /* Interrupt on Stop can be enabled by write */
 197              		.loc 1 237 0
 198 000c 1B4C     		ldr	r4, .L16+4
 199 000e 2378     		ldrb	r3, [r4]	@ zero_extendqisi2
 200 0010 03F0EF03 		and	r3, r3, #239
 201 0014 2370     		strb	r3, [r4]
 238:.\Generated_Source\PSoC5/I2C_1.c ****     (void) I2C_1_CSR_REG;        /* Clear CSR reg */
 202              		.loc 1 238 0
 203 0016 1A4B     		ldr	r3, .L16+8
 204 0018 1B78     		ldrb	r3, [r3]	@ zero_extendqisi2
 239:.\Generated_Source\PSoC5/I2C_1.c ****     
 240:.\Generated_Source\PSoC5/I2C_1.c ****     #if(I2C_1_TIMEOUT_ENABLED)
 241:.\Generated_Source\PSoC5/I2C_1.c ****         I2C_1_TimeoutStop();
 242:.\Generated_Source\PSoC5/I2C_1.c ****     #endif  /* End (I2C_1_TIMEOUT_ENABLED) */
 243:.\Generated_Source\PSoC5/I2C_1.c **** 
 244:.\Generated_Source\PSoC5/I2C_1.c ****     #if(I2C_1_FF_IMPLEMENTED)
 245:.\Generated_Source\PSoC5/I2C_1.c ****         #if(CY_PSOC3 || CY_PSOC5LP)
 246:.\Generated_Source\PSoC5/I2C_1.c ****             /* Store registers which are held in reset when Master and Slave bits are cleared */
 247:.\Generated_Source\PSoC5/I2C_1.c ****             #if(I2C_1_MODE_SLAVE_ENABLED)
 248:.\Generated_Source\PSoC5/I2C_1.c ****                 I2C_1_backup.addr = I2C_1_ADDR_REG;
 249:.\Generated_Source\PSoC5/I2C_1.c ****             #endif /* (I2C_1_MODE_SLAVE_ENABLED) */
 250:.\Generated_Source\PSoC5/I2C_1.c **** 
 251:.\Generated_Source\PSoC5/I2C_1.c ****             I2C_1_backup.clkDiv1  = I2C_1_CLKDIV1_REG;
 205              		.loc 1 251 0
ARM GAS  C:\Users\PROYEC~1\AppData\Local\Temp\cc5t3uib.s 			page 9


 206 001a DFF87C80 		ldr	r8, .L16+32
 207 001e 98F80030 		ldrb	r3, [r8]	@ zero_extendqisi2
 208 0022 184D     		ldr	r5, .L16+12
 209 0024 EB70     		strb	r3, [r5, #3]
 252:.\Generated_Source\PSoC5/I2C_1.c ****             I2C_1_backup.clkDiv2  = I2C_1_CLKDIV2_REG;
 210              		.loc 1 252 0
 211 0026 184F     		ldr	r7, .L16+16
 212 0028 3B78     		ldrb	r3, [r7]	@ zero_extendqisi2
 213 002a 2B71     		strb	r3, [r5, #4]
 253:.\Generated_Source\PSoC5/I2C_1.c **** 
 254:.\Generated_Source\PSoC5/I2C_1.c **** 
 255:.\Generated_Source\PSoC5/I2C_1.c ****             /* Reset FF block */
 256:.\Generated_Source\PSoC5/I2C_1.c ****             I2C_1_CFG_REG &= ((uint8) ~I2C_1_ENABLE_MS);
 214              		.loc 1 256 0
 215 002c 2378     		ldrb	r3, [r4]	@ zero_extendqisi2
 216 002e 03F0FD03 		and	r3, r3, #253
 217 0032 2370     		strb	r3, [r4]
 257:.\Generated_Source\PSoC5/I2C_1.c ****             CyDelayUs(I2C_1_FF_RESET_DELAY);
 218              		.loc 1 257 0
 219 0034 0220     		movs	r0, #2
 220 0036 FFF7FEFF 		bl	CyDelayUs
 221              	.LVL9:
 258:.\Generated_Source\PSoC5/I2C_1.c ****             I2C_1_CFG_REG |= ((uint8)  I2C_1_ENABLE_MS);
 222              		.loc 1 258 0
 223 003a 2378     		ldrb	r3, [r4]	@ zero_extendqisi2
 224 003c 43F00203 		orr	r3, r3, #2
 225 0040 2370     		strb	r3, [r4]
 259:.\Generated_Source\PSoC5/I2C_1.c **** 
 260:.\Generated_Source\PSoC5/I2C_1.c **** 
 261:.\Generated_Source\PSoC5/I2C_1.c ****             /* Restore registers */
 262:.\Generated_Source\PSoC5/I2C_1.c ****             #if(I2C_1_MODE_SLAVE_ENABLED)
 263:.\Generated_Source\PSoC5/I2C_1.c ****                 I2C_1_ADDR_REG = I2C_1_backup.addr;
 264:.\Generated_Source\PSoC5/I2C_1.c ****             #endif /* (I2C_1_MODE_SLAVE_ENABLED) */
 265:.\Generated_Source\PSoC5/I2C_1.c **** 
 266:.\Generated_Source\PSoC5/I2C_1.c ****             I2C_1_CLKDIV1_REG = I2C_1_backup.clkDiv1;
 226              		.loc 1 266 0
 227 0042 EB78     		ldrb	r3, [r5, #3]	@ zero_extendqisi2
 228 0044 88F80030 		strb	r3, [r8]
 267:.\Generated_Source\PSoC5/I2C_1.c ****             I2C_1_CLKDIV2_REG = I2C_1_backup.clkDiv2;
 229              		.loc 1 267 0
 230 0048 2B79     		ldrb	r3, [r5, #4]	@ zero_extendqisi2
 231 004a 3B70     		strb	r3, [r7]
 268:.\Generated_Source\PSoC5/I2C_1.c **** 
 269:.\Generated_Source\PSoC5/I2C_1.c ****         #endif /* (CY_PSOC3 || CY_PSOC5LP) */
 270:.\Generated_Source\PSoC5/I2C_1.c **** 
 271:.\Generated_Source\PSoC5/I2C_1.c ****         /* Disable power to I2C block */
 272:.\Generated_Source\PSoC5/I2C_1.c ****         enableInterrupts = CyEnterCriticalSection();
 232              		.loc 1 272 0
 233 004c FFF7FEFF 		bl	CyEnterCriticalSection
 234              	.LVL10:
 273:.\Generated_Source\PSoC5/I2C_1.c ****         I2C_1_ACT_PWRMGR_REG  &= ((uint8) ~I2C_1_ACT_PWR_EN);
 235              		.loc 1 273 0
 236 0050 0E4A     		ldr	r2, .L16+20
 237 0052 1378     		ldrb	r3, [r2]	@ zero_extendqisi2
 238 0054 03F0FB03 		and	r3, r3, #251
 239 0058 1370     		strb	r3, [r2]
 274:.\Generated_Source\PSoC5/I2C_1.c ****         I2C_1_STBY_PWRMGR_REG &= ((uint8) ~I2C_1_STBY_PWR_EN);
ARM GAS  C:\Users\PROYEC~1\AppData\Local\Temp\cc5t3uib.s 			page 10


 240              		.loc 1 274 0
 241 005a 1032     		adds	r2, r2, #16
 242 005c 1378     		ldrb	r3, [r2]	@ zero_extendqisi2
 243 005e 03F0FB03 		and	r3, r3, #251
 244 0062 1370     		strb	r3, [r2]
 275:.\Generated_Source\PSoC5/I2C_1.c ****         CyExitCriticalSection(enableInterrupts);
 245              		.loc 1 275 0
 246 0064 FFF7FEFF 		bl	CyExitCriticalSection
 247              	.LVL11:
 276:.\Generated_Source\PSoC5/I2C_1.c **** 
 277:.\Generated_Source\PSoC5/I2C_1.c ****     #else
 278:.\Generated_Source\PSoC5/I2C_1.c **** 
 279:.\Generated_Source\PSoC5/I2C_1.c ****         #if(I2C_1_MODE_SLAVE_ENABLED)
 280:.\Generated_Source\PSoC5/I2C_1.c ****             /* Disable slave bit counter */
 281:.\Generated_Source\PSoC5/I2C_1.c ****             enableInterrupts = CyEnterCriticalSection();
 282:.\Generated_Source\PSoC5/I2C_1.c ****             I2C_1_COUNTER_AUX_CTL_REG &= ((uint8) ~I2C_1_CNT7_ENABLE);
 283:.\Generated_Source\PSoC5/I2C_1.c ****             CyExitCriticalSection(enableInterrupts);
 284:.\Generated_Source\PSoC5/I2C_1.c ****         #endif /* (I2C_1_MODE_SLAVE_ENABLED) */
 285:.\Generated_Source\PSoC5/I2C_1.c **** 
 286:.\Generated_Source\PSoC5/I2C_1.c ****         I2C_1_CFG_REG &= ((uint8) ~I2C_1_ENABLE_MS);
 287:.\Generated_Source\PSoC5/I2C_1.c **** 
 288:.\Generated_Source\PSoC5/I2C_1.c ****     #endif /* (I2C_1_FF_IMPLEMENTED) */
 289:.\Generated_Source\PSoC5/I2C_1.c **** 
 290:.\Generated_Source\PSoC5/I2C_1.c ****     I2C_1_ClearPendingInt();  /* Clear interrupt triggers on reset */
 248              		.loc 1 290 0
 249 0068 094B     		ldr	r3, .L16+24
 250 006a 1E60     		str	r6, [r3]
 291:.\Generated_Source\PSoC5/I2C_1.c **** 
 292:.\Generated_Source\PSoC5/I2C_1.c ****     I2C_1_state = I2C_1_SM_IDLE;  /* Reset software FSM */
 251              		.loc 1 292 0
 252 006c 1022     		movs	r2, #16
 253 006e 094B     		ldr	r3, .L16+28
 254 0070 1A70     		strb	r2, [r3]
 255 0072 BDE8F081 		pop	{r4, r5, r6, r7, r8, pc}
 256              	.L17:
 257 0076 00BF     		.align	2
 258              	.L16:
 259 0078 80E100E0 		.word	-536813184
 260 007c D6490040 		.word	1073760726
 261 0080 D7490040 		.word	1073760727
 262 0084 00000000 		.word	I2C_1_backup
 263 0088 DC490040 		.word	1073760732
 264 008c A5430040 		.word	1073759141
 265 0090 80E200E0 		.word	-536812928
 266 0094 00000000 		.word	I2C_1_state
 267 0098 DB490040 		.word	1073760731
 268              		.cfi_endproc
 269              	.LFE3:
 270              		.size	I2C_1_Stop, .-I2C_1_Stop
 271              		.comm	I2C_1_state,1,1
 272              		.global	I2C_1_initVar
 273              		.bss
 274              		.set	.LANCHOR0,. + 0
 275              		.type	I2C_1_initVar, %object
 276              		.size	I2C_1_initVar, 1
 277              	I2C_1_initVar:
 278 0000 00       		.space	1
ARM GAS  C:\Users\PROYEC~1\AppData\Local\Temp\cc5t3uib.s 			page 11


 279              		.text
 280              	.Letext0:
 281              		.file 2 ".\\Generated_Source\\PSoC5\\cytypes.h"
 282              		.file 3 ".\\Generated_Source\\PSoC5\\I2C_1.h"
 283              		.file 4 ".\\Generated_Source\\PSoC5\\I2C_1_PVT.h"
 284              		.file 5 ".\\Generated_Source\\PSoC5\\CyLib.h"
 285              		.section	.debug_info,"",%progbits
 286              	.Ldebug_info0:
 287 0000 D0020000 		.4byte	0x2d0
 288 0004 0400     		.2byte	0x4
 289 0006 00000000 		.4byte	.Ldebug_abbrev0
 290 000a 04       		.byte	0x4
 291 000b 01       		.uleb128 0x1
 292 000c 64010000 		.4byte	.LASF38
 293 0010 01       		.byte	0x1
 294 0011 00020000 		.4byte	.LASF39
 295 0015 B8020000 		.4byte	.LASF40
 296 0019 00000000 		.4byte	.Ldebug_ranges0+0
 297 001d 00000000 		.4byte	0
 298 0021 00000000 		.4byte	.Ldebug_line0
 299 0025 02       		.uleb128 0x2
 300 0026 01       		.byte	0x1
 301 0027 06       		.byte	0x6
 302 0028 AC020000 		.4byte	.LASF0
 303 002c 02       		.uleb128 0x2
 304 002d 01       		.byte	0x1
 305 002e 08       		.byte	0x8
 306 002f 7D000000 		.4byte	.LASF1
 307 0033 02       		.uleb128 0x2
 308 0034 02       		.byte	0x2
 309 0035 05       		.byte	0x5
 310 0036 4E020000 		.4byte	.LASF2
 311 003a 02       		.uleb128 0x2
 312 003b 02       		.byte	0x2
 313 003c 07       		.byte	0x7
 314 003d 36000000 		.4byte	.LASF3
 315 0041 02       		.uleb128 0x2
 316 0042 04       		.byte	0x4
 317 0043 05       		.byte	0x5
 318 0044 8A020000 		.4byte	.LASF4
 319 0048 02       		.uleb128 0x2
 320 0049 04       		.byte	0x4
 321 004a 07       		.byte	0x7
 322 004b 90000000 		.4byte	.LASF5
 323 004f 02       		.uleb128 0x2
 324 0050 08       		.byte	0x8
 325 0051 05       		.byte	0x5
 326 0052 F2010000 		.4byte	.LASF6
 327 0056 02       		.uleb128 0x2
 328 0057 08       		.byte	0x8
 329 0058 07       		.byte	0x7
 330 0059 66000000 		.4byte	.LASF7
 331 005d 03       		.uleb128 0x3
 332 005e 04       		.byte	0x4
 333 005f 05       		.byte	0x5
 334 0060 696E7400 		.ascii	"int\000"
 335 0064 02       		.uleb128 0x2
ARM GAS  C:\Users\PROYEC~1\AppData\Local\Temp\cc5t3uib.s 			page 12


 336 0065 04       		.byte	0x4
 337 0066 07       		.byte	0x7
 338 0067 0A010000 		.4byte	.LASF8
 339 006b 04       		.uleb128 0x4
 340 006c A2000000 		.4byte	.LASF9
 341 0070 02       		.byte	0x2
 342 0071 B4       		.byte	0xb4
 343 0072 2C000000 		.4byte	0x2c
 344 0076 04       		.uleb128 0x4
 345 0077 D9000000 		.4byte	.LASF10
 346 007b 02       		.byte	0x2
 347 007c B5       		.byte	0xb5
 348 007d 3A000000 		.4byte	0x3a
 349 0081 04       		.uleb128 0x4
 350 0082 E0000000 		.4byte	.LASF11
 351 0086 02       		.byte	0x2
 352 0087 B6       		.byte	0xb6
 353 0088 48000000 		.4byte	0x48
 354 008c 02       		.uleb128 0x2
 355 008d 04       		.byte	0x4
 356 008e 04       		.byte	0x4
 357 008f 60000000 		.4byte	.LASF12
 358 0093 02       		.uleb128 0x2
 359 0094 08       		.byte	0x8
 360 0095 04       		.byte	0x4
 361 0096 C7000000 		.4byte	.LASF13
 362 009a 02       		.uleb128 0x2
 363 009b 01       		.byte	0x1
 364 009c 08       		.byte	0x8
 365 009d 2B020000 		.4byte	.LASF14
 366 00a1 05       		.uleb128 0x5
 367 00a2 8B000000 		.4byte	.LASF15
 368 00a6 02       		.byte	0x2
 369 00a7 5E01     		.2byte	0x15e
 370 00a9 AD000000 		.4byte	0xad
 371 00ad 06       		.uleb128 0x6
 372 00ae 6B000000 		.4byte	0x6b
 373 00b2 05       		.uleb128 0x5
 374 00b3 00000000 		.4byte	.LASF16
 375 00b7 02       		.byte	0x2
 376 00b8 6001     		.2byte	0x160
 377 00ba BE000000 		.4byte	0xbe
 378 00be 06       		.uleb128 0x6
 379 00bf 81000000 		.4byte	0x81
 380 00c3 05       		.uleb128 0x5
 381 00c4 4E010000 		.4byte	.LASF17
 382 00c8 02       		.byte	0x2
 383 00c9 7001     		.2byte	0x170
 384 00cb CF000000 		.4byte	0xcf
 385 00cf 07       		.uleb128 0x7
 386 00d0 04       		.byte	0x4
 387 00d1 D5000000 		.4byte	0xd5
 388 00d5 08       		.uleb128 0x8
 389 00d6 02       		.uleb128 0x2
 390 00d7 04       		.byte	0x4
 391 00d8 07       		.byte	0x7
 392 00d9 5B010000 		.4byte	.LASF18
ARM GAS  C:\Users\PROYEC~1\AppData\Local\Temp\cc5t3uib.s 			page 13


 393 00dd 09       		.uleb128 0x9
 394 00de 05       		.byte	0x5
 395 00df 03       		.byte	0x3
 396 00e0 78       		.byte	0x78
 397 00e1 22010000 		.4byte	0x122
 398 00e5 0A       		.uleb128 0xa
 399 00e6 54000000 		.4byte	.LASF19
 400 00ea 03       		.byte	0x3
 401 00eb 7A       		.byte	0x7a
 402 00ec 6B000000 		.4byte	0x6b
 403 00f0 00       		.byte	0
 404 00f1 0A       		.uleb128 0xa
 405 00f2 3D020000 		.4byte	.LASF20
 406 00f6 03       		.byte	0x3
 407 00f7 7D       		.byte	0x7d
 408 00f8 6B000000 		.4byte	0x6b
 409 00fc 01       		.byte	0x1
 410 00fd 0B       		.uleb128 0xb
 411 00fe 63666700 		.ascii	"cfg\000"
 412 0102 03       		.byte	0x3
 413 0103 7E       		.byte	0x7e
 414 0104 6B000000 		.4byte	0x6b
 415 0108 02       		.byte	0x2
 416 0109 0A       		.uleb128 0xa
 417 010a 3E010000 		.4byte	.LASF21
 418 010e 03       		.byte	0x3
 419 010f 87       		.byte	0x87
 420 0110 6B000000 		.4byte	0x6b
 421 0114 03       		.byte	0x3
 422 0115 0A       		.uleb128 0xa
 423 0116 46010000 		.4byte	.LASF22
 424 011a 03       		.byte	0x3
 425 011b 88       		.byte	0x88
 426 011c 6B000000 		.4byte	0x6b
 427 0120 04       		.byte	0x4
 428 0121 00       		.byte	0
 429 0122 04       		.uleb128 0x4
 430 0123 06000000 		.4byte	.LASF23
 431 0127 03       		.byte	0x3
 432 0128 A2       		.byte	0xa2
 433 0129 DD000000 		.4byte	0xdd
 434 012d 0C       		.uleb128 0xc
 435 012e 49000000 		.4byte	.LASF24
 436 0132 01       		.byte	0x1
 437 0133 33       		.byte	0x33
 438 0134 00000000 		.4byte	.LFB0
 439 0138 58000000 		.4byte	.LFE0-.LFB0
 440 013c 01       		.uleb128 0x1
 441 013d 9C       		.byte	0x9c
 442 013e 8B010000 		.4byte	0x18b
 443 0142 0D       		.uleb128 0xd
 444 0143 2A000000 		.4byte	.LVL0
 445 0147 61020000 		.4byte	0x261
 446 014b 5B010000 		.4byte	0x15b
 447 014f 0E       		.uleb128 0xe
 448 0150 01       		.uleb128 0x1
 449 0151 51       		.byte	0x51
ARM GAS  C:\Users\PROYEC~1\AppData\Local\Temp\cc5t3uib.s 			page 14


 450 0152 01       		.uleb128 0x1
 451 0153 37       		.byte	0x37
 452 0154 0E       		.uleb128 0xe
 453 0155 01       		.uleb128 0x1
 454 0156 50       		.byte	0x50
 455 0157 02       		.uleb128 0x2
 456 0158 74       		.byte	0x74
 457 0159 00       		.sleb128 0
 458 015a 00       		.byte	0
 459 015b 0D       		.uleb128 0xd
 460 015c 32000000 		.4byte	.LVL1
 461 0160 77020000 		.4byte	0x277
 462 0164 6F010000 		.4byte	0x16f
 463 0168 0E       		.uleb128 0xe
 464 0169 01       		.uleb128 0x1
 465 016a 50       		.byte	0x50
 466 016b 02       		.uleb128 0x2
 467 016c 74       		.byte	0x74
 468 016d 00       		.sleb128 0
 469 016e 00       		.byte	0
 470 016f 0F       		.uleb128 0xf
 471 0170 3C000000 		.4byte	.LVL2
 472 0174 91020000 		.4byte	0x291
 473 0178 0F       		.uleb128 0xf
 474 0179 40000000 		.4byte	.LVL3
 475 017d 98020000 		.4byte	0x298
 476 0181 0F       		.uleb128 0xf
 477 0182 44000000 		.4byte	.LVL4
 478 0186 9F020000 		.4byte	0x29f
 479 018a 00       		.byte	0
 480 018b 0C       		.uleb128 0xc
 481 018c 30020000 		.4byte	.LASF25
 482 0190 01       		.byte	0x1
 483 0191 89       		.byte	0x89
 484 0192 00000000 		.4byte	.LFB1
 485 0196 24000000 		.4byte	.LFE1-.LFB1
 486 019a 01       		.uleb128 0x1
 487 019b 9C       		.byte	0x9c
 488 019c C2010000 		.4byte	0x1c2
 489 01a0 10       		.uleb128 0x10
 490 01a1 A8000000 		.4byte	.LASF28
 491 01a5 01       		.byte	0x1
 492 01a6 8C       		.byte	0x8c
 493 01a7 6B000000 		.4byte	0x6b
 494 01ab 00000000 		.4byte	.LLST0
 495 01af 0F       		.uleb128 0xf
 496 01b0 06000000 		.4byte	.LVL5
 497 01b4 AA020000 		.4byte	0x2aa
 498 01b8 0F       		.uleb128 0xf
 499 01b9 1E000000 		.4byte	.LVL6
 500 01bd B5020000 		.4byte	0x2b5
 501 01c1 00       		.byte	0
 502 01c2 0C       		.uleb128 0xc
 503 01c3 42020000 		.4byte	.LASF26
 504 01c7 01       		.byte	0x1
 505 01c8 C6       		.byte	0xc6
 506 01c9 00000000 		.4byte	.LFB2
ARM GAS  C:\Users\PROYEC~1\AppData\Local\Temp\cc5t3uib.s 			page 15


 507 01cd 28000000 		.4byte	.LFE2-.LFB2
 508 01d1 01       		.uleb128 0x1
 509 01d2 9C       		.byte	0x9c
 510 01d3 EA010000 		.4byte	0x1ea
 511 01d7 0F       		.uleb128 0xf
 512 01d8 0C000000 		.4byte	.LVL7
 513 01dc 2D010000 		.4byte	0x12d
 514 01e0 0F       		.uleb128 0xf
 515 01e1 16000000 		.4byte	.LVL8
 516 01e5 8B010000 		.4byte	0x18b
 517 01e9 00       		.byte	0
 518 01ea 0C       		.uleb128 0xc
 519 01eb CE000000 		.4byte	.LASF27
 520 01ef 01       		.byte	0x1
 521 01f0 E3       		.byte	0xe3
 522 01f1 00000000 		.4byte	.LFB3
 523 01f5 9C000000 		.4byte	.LFE3-.LFB3
 524 01f9 01       		.uleb128 0x1
 525 01fa 9C       		.byte	0x9c
 526 01fb 34020000 		.4byte	0x234
 527 01ff 10       		.uleb128 0x10
 528 0200 A8000000 		.4byte	.LASF28
 529 0204 01       		.byte	0x1
 530 0205 E7       		.byte	0xe7
 531 0206 6B000000 		.4byte	0x6b
 532 020a 13000000 		.4byte	.LLST1
 533 020e 0D       		.uleb128 0xd
 534 020f 3A000000 		.4byte	.LVL9
 535 0213 C6020000 		.4byte	0x2c6
 536 0217 21020000 		.4byte	0x221
 537 021b 0E       		.uleb128 0xe
 538 021c 01       		.uleb128 0x1
 539 021d 50       		.byte	0x50
 540 021e 01       		.uleb128 0x1
 541 021f 32       		.byte	0x32
 542 0220 00       		.byte	0
 543 0221 0F       		.uleb128 0xf
 544 0222 50000000 		.4byte	.LVL10
 545 0226 AA020000 		.4byte	0x2aa
 546 022a 0F       		.uleb128 0xf
 547 022b 68000000 		.4byte	.LVL11
 548 022f B5020000 		.4byte	0x2b5
 549 0233 00       		.byte	0
 550 0234 11       		.uleb128 0x11
 551 0235 B9000000 		.4byte	.LASF29
 552 0239 01       		.byte	0x1
 553 023a 1A       		.byte	0x1a
 554 023b 6B000000 		.4byte	0x6b
 555 023f 05       		.uleb128 0x5
 556 0240 03       		.byte	0x3
 557 0241 00000000 		.4byte	I2C_1_initVar
 558 0245 12       		.uleb128 0x12
 559 0246 29000000 		.4byte	.LASF30
 560 024a 04       		.byte	0x4
 561 024b 21       		.byte	0x21
 562 024c 22010000 		.4byte	0x122
 563 0250 11       		.uleb128 0x11
ARM GAS  C:\Users\PROYEC~1\AppData\Local\Temp\cc5t3uib.s 			page 16


 564 0251 E7000000 		.4byte	.LASF31
 565 0255 01       		.byte	0x1
 566 0256 1C       		.byte	0x1c
 567 0257 AD000000 		.4byte	0xad
 568 025b 05       		.uleb128 0x5
 569 025c 03       		.byte	0x3
 570 025d 00000000 		.4byte	I2C_1_state
 571 0261 13       		.uleb128 0x13
 572 0262 2D010000 		.4byte	.LASF36
 573 0266 05       		.byte	0x5
 574 0267 8C       		.byte	0x8c
 575 0268 77020000 		.4byte	0x277
 576 026c 14       		.uleb128 0x14
 577 026d 6B000000 		.4byte	0x6b
 578 0271 14       		.uleb128 0x14
 579 0272 6B000000 		.4byte	0x6b
 580 0276 00       		.byte	0
 581 0277 15       		.uleb128 0x15
 582 0278 1A000000 		.4byte	.LASF41
 583 027c 05       		.byte	0x5
 584 027d 89       		.byte	0x89
 585 027e C3000000 		.4byte	0xc3
 586 0282 91020000 		.4byte	0x291
 587 0286 14       		.uleb128 0x14
 588 0287 6B000000 		.4byte	0x6b
 589 028b 14       		.uleb128 0x14
 590 028c C3000000 		.4byte	0xc3
 591 0290 00       		.byte	0
 592 0291 16       		.uleb128 0x16
 593 0292 93020000 		.4byte	.LASF32
 594 0296 03       		.byte	0x3
 595 0297 C6       		.byte	0xc6
 596 0298 16       		.uleb128 0x16
 597 0299 70020000 		.4byte	.LASF33
 598 029d 03       		.byte	0x3
 599 029e C7       		.byte	0xc7
 600 029f 17       		.uleb128 0x17
 601 02a0 58020000 		.4byte	.LASF34
 602 02a4 03       		.byte	0x3
 603 02a5 BD       		.byte	0xbd
 604 02a6 6B000000 		.4byte	0x6b
 605 02aa 17       		.uleb128 0x17
 606 02ab F3000000 		.4byte	.LASF35
 607 02af 05       		.byte	0x5
 608 02b0 7E       		.byte	0x7e
 609 02b1 6B000000 		.4byte	0x6b
 610 02b5 13       		.uleb128 0x13
 611 02b6 17010000 		.4byte	.LASF37
 612 02ba 05       		.byte	0x5
 613 02bb 7F       		.byte	0x7f
 614 02bc C6020000 		.4byte	0x2c6
 615 02c0 14       		.uleb128 0x14
 616 02c1 6B000000 		.4byte	0x6b
 617 02c5 00       		.byte	0
 618 02c6 18       		.uleb128 0x18
 619 02c7 21020000 		.4byte	.LASF42
 620 02cb 05       		.byte	0x5
ARM GAS  C:\Users\PROYEC~1\AppData\Local\Temp\cc5t3uib.s 			page 17


 621 02cc 78       		.byte	0x78
 622 02cd 14       		.uleb128 0x14
 623 02ce 76000000 		.4byte	0x76
 624 02d2 00       		.byte	0
 625 02d3 00       		.byte	0
 626              		.section	.debug_abbrev,"",%progbits
 627              	.Ldebug_abbrev0:
 628 0000 01       		.uleb128 0x1
 629 0001 11       		.uleb128 0x11
 630 0002 01       		.byte	0x1
 631 0003 25       		.uleb128 0x25
 632 0004 0E       		.uleb128 0xe
 633 0005 13       		.uleb128 0x13
 634 0006 0B       		.uleb128 0xb
 635 0007 03       		.uleb128 0x3
 636 0008 0E       		.uleb128 0xe
 637 0009 1B       		.uleb128 0x1b
 638 000a 0E       		.uleb128 0xe
 639 000b 55       		.uleb128 0x55
 640 000c 17       		.uleb128 0x17
 641 000d 11       		.uleb128 0x11
 642 000e 01       		.uleb128 0x1
 643 000f 10       		.uleb128 0x10
 644 0010 17       		.uleb128 0x17
 645 0011 00       		.byte	0
 646 0012 00       		.byte	0
 647 0013 02       		.uleb128 0x2
 648 0014 24       		.uleb128 0x24
 649 0015 00       		.byte	0
 650 0016 0B       		.uleb128 0xb
 651 0017 0B       		.uleb128 0xb
 652 0018 3E       		.uleb128 0x3e
 653 0019 0B       		.uleb128 0xb
 654 001a 03       		.uleb128 0x3
 655 001b 0E       		.uleb128 0xe
 656 001c 00       		.byte	0
 657 001d 00       		.byte	0
 658 001e 03       		.uleb128 0x3
 659 001f 24       		.uleb128 0x24
 660 0020 00       		.byte	0
 661 0021 0B       		.uleb128 0xb
 662 0022 0B       		.uleb128 0xb
 663 0023 3E       		.uleb128 0x3e
 664 0024 0B       		.uleb128 0xb
 665 0025 03       		.uleb128 0x3
 666 0026 08       		.uleb128 0x8
 667 0027 00       		.byte	0
 668 0028 00       		.byte	0
 669 0029 04       		.uleb128 0x4
 670 002a 16       		.uleb128 0x16
 671 002b 00       		.byte	0
 672 002c 03       		.uleb128 0x3
 673 002d 0E       		.uleb128 0xe
 674 002e 3A       		.uleb128 0x3a
 675 002f 0B       		.uleb128 0xb
 676 0030 3B       		.uleb128 0x3b
 677 0031 0B       		.uleb128 0xb
ARM GAS  C:\Users\PROYEC~1\AppData\Local\Temp\cc5t3uib.s 			page 18


 678 0032 49       		.uleb128 0x49
 679 0033 13       		.uleb128 0x13
 680 0034 00       		.byte	0
 681 0035 00       		.byte	0
 682 0036 05       		.uleb128 0x5
 683 0037 16       		.uleb128 0x16
 684 0038 00       		.byte	0
 685 0039 03       		.uleb128 0x3
 686 003a 0E       		.uleb128 0xe
 687 003b 3A       		.uleb128 0x3a
 688 003c 0B       		.uleb128 0xb
 689 003d 3B       		.uleb128 0x3b
 690 003e 05       		.uleb128 0x5
 691 003f 49       		.uleb128 0x49
 692 0040 13       		.uleb128 0x13
 693 0041 00       		.byte	0
 694 0042 00       		.byte	0
 695 0043 06       		.uleb128 0x6
 696 0044 35       		.uleb128 0x35
 697 0045 00       		.byte	0
 698 0046 49       		.uleb128 0x49
 699 0047 13       		.uleb128 0x13
 700 0048 00       		.byte	0
 701 0049 00       		.byte	0
 702 004a 07       		.uleb128 0x7
 703 004b 0F       		.uleb128 0xf
 704 004c 00       		.byte	0
 705 004d 0B       		.uleb128 0xb
 706 004e 0B       		.uleb128 0xb
 707 004f 49       		.uleb128 0x49
 708 0050 13       		.uleb128 0x13
 709 0051 00       		.byte	0
 710 0052 00       		.byte	0
 711 0053 08       		.uleb128 0x8
 712 0054 15       		.uleb128 0x15
 713 0055 00       		.byte	0
 714 0056 27       		.uleb128 0x27
 715 0057 19       		.uleb128 0x19
 716 0058 00       		.byte	0
 717 0059 00       		.byte	0
 718 005a 09       		.uleb128 0x9
 719 005b 13       		.uleb128 0x13
 720 005c 01       		.byte	0x1
 721 005d 0B       		.uleb128 0xb
 722 005e 0B       		.uleb128 0xb
 723 005f 3A       		.uleb128 0x3a
 724 0060 0B       		.uleb128 0xb
 725 0061 3B       		.uleb128 0x3b
 726 0062 0B       		.uleb128 0xb
 727 0063 01       		.uleb128 0x1
 728 0064 13       		.uleb128 0x13
 729 0065 00       		.byte	0
 730 0066 00       		.byte	0
 731 0067 0A       		.uleb128 0xa
 732 0068 0D       		.uleb128 0xd
 733 0069 00       		.byte	0
 734 006a 03       		.uleb128 0x3
ARM GAS  C:\Users\PROYEC~1\AppData\Local\Temp\cc5t3uib.s 			page 19


 735 006b 0E       		.uleb128 0xe
 736 006c 3A       		.uleb128 0x3a
 737 006d 0B       		.uleb128 0xb
 738 006e 3B       		.uleb128 0x3b
 739 006f 0B       		.uleb128 0xb
 740 0070 49       		.uleb128 0x49
 741 0071 13       		.uleb128 0x13
 742 0072 38       		.uleb128 0x38
 743 0073 0B       		.uleb128 0xb
 744 0074 00       		.byte	0
 745 0075 00       		.byte	0
 746 0076 0B       		.uleb128 0xb
 747 0077 0D       		.uleb128 0xd
 748 0078 00       		.byte	0
 749 0079 03       		.uleb128 0x3
 750 007a 08       		.uleb128 0x8
 751 007b 3A       		.uleb128 0x3a
 752 007c 0B       		.uleb128 0xb
 753 007d 3B       		.uleb128 0x3b
 754 007e 0B       		.uleb128 0xb
 755 007f 49       		.uleb128 0x49
 756 0080 13       		.uleb128 0x13
 757 0081 38       		.uleb128 0x38
 758 0082 0B       		.uleb128 0xb
 759 0083 00       		.byte	0
 760 0084 00       		.byte	0
 761 0085 0C       		.uleb128 0xc
 762 0086 2E       		.uleb128 0x2e
 763 0087 01       		.byte	0x1
 764 0088 3F       		.uleb128 0x3f
 765 0089 19       		.uleb128 0x19
 766 008a 03       		.uleb128 0x3
 767 008b 0E       		.uleb128 0xe
 768 008c 3A       		.uleb128 0x3a
 769 008d 0B       		.uleb128 0xb
 770 008e 3B       		.uleb128 0x3b
 771 008f 0B       		.uleb128 0xb
 772 0090 27       		.uleb128 0x27
 773 0091 19       		.uleb128 0x19
 774 0092 11       		.uleb128 0x11
 775 0093 01       		.uleb128 0x1
 776 0094 12       		.uleb128 0x12
 777 0095 06       		.uleb128 0x6
 778 0096 40       		.uleb128 0x40
 779 0097 18       		.uleb128 0x18
 780 0098 9742     		.uleb128 0x2117
 781 009a 19       		.uleb128 0x19
 782 009b 01       		.uleb128 0x1
 783 009c 13       		.uleb128 0x13
 784 009d 00       		.byte	0
 785 009e 00       		.byte	0
 786 009f 0D       		.uleb128 0xd
 787 00a0 898201   		.uleb128 0x4109
 788 00a3 01       		.byte	0x1
 789 00a4 11       		.uleb128 0x11
 790 00a5 01       		.uleb128 0x1
 791 00a6 31       		.uleb128 0x31
ARM GAS  C:\Users\PROYEC~1\AppData\Local\Temp\cc5t3uib.s 			page 20


 792 00a7 13       		.uleb128 0x13
 793 00a8 01       		.uleb128 0x1
 794 00a9 13       		.uleb128 0x13
 795 00aa 00       		.byte	0
 796 00ab 00       		.byte	0
 797 00ac 0E       		.uleb128 0xe
 798 00ad 8A8201   		.uleb128 0x410a
 799 00b0 00       		.byte	0
 800 00b1 02       		.uleb128 0x2
 801 00b2 18       		.uleb128 0x18
 802 00b3 9142     		.uleb128 0x2111
 803 00b5 18       		.uleb128 0x18
 804 00b6 00       		.byte	0
 805 00b7 00       		.byte	0
 806 00b8 0F       		.uleb128 0xf
 807 00b9 898201   		.uleb128 0x4109
 808 00bc 00       		.byte	0
 809 00bd 11       		.uleb128 0x11
 810 00be 01       		.uleb128 0x1
 811 00bf 31       		.uleb128 0x31
 812 00c0 13       		.uleb128 0x13
 813 00c1 00       		.byte	0
 814 00c2 00       		.byte	0
 815 00c3 10       		.uleb128 0x10
 816 00c4 34       		.uleb128 0x34
 817 00c5 00       		.byte	0
 818 00c6 03       		.uleb128 0x3
 819 00c7 0E       		.uleb128 0xe
 820 00c8 3A       		.uleb128 0x3a
 821 00c9 0B       		.uleb128 0xb
 822 00ca 3B       		.uleb128 0x3b
 823 00cb 0B       		.uleb128 0xb
 824 00cc 49       		.uleb128 0x49
 825 00cd 13       		.uleb128 0x13
 826 00ce 02       		.uleb128 0x2
 827 00cf 17       		.uleb128 0x17
 828 00d0 00       		.byte	0
 829 00d1 00       		.byte	0
 830 00d2 11       		.uleb128 0x11
 831 00d3 34       		.uleb128 0x34
 832 00d4 00       		.byte	0
 833 00d5 03       		.uleb128 0x3
 834 00d6 0E       		.uleb128 0xe
 835 00d7 3A       		.uleb128 0x3a
 836 00d8 0B       		.uleb128 0xb
 837 00d9 3B       		.uleb128 0x3b
 838 00da 0B       		.uleb128 0xb
 839 00db 49       		.uleb128 0x49
 840 00dc 13       		.uleb128 0x13
 841 00dd 3F       		.uleb128 0x3f
 842 00de 19       		.uleb128 0x19
 843 00df 02       		.uleb128 0x2
 844 00e0 18       		.uleb128 0x18
 845 00e1 00       		.byte	0
 846 00e2 00       		.byte	0
 847 00e3 12       		.uleb128 0x12
 848 00e4 34       		.uleb128 0x34
ARM GAS  C:\Users\PROYEC~1\AppData\Local\Temp\cc5t3uib.s 			page 21


 849 00e5 00       		.byte	0
 850 00e6 03       		.uleb128 0x3
 851 00e7 0E       		.uleb128 0xe
 852 00e8 3A       		.uleb128 0x3a
 853 00e9 0B       		.uleb128 0xb
 854 00ea 3B       		.uleb128 0x3b
 855 00eb 0B       		.uleb128 0xb
 856 00ec 49       		.uleb128 0x49
 857 00ed 13       		.uleb128 0x13
 858 00ee 3F       		.uleb128 0x3f
 859 00ef 19       		.uleb128 0x19
 860 00f0 3C       		.uleb128 0x3c
 861 00f1 19       		.uleb128 0x19
 862 00f2 00       		.byte	0
 863 00f3 00       		.byte	0
 864 00f4 13       		.uleb128 0x13
 865 00f5 2E       		.uleb128 0x2e
 866 00f6 01       		.byte	0x1
 867 00f7 3F       		.uleb128 0x3f
 868 00f8 19       		.uleb128 0x19
 869 00f9 03       		.uleb128 0x3
 870 00fa 0E       		.uleb128 0xe
 871 00fb 3A       		.uleb128 0x3a
 872 00fc 0B       		.uleb128 0xb
 873 00fd 3B       		.uleb128 0x3b
 874 00fe 0B       		.uleb128 0xb
 875 00ff 27       		.uleb128 0x27
 876 0100 19       		.uleb128 0x19
 877 0101 3C       		.uleb128 0x3c
 878 0102 19       		.uleb128 0x19
 879 0103 01       		.uleb128 0x1
 880 0104 13       		.uleb128 0x13
 881 0105 00       		.byte	0
 882 0106 00       		.byte	0
 883 0107 14       		.uleb128 0x14
 884 0108 05       		.uleb128 0x5
 885 0109 00       		.byte	0
 886 010a 49       		.uleb128 0x49
 887 010b 13       		.uleb128 0x13
 888 010c 00       		.byte	0
 889 010d 00       		.byte	0
 890 010e 15       		.uleb128 0x15
 891 010f 2E       		.uleb128 0x2e
 892 0110 01       		.byte	0x1
 893 0111 3F       		.uleb128 0x3f
 894 0112 19       		.uleb128 0x19
 895 0113 03       		.uleb128 0x3
 896 0114 0E       		.uleb128 0xe
 897 0115 3A       		.uleb128 0x3a
 898 0116 0B       		.uleb128 0xb
 899 0117 3B       		.uleb128 0x3b
 900 0118 0B       		.uleb128 0xb
 901 0119 27       		.uleb128 0x27
 902 011a 19       		.uleb128 0x19
 903 011b 49       		.uleb128 0x49
 904 011c 13       		.uleb128 0x13
 905 011d 3C       		.uleb128 0x3c
ARM GAS  C:\Users\PROYEC~1\AppData\Local\Temp\cc5t3uib.s 			page 22


 906 011e 19       		.uleb128 0x19
 907 011f 01       		.uleb128 0x1
 908 0120 13       		.uleb128 0x13
 909 0121 00       		.byte	0
 910 0122 00       		.byte	0
 911 0123 16       		.uleb128 0x16
 912 0124 2E       		.uleb128 0x2e
 913 0125 00       		.byte	0
 914 0126 3F       		.uleb128 0x3f
 915 0127 19       		.uleb128 0x19
 916 0128 03       		.uleb128 0x3
 917 0129 0E       		.uleb128 0xe
 918 012a 3A       		.uleb128 0x3a
 919 012b 0B       		.uleb128 0xb
 920 012c 3B       		.uleb128 0x3b
 921 012d 0B       		.uleb128 0xb
 922 012e 27       		.uleb128 0x27
 923 012f 19       		.uleb128 0x19
 924 0130 3C       		.uleb128 0x3c
 925 0131 19       		.uleb128 0x19
 926 0132 00       		.byte	0
 927 0133 00       		.byte	0
 928 0134 17       		.uleb128 0x17
 929 0135 2E       		.uleb128 0x2e
 930 0136 00       		.byte	0
 931 0137 3F       		.uleb128 0x3f
 932 0138 19       		.uleb128 0x19
 933 0139 03       		.uleb128 0x3
 934 013a 0E       		.uleb128 0xe
 935 013b 3A       		.uleb128 0x3a
 936 013c 0B       		.uleb128 0xb
 937 013d 3B       		.uleb128 0x3b
 938 013e 0B       		.uleb128 0xb
 939 013f 27       		.uleb128 0x27
 940 0140 19       		.uleb128 0x19
 941 0141 49       		.uleb128 0x49
 942 0142 13       		.uleb128 0x13
 943 0143 3C       		.uleb128 0x3c
 944 0144 19       		.uleb128 0x19
 945 0145 00       		.byte	0
 946 0146 00       		.byte	0
 947 0147 18       		.uleb128 0x18
 948 0148 2E       		.uleb128 0x2e
 949 0149 01       		.byte	0x1
 950 014a 3F       		.uleb128 0x3f
 951 014b 19       		.uleb128 0x19
 952 014c 03       		.uleb128 0x3
 953 014d 0E       		.uleb128 0xe
 954 014e 3A       		.uleb128 0x3a
 955 014f 0B       		.uleb128 0xb
 956 0150 3B       		.uleb128 0x3b
 957 0151 0B       		.uleb128 0xb
 958 0152 27       		.uleb128 0x27
 959 0153 19       		.uleb128 0x19
 960 0154 3C       		.uleb128 0x3c
 961 0155 19       		.uleb128 0x19
 962 0156 00       		.byte	0
ARM GAS  C:\Users\PROYEC~1\AppData\Local\Temp\cc5t3uib.s 			page 23


 963 0157 00       		.byte	0
 964 0158 00       		.byte	0
 965              		.section	.debug_loc,"",%progbits
 966              	.Ldebug_loc0:
 967              	.LLST0:
 968 0000 06000000 		.4byte	.LVL5
 969 0004 1D000000 		.4byte	.LVL6-1
 970 0008 0100     		.2byte	0x1
 971 000a 50       		.byte	0x50
 972 000b 00000000 		.4byte	0
 973 000f 00000000 		.4byte	0
 974              	.LLST1:
 975 0013 50000000 		.4byte	.LVL10
 976 0017 67000000 		.4byte	.LVL11-1
 977 001b 0100     		.2byte	0x1
 978 001d 50       		.byte	0x50
 979 001e 00000000 		.4byte	0
 980 0022 00000000 		.4byte	0
 981              		.section	.debug_aranges,"",%progbits
 982 0000 34000000 		.4byte	0x34
 983 0004 0200     		.2byte	0x2
 984 0006 00000000 		.4byte	.Ldebug_info0
 985 000a 04       		.byte	0x4
 986 000b 00       		.byte	0
 987 000c 0000     		.2byte	0
 988 000e 0000     		.2byte	0
 989 0010 00000000 		.4byte	.LFB0
 990 0014 58000000 		.4byte	.LFE0-.LFB0
 991 0018 00000000 		.4byte	.LFB1
 992 001c 24000000 		.4byte	.LFE1-.LFB1
 993 0020 00000000 		.4byte	.LFB2
 994 0024 28000000 		.4byte	.LFE2-.LFB2
 995 0028 00000000 		.4byte	.LFB3
 996 002c 9C000000 		.4byte	.LFE3-.LFB3
 997 0030 00000000 		.4byte	0
 998 0034 00000000 		.4byte	0
 999              		.section	.debug_ranges,"",%progbits
 1000              	.Ldebug_ranges0:
 1001 0000 00000000 		.4byte	.LFB0
 1002 0004 58000000 		.4byte	.LFE0
 1003 0008 00000000 		.4byte	.LFB1
 1004 000c 24000000 		.4byte	.LFE1
 1005 0010 00000000 		.4byte	.LFB2
 1006 0014 28000000 		.4byte	.LFE2
 1007 0018 00000000 		.4byte	.LFB3
 1008 001c 9C000000 		.4byte	.LFE3
 1009 0020 00000000 		.4byte	0
 1010 0024 00000000 		.4byte	0
 1011              		.section	.debug_line,"",%progbits
 1012              	.Ldebug_line0:
 1013 0000 DA000000 		.section	.debug_str,"MS",%progbits,1
 1013      02006900 
 1013      00000201 
 1013      FB0E0D00 
 1013      01010101 
 1014              	.LASF16:
 1015 0000 72656733 		.ascii	"reg32\000"
ARM GAS  C:\Users\PROYEC~1\AppData\Local\Temp\cc5t3uib.s 			page 24


 1015      3200
 1016              	.LASF23:
 1017 0006 4932435F 		.ascii	"I2C_1_BACKUP_STRUCT\000"
 1017      315F4241 
 1017      434B5550 
 1017      5F535452 
 1017      55435400 
 1018              	.LASF41:
 1019 001a 4379496E 		.ascii	"CyIntSetVector\000"
 1019      74536574 
 1019      56656374 
 1019      6F7200
 1020              	.LASF30:
 1021 0029 4932435F 		.ascii	"I2C_1_backup\000"
 1021      315F6261 
 1021      636B7570 
 1021      00
 1022              	.LASF3:
 1023 0036 73686F72 		.ascii	"short unsigned int\000"
 1023      7420756E 
 1023      7369676E 
 1023      65642069 
 1023      6E7400
 1024              	.LASF24:
 1025 0049 4932435F 		.ascii	"I2C_1_Init\000"
 1025      315F496E 
 1025      697400
 1026              	.LASF19:
 1027 0054 656E6162 		.ascii	"enableState\000"
 1027      6C655374 
 1027      61746500 
 1028              	.LASF12:
 1029 0060 666C6F61 		.ascii	"float\000"
 1029      7400
 1030              	.LASF7:
 1031 0066 6C6F6E67 		.ascii	"long long unsigned int\000"
 1031      206C6F6E 
 1031      6720756E 
 1031      7369676E 
 1031      65642069 
 1032              	.LASF1:
 1033 007d 756E7369 		.ascii	"unsigned char\000"
 1033      676E6564 
 1033      20636861 
 1033      7200
 1034              	.LASF15:
 1035 008b 72656738 		.ascii	"reg8\000"
 1035      00
 1036              	.LASF5:
 1037 0090 6C6F6E67 		.ascii	"long unsigned int\000"
 1037      20756E73 
 1037      69676E65 
 1037      6420696E 
 1037      7400
 1038              	.LASF9:
 1039 00a2 75696E74 		.ascii	"uint8\000"
 1039      3800
ARM GAS  C:\Users\PROYEC~1\AppData\Local\Temp\cc5t3uib.s 			page 25


 1040              	.LASF28:
 1041 00a8 656E6162 		.ascii	"enableInterrupts\000"
 1041      6C65496E 
 1041      74657272 
 1041      75707473 
 1041      00
 1042              	.LASF29:
 1043 00b9 4932435F 		.ascii	"I2C_1_initVar\000"
 1043      315F696E 
 1043      69745661 
 1043      7200
 1044              	.LASF13:
 1045 00c7 646F7562 		.ascii	"double\000"
 1045      6C6500
 1046              	.LASF27:
 1047 00ce 4932435F 		.ascii	"I2C_1_Stop\000"
 1047      315F5374 
 1047      6F7000
 1048              	.LASF10:
 1049 00d9 75696E74 		.ascii	"uint16\000"
 1049      313600
 1050              	.LASF11:
 1051 00e0 75696E74 		.ascii	"uint32\000"
 1051      333200
 1052              	.LASF31:
 1053 00e7 4932435F 		.ascii	"I2C_1_state\000"
 1053      315F7374 
 1053      61746500 
 1054              	.LASF35:
 1055 00f3 4379456E 		.ascii	"CyEnterCriticalSection\000"
 1055      74657243 
 1055      72697469 
 1055      63616C53 
 1055      65637469 
 1056              	.LASF8:
 1057 010a 756E7369 		.ascii	"unsigned int\000"
 1057      676E6564 
 1057      20696E74 
 1057      00
 1058              	.LASF37:
 1059 0117 43794578 		.ascii	"CyExitCriticalSection\000"
 1059      69744372 
 1059      69746963 
 1059      616C5365 
 1059      6374696F 
 1060              	.LASF36:
 1061 012d 4379496E 		.ascii	"CyIntSetPriority\000"
 1061      74536574 
 1061      5072696F 
 1061      72697479 
 1061      00
 1062              	.LASF21:
 1063 013e 636C6B44 		.ascii	"clkDiv1\000"
 1063      69763100 
 1064              	.LASF22:
 1065 0146 636C6B44 		.ascii	"clkDiv2\000"
 1065      69763200 
ARM GAS  C:\Users\PROYEC~1\AppData\Local\Temp\cc5t3uib.s 			page 26


 1066              	.LASF17:
 1067 014e 63796973 		.ascii	"cyisraddress\000"
 1067      72616464 
 1067      72657373 
 1067      00
 1068              	.LASF18:
 1069 015b 73697A65 		.ascii	"sizetype\000"
 1069      74797065 
 1069      00
 1070              	.LASF38:
 1071 0164 474E5520 		.ascii	"GNU C 4.9.3 20150303 (release) [ARM/embedded-4_9-br"
 1071      4320342E 
 1071      392E3320 
 1071      32303135 
 1071      30333033 
 1072 0197 616E6368 		.ascii	"anch revision 221220] -mcpu=cortex-m3 -mthumb -g -O"
 1072      20726576 
 1072      6973696F 
 1072      6E203232 
 1072      31323230 
 1073 01ca 67202D66 		.ascii	"g -ffunction-sections -ffat-lto-objects\000"
 1073      66756E63 
 1073      74696F6E 
 1073      2D736563 
 1073      74696F6E 
 1074              	.LASF6:
 1075 01f2 6C6F6E67 		.ascii	"long long int\000"
 1075      206C6F6E 
 1075      6720696E 
 1075      7400
 1076              	.LASF39:
 1077 0200 2E5C4765 		.ascii	".\\Generated_Source\\PSoC5\\I2C_1.c\000"
 1077      6E657261 
 1077      7465645F 
 1077      536F7572 
 1077      63655C50 
 1078              	.LASF42:
 1079 0221 43794465 		.ascii	"CyDelayUs\000"
 1079      6C617955 
 1079      7300
 1080              	.LASF14:
 1081 022b 63686172 		.ascii	"char\000"
 1081      00
 1082              	.LASF25:
 1083 0230 4932435F 		.ascii	"I2C_1_Enable\000"
 1083      315F456E 
 1083      61626C65 
 1083      00
 1084              	.LASF20:
 1085 023d 78636667 		.ascii	"xcfg\000"
 1085      00
 1086              	.LASF26:
 1087 0242 4932435F 		.ascii	"I2C_1_Start\000"
 1087      315F5374 
 1087      61727400 
 1088              	.LASF2:
 1089 024e 73686F72 		.ascii	"short int\000"
ARM GAS  C:\Users\PROYEC~1\AppData\Local\Temp\cc5t3uib.s 			page 27


 1089      7420696E 
 1089      7400
 1090              	.LASF34:
 1091 0258 4932435F 		.ascii	"I2C_1_MasterClearStatus\000"
 1091      315F4D61 
 1091      73746572 
 1091      436C6561 
 1091      72537461 
 1092              	.LASF33:
 1093 0270 4932435F 		.ascii	"I2C_1_MasterClearWriteBuf\000"
 1093      315F4D61 
 1093      73746572 
 1093      436C6561 
 1093      72577269 
 1094              	.LASF4:
 1095 028a 6C6F6E67 		.ascii	"long int\000"
 1095      20696E74 
 1095      00
 1096              	.LASF32:
 1097 0293 4932435F 		.ascii	"I2C_1_MasterClearReadBuf\000"
 1097      315F4D61 
 1097      73746572 
 1097      436C6561 
 1097      72526561 
 1098              	.LASF0:
 1099 02ac 7369676E 		.ascii	"signed char\000"
 1099      65642063 
 1099      68617200 
 1100              	.LASF40:
 1101 02b8 433A5C55 		.ascii	"C:\\Users\\Proyectos_Hardware\\Dropbox\\Proyecto GR"
 1101      73657273 
 1101      5C50726F 
 1101      79656374 
 1101      6F735F48 
 1102 02e7 50373030 		.ascii	"P700\\Unificada.cydsn\000"
 1102      5C556E69 
 1102      66696361 
 1102      64612E63 
 1102      7964736E 
 1103              		.ident	"GCC: (GNU Tools for ARM Embedded Processors) 4.9.3 20150303 (release) [ARM/embedded-4_9-br
